#
# There is insufficient memory for the Java Runtime Environment to continue.
# Native memory allocation (malloc) failed to allocate 1080016 bytes for Chunk::new
# Possible reasons:
#   The system is out of physical RAM or swap space
#   The process is running with CompressedOops enabled, and the Java Heap may be blocking the growth of the native heap
# Possible solutions:
#   Reduce memory load on the system
#   Increase physical memory or swap space
#   Check if swap backing store is full
#   Decrease Java heap size (-Xmx/-Xms)
#   Decrease number of Java threads
#   Decrease Java thread stack sizes (-Xss)
#   Set larger code cache with -XX:ReservedCodeCacheSize=
#   JVM is running with Unscaled Compressed Oops mode in which the Java heap is
#     placed in the first 4GB address space. The Java Heap base address is the
#     maximum limit for the native heap growth. Please use -XX:HeapBaseMinAddress
#     to set the Java Heap base and to place the Java Heap above 4GB virtual address.
# This output file may be truncated or incomplete.
#
#  Out of Memory Error (./src/hotspot/share/memory/arena.cpp:197), pid=7600, tid=15352
#
# JRE version: OpenJDK Runtime Environment AdoptOpenJDK (11.0.9.1+1) (build 11.0.9.1+1)
# Java VM: OpenJDK 64-Bit Server VM AdoptOpenJDK (11.0.9.1+1, mixed mode, tiered, compressed oops, g1 gc, windows-amd64)
# No core dump will be written. Minidumps are not enabled by default on client versions of Windows
#

---------------  S U M M A R Y ------------

Command Line: -Dhttps.protocols=TLSv1,TLSv1.1,TLSv1.2 -Dmaven.wagon.http.ssl.insecure=true -Dmaven.wagon.http.ssl.allowall=true -Dmaven.wagon.http.ssl.ignore.validity.dates=true -Dcom.sun.net.ssl.checkRevocation=false -Dtrust_all_cert=true -Dclassworlds.conf=C:\apache-maven-3.6.3\bin\..\bin\m2.conf -Dmaven.home=C:\apache-maven-3.6.3\bin\.. -Dlibrary.jansi.path=C:\apache-maven-3.6.3\bin\..\lib\jansi-native -Dmaven.multiModuleProjectDirectory=C:\Users\h013026\OneDrive - Default Directory\Spring\relatorio-api org.codehaus.plexus.classworlds.launcher.Launcher package

Host: Intel(R) Core(TM) i5-6500 CPU @ 3.20GHz, 4 cores, 7G,  Windows 10 , 64 bit Build 19041 (10.0.19041.662)
Time: Thu Jan  5 14:55:22 2023 E. South America Standard Time elapsed time: 1.808317 seconds (0d 0h 0m 1s)

---------------  T H R E A D  ---------------

Current thread (0x0000027dff7d5000):  JavaThread "C2 CompilerThread0" daemon [_thread_in_native, id=15352, stack(0x000000aebdb00000,0x000000aebdc00000)]


Current CompileTask:
C2:   1808 2750       4       org.codehaus.plexus.util.xml.Xpp3Dom::<init> (125 bytes)

Stack: [0x000000aebdb00000,0x000000aebdc00000]
Native frames: (J=compiled Java code, j=interpreted, Vv=VM code, C=native code)
V  [jvm.dll+0x5f465a]
V  [jvm.dll+0x77c78e]
V  [jvm.dll+0x77de5f]
V  [jvm.dll+0x77e523]
V  [jvm.dll+0x2477c8]
V  [jvm.dll+0xbe2ec]
V  [jvm.dll+0xbe9ec]
V  [jvm.dll+0x34d157]
V  [jvm.dll+0x31ae63]
V  [jvm.dll+0x31a19a]
V  [jvm.dll+0x201085]
V  [jvm.dll+0x20023f]
V  [jvm.dll+0x184fbc]
V  [jvm.dll+0x20f7f7]
V  [jvm.dll+0x20d9db]
V  [jvm.dll+0x741029]
V  [jvm.dll+0x73a0d4]
V  [jvm.dll+0x5f3586]
C  [ucrtbase.dll+0x214c2]
C  [KERNEL32.DLL+0x17034]
C  [ntdll.dll+0x4d0d1]


---------------  P R O C E S S  ---------------

Threads class SMR info:
_java_thread_list=0x0000027d9385be10, length=11, elements={
0x0000027df2d04800, 0x0000027dfef4d000, 0x0000027dff789000, 0x0000027dff7d1800,
0x0000027dff7d4800, 0x0000027dff7d5000, 0x0000027dff7d8000, 0x0000027dff7db000,
0x0000027dff988000, 0x0000027dff96a800, 0x0000027d938c0800
}

Java Threads: ( => current thread )
  0x0000027df2d04800 JavaThread "main" [_thread_in_Java, id=17360, stack(0x000000aebd000000,0x000000aebd100000)]
  0x0000027dfef4d000 JavaThread "Reference Handler" daemon [_thread_blocked, id=4200, stack(0x000000aebd700000,0x000000aebd800000)]
  0x0000027dff789000 JavaThread "Finalizer" daemon [_thread_blocked, id=15800, stack(0x000000aebd800000,0x000000aebd900000)]
  0x0000027dff7d1800 JavaThread "Signal Dispatcher" daemon [_thread_blocked, id=10684, stack(0x000000aebd900000,0x000000aebda00000)]
  0x0000027dff7d4800 JavaThread "Attach Listener" daemon [_thread_blocked, id=13832, stack(0x000000aebda00000,0x000000aebdb00000)]
=>0x0000027dff7d5000 JavaThread "C2 CompilerThread0" daemon [_thread_in_native, id=15352, stack(0x000000aebdb00000,0x000000aebdc00000)]
  0x0000027dff7d8000 JavaThread "C1 CompilerThread0" daemon [_thread_blocked, id=2332, stack(0x000000aebdc00000,0x000000aebdd00000)]
  0x0000027dff7db000 JavaThread "Sweeper thread" daemon [_thread_blocked, id=10984, stack(0x000000aebdd00000,0x000000aebde00000)]
  0x0000027dff988000 JavaThread "Service Thread" daemon [_thread_blocked, id=13788, stack(0x000000aebde00000,0x000000aebdf00000)]
  0x0000027dff96a800 JavaThread "Common-Cleaner" daemon [_thread_blocked, id=14404, stack(0x000000aebe000000,0x000000aebe100000)]
  0x0000027d938c0800 JavaThread "C2 CompilerThread1" daemon [_thread_in_native, id=13616, stack(0x000000aebe300000,0x000000aebe400000)]

Other Threads:
  0x0000027dfef4a800 VMThread "VM Thread" [stack: 0x000000aebd600000,0x000000aebd700000] [id=572]
  0x0000027dff969800 WatcherThread [stack: 0x000000aebdf00000,0x000000aebe000000] [id=17024]
  0x0000027df2d1d000 GCTaskThread "GC Thread#0" [stack: 0x000000aebd100000,0x000000aebd200000] [id=13204]
  0x0000027d938a2000 GCTaskThread "GC Thread#1" [stack: 0x000000aebe100000,0x000000aebe200000] [id=2692]
  0x0000027d938a2800 GCTaskThread "GC Thread#2" [stack: 0x000000aebe200000,0x000000aebe300000] [id=6400]
  0x0000027df2d4c000 ConcurrentGCThread "G1 Main Marker" [stack: 0x000000aebd200000,0x000000aebd300000] [id=2000]
  0x0000027df2d4d800 ConcurrentGCThread "G1 Conc#0" [stack: 0x000000aebd300000,0x000000aebd400000] [id=260]
  0x0000027dfedb2800 ConcurrentGCThread "G1 Refine#0" [stack: 0x000000aebd400000,0x000000aebd500000] [id=13720]
  0x0000027dfedb3800 ConcurrentGCThread "G1 Young RemSet Sampling" [stack: 0x000000aebd500000,0x000000aebd600000] [id=14376]

Threads with active compile tasks:
C2 CompilerThread0   1932 2750       4       org.codehaus.plexus.util.xml.Xpp3Dom::<init> (125 bytes)
C2 CompilerThread1   1932 2974   !   4       org.apache.maven.model.ConfigurationContainer::clone (98 bytes)

VM state:not at safepoint (normal execution)

VM Mutex/Monitor currently owned by a thread: None

Heap address: 0x0000000081e00000, size: 2018 MB, Compressed Oops mode: 32-bit
Narrow klass base: 0x0000000000000000, Narrow klass shift: 3
Compressed class space size: 1073741824 Address: 0x0000000100000000

Heap:
 garbage-first heap   total 157696K, used 19907K [0x0000000081e00000, 0x0000000100000000)
  region size 1024K, 15 young (15360K), 5 survivors (5120K)
 Metaspace       used 20803K, capacity 21177K, committed 21552K, reserved 1069056K
  class space    used 2197K, capacity 2314K, committed 2432K, reserved 1048576K
Heap Regions: E=young(eden), S=young(survivor), O=old, HS=humongous(starts), HC=humongous(continues), CS=collection set, F=free, A=archive, TAMS=top-at-mark-start (previous, next)
|   0|0x0000000081e00000, 0x0000000081f00000, 0x0000000081f00000|100%| O|  |TAMS 0x0000000081f00000, 0x0000000081e00000| Untracked 
|   1|0x0000000081f00000, 0x0000000082000000, 0x0000000082000000|100%| O|  |TAMS 0x0000000082000000, 0x0000000081f00000| Untracked 
|   2|0x0000000082000000, 0x0000000082100000, 0x0000000082100000|100%| O|  |TAMS 0x0000000082100000, 0x0000000082000000| Untracked 
|   3|0x0000000082100000, 0x0000000082200000, 0x0000000082200000|100%| O|  |TAMS 0x0000000082200000, 0x0000000082100000| Untracked 
|   4|0x0000000082200000, 0x0000000082300000, 0x0000000082300000|100%| O|  |TAMS 0x0000000082300000, 0x0000000082200000| Untracked 
|   5|0x0000000082300000, 0x0000000082400000, 0x0000000082400000|100%| O|  |TAMS 0x0000000082400000, 0x0000000082300000| Untracked 
|   6|0x0000000082400000, 0x000000008241c800, 0x0000000082500000| 11%| O|  |TAMS 0x000000008241c800, 0x0000000082400000| Untracked 
|   7|0x0000000082500000, 0x0000000082500000, 0x0000000082600000|  0%| F|  |TAMS 0x0000000082500000, 0x0000000082500000| Untracked 
|   8|0x0000000082600000, 0x0000000082600000, 0x0000000082700000|  0%| F|  |TAMS 0x0000000082600000, 0x0000000082600000| Untracked 
|   9|0x0000000082700000, 0x0000000082700000, 0x0000000082800000|  0%| F|  |TAMS 0x0000000082700000, 0x0000000082700000| Untracked 
|  10|0x0000000082800000, 0x0000000082800000, 0x0000000082900000|  0%| F|  |TAMS 0x0000000082800000, 0x0000000082800000| Untracked 
|  11|0x0000000082900000, 0x0000000082900000, 0x0000000082a00000|  0%| F|  |TAMS 0x0000000082900000, 0x0000000082900000| Untracked 
|  12|0x0000000082a00000, 0x0000000082a00000, 0x0000000082b00000|  0%| F|  |TAMS 0x0000000082a00000, 0x0000000082a00000| Untracked 
|  13|0x0000000082b00000, 0x0000000082b00000, 0x0000000082c00000|  0%| F|  |TAMS 0x0000000082b00000, 0x0000000082b00000| Untracked 
|  14|0x0000000082c00000, 0x0000000082c00000, 0x0000000082d00000|  0%| F|  |TAMS 0x0000000082c00000, 0x0000000082c00000| Untracked 
|  15|0x0000000082d00000, 0x0000000082d00000, 0x0000000082e00000|  0%| F|  |TAMS 0x0000000082d00000, 0x0000000082d00000| Untracked 
|  16|0x0000000082e00000, 0x0000000082e00000, 0x0000000082f00000|  0%| F|  |TAMS 0x0000000082e00000, 0x0000000082e00000| Untracked 
|  17|0x0000000082f00000, 0x0000000082f00000, 0x0000000083000000|  0%| F|  |TAMS 0x0000000082f00000, 0x0000000082f00000| Untracked 
|  18|0x0000000083000000, 0x0000000083000000, 0x0000000083100000|  0%| F|  |TAMS 0x0000000083000000, 0x0000000083000000| Untracked 
|  19|0x0000000083100000, 0x0000000083100000, 0x0000000083200000|  0%| F|  |TAMS 0x0000000083100000, 0x0000000083100000| Untracked 
|  20|0x0000000083200000, 0x0000000083200000, 0x0000000083300000|  0%| F|  |TAMS 0x0000000083200000, 0x0000000083200000| Untracked 
|  21|0x0000000083300000, 0x0000000083300000, 0x0000000083400000|  0%| F|  |TAMS 0x0000000083300000, 0x0000000083300000| Untracked 
|  22|0x0000000083400000, 0x0000000083400000, 0x0000000083500000|  0%| F|  |TAMS 0x0000000083400000, 0x0000000083400000| Untracked 
|  23|0x0000000083500000, 0x0000000083500000, 0x0000000083600000|  0%| F|  |TAMS 0x0000000083500000, 0x0000000083500000| Untracked 
|  24|0x0000000083600000, 0x0000000083600000, 0x0000000083700000|  0%| F|  |TAMS 0x0000000083600000, 0x0000000083600000| Untracked 
|  25|0x0000000083700000, 0x0000000083700000, 0x0000000083800000|  0%| F|  |TAMS 0x0000000083700000, 0x0000000083700000| Untracked 
|  26|0x0000000083800000, 0x0000000083800000, 0x0000000083900000|  0%| F|  |TAMS 0x0000000083800000, 0x0000000083800000| Untracked 
|  27|0x0000000083900000, 0x0000000083900000, 0x0000000083a00000|  0%| F|  |TAMS 0x0000000083900000, 0x0000000083900000| Untracked 
|  28|0x0000000083a00000, 0x0000000083a00000, 0x0000000083b00000|  0%| F|  |TAMS 0x0000000083a00000, 0x0000000083a00000| Untracked 
|  29|0x0000000083b00000, 0x0000000083b00000, 0x0000000083c00000|  0%| F|  |TAMS 0x0000000083b00000, 0x0000000083b00000| Untracked 
|  30|0x0000000083c00000, 0x0000000083c00000, 0x0000000083d00000|  0%| F|  |TAMS 0x0000000083c00000, 0x0000000083c00000| Untracked 
|  31|0x0000000083d00000, 0x0000000083d00000, 0x0000000083e00000|  0%| F|  |TAMS 0x0000000083d00000, 0x0000000083d00000| Untracked 
|  32|0x0000000083e00000, 0x0000000083e00000, 0x0000000083f00000|  0%| F|  |TAMS 0x0000000083e00000, 0x0000000083e00000| Untracked 
|  33|0x0000000083f00000, 0x0000000083f00000, 0x0000000084000000|  0%| F|  |TAMS 0x0000000083f00000, 0x0000000083f00000| Untracked 
|  34|0x0000000084000000, 0x0000000084000000, 0x0000000084100000|  0%| F|  |TAMS 0x0000000084000000, 0x0000000084000000| Untracked 
|  35|0x0000000084100000, 0x0000000084100000, 0x0000000084200000|  0%| F|  |TAMS 0x0000000084100000, 0x0000000084100000| Untracked 
|  36|0x0000000084200000, 0x0000000084200000, 0x0000000084300000|  0%| F|  |TAMS 0x0000000084200000, 0x0000000084200000| Untracked 
|  37|0x0000000084300000, 0x0000000084300000, 0x0000000084400000|  0%| F|  |TAMS 0x0000000084300000, 0x0000000084300000| Untracked 
|  38|0x0000000084400000, 0x0000000084400000, 0x0000000084500000|  0%| F|  |TAMS 0x0000000084400000, 0x0000000084400000| Untracked 
|  39|0x0000000084500000, 0x0000000084500000, 0x0000000084600000|  0%| F|  |TAMS 0x0000000084500000, 0x0000000084500000| Untracked 
|  40|0x0000000084600000, 0x0000000084600000, 0x0000000084700000|  0%| F|  |TAMS 0x0000000084600000, 0x0000000084600000| Untracked 
|  41|0x0000000084700000, 0x0000000084700000, 0x0000000084800000|  0%| F|  |TAMS 0x0000000084700000, 0x0000000084700000| Untracked 
|  42|0x0000000084800000, 0x0000000084800000, 0x0000000084900000|  0%| F|  |TAMS 0x0000000084800000, 0x0000000084800000| Untracked 
|  43|0x0000000084900000, 0x0000000084900000, 0x0000000084a00000|  0%| F|  |TAMS 0x0000000084900000, 0x0000000084900000| Untracked 
|  44|0x0000000084a00000, 0x0000000084a00000, 0x0000000084b00000|  0%| F|  |TAMS 0x0000000084a00000, 0x0000000084a00000| Untracked 
|  45|0x0000000084b00000, 0x0000000084b00000, 0x0000000084c00000|  0%| F|  |TAMS 0x0000000084b00000, 0x0000000084b00000| Untracked 
|  46|0x0000000084c00000, 0x0000000084c00000, 0x0000000084d00000|  0%| F|  |TAMS 0x0000000084c00000, 0x0000000084c00000| Untracked 
|  47|0x0000000084d00000, 0x0000000084d00000, 0x0000000084e00000|  0%| F|  |TAMS 0x0000000084d00000, 0x0000000084d00000| Untracked 
|  48|0x0000000084e00000, 0x0000000084e00000, 0x0000000084f00000|  0%| F|  |TAMS 0x0000000084e00000, 0x0000000084e00000| Untracked 
|  49|0x0000000084f00000, 0x0000000084f00000, 0x0000000085000000|  0%| F|  |TAMS 0x0000000084f00000, 0x0000000084f00000| Untracked 
|  50|0x0000000085000000, 0x0000000085000000, 0x0000000085100000|  0%| F|  |TAMS 0x0000000085000000, 0x0000000085000000| Untracked 
|  51|0x0000000085100000, 0x0000000085100000, 0x0000000085200000|  0%| F|  |TAMS 0x0000000085100000, 0x0000000085100000| Untracked 
|  52|0x0000000085200000, 0x0000000085200000, 0x0000000085300000|  0%| F|  |TAMS 0x0000000085200000, 0x0000000085200000| Untracked 
|  53|0x0000000085300000, 0x0000000085300000, 0x0000000085400000|  0%| F|  |TAMS 0x0000000085300000, 0x0000000085300000| Untracked 
|  54|0x0000000085400000, 0x0000000085400000, 0x0000000085500000|  0%| F|  |TAMS 0x0000000085400000, 0x0000000085400000| Untracked 
|  55|0x0000000085500000, 0x0000000085500000, 0x0000000085600000|  0%| F|  |TAMS 0x0000000085500000, 0x0000000085500000| Untracked 
|  56|0x0000000085600000, 0x0000000085600000, 0x0000000085700000|  0%| F|  |TAMS 0x0000000085600000, 0x0000000085600000| Untracked 
|  57|0x0000000085700000, 0x0000000085700000, 0x0000000085800000|  0%| F|  |TAMS 0x0000000085700000, 0x0000000085700000| Untracked 
|  58|0x0000000085800000, 0x0000000085800000, 0x0000000085900000|  0%| F|  |TAMS 0x0000000085800000, 0x0000000085800000| Untracked 
|  59|0x0000000085900000, 0x0000000085900000, 0x0000000085a00000|  0%| F|  |TAMS 0x0000000085900000, 0x0000000085900000| Untracked 
|  60|0x0000000085a00000, 0x0000000085a00000, 0x0000000085b00000|  0%| F|  |TAMS 0x0000000085a00000, 0x0000000085a00000| Untracked 
|  61|0x0000000085b00000, 0x0000000085b00000, 0x0000000085c00000|  0%| F|  |TAMS 0x0000000085b00000, 0x0000000085b00000| Untracked 
|  62|0x0000000085c00000, 0x0000000085c00000, 0x0000000085d00000|  0%| F|  |TAMS 0x0000000085c00000, 0x0000000085c00000| Untracked 
|  63|0x0000000085d00000, 0x0000000085d00000, 0x0000000085e00000|  0%| F|  |TAMS 0x0000000085d00000, 0x0000000085d00000| Untracked 
|  64|0x0000000085e00000, 0x0000000085e00000, 0x0000000085f00000|  0%| F|  |TAMS 0x0000000085e00000, 0x0000000085e00000| Untracked 
|  65|0x0000000085f00000, 0x0000000085f00000, 0x0000000086000000|  0%| F|  |TAMS 0x0000000085f00000, 0x0000000085f00000| Untracked 
|  66|0x0000000086000000, 0x0000000086000000, 0x0000000086100000|  0%| F|  |TAMS 0x0000000086000000, 0x0000000086000000| Untracked 
|  67|0x0000000086100000, 0x0000000086100000, 0x0000000086200000|  0%| F|  |TAMS 0x0000000086100000, 0x0000000086100000| Untracked 
|  68|0x0000000086200000, 0x0000000086200000, 0x0000000086300000|  0%| F|  |TAMS 0x0000000086200000, 0x0000000086200000| Untracked 
|  69|0x0000000086300000, 0x0000000086300000, 0x0000000086400000|  0%| F|  |TAMS 0x0000000086300000, 0x0000000086300000| Untracked 
|  70|0x0000000086400000, 0x0000000086400000, 0x0000000086500000|  0%| F|  |TAMS 0x0000000086400000, 0x0000000086400000| Untracked 
|  71|0x0000000086500000, 0x0000000086500000, 0x0000000086600000|  0%| F|  |TAMS 0x0000000086500000, 0x0000000086500000| Untracked 
|  72|0x0000000086600000, 0x0000000086600000, 0x0000000086700000|  0%| F|  |TAMS 0x0000000086600000, 0x0000000086600000| Untracked 
|  73|0x0000000086700000, 0x0000000086700000, 0x0000000086800000|  0%| F|  |TAMS 0x0000000086700000, 0x0000000086700000| Untracked 
|  74|0x0000000086800000, 0x0000000086800000, 0x0000000086900000|  0%| F|  |TAMS 0x0000000086800000, 0x0000000086800000| Untracked 
|  75|0x0000000086900000, 0x0000000086900000, 0x0000000086a00000|  0%| F|  |TAMS 0x0000000086900000, 0x0000000086900000| Untracked 
|  76|0x0000000086a00000, 0x0000000086a00000, 0x0000000086b00000|  0%| F|  |TAMS 0x0000000086a00000, 0x0000000086a00000| Untracked 
|  77|0x0000000086b00000, 0x0000000086b00000, 0x0000000086c00000|  0%| F|  |TAMS 0x0000000086b00000, 0x0000000086b00000| Untracked 
|  78|0x0000000086c00000, 0x0000000086c00000, 0x0000000086d00000|  0%| F|  |TAMS 0x0000000086c00000, 0x0000000086c00000| Untracked 
|  79|0x0000000086d00000, 0x0000000086d00000, 0x0000000086e00000|  0%| F|  |TAMS 0x0000000086d00000, 0x0000000086d00000| Untracked 
|  80|0x0000000086e00000, 0x0000000086e00000, 0x0000000086f00000|  0%| F|  |TAMS 0x0000000086e00000, 0x0000000086e00000| Untracked 
|  81|0x0000000086f00000, 0x0000000086f00000, 0x0000000087000000|  0%| F|  |TAMS 0x0000000086f00000, 0x0000000086f00000| Untracked 
|  82|0x0000000087000000, 0x0000000087000000, 0x0000000087100000|  0%| F|  |TAMS 0x0000000087000000, 0x0000000087000000| Untracked 
|  83|0x0000000087100000, 0x0000000087100000, 0x0000000087200000|  0%| F|  |TAMS 0x0000000087100000, 0x0000000087100000| Untracked 
|  84|0x0000000087200000, 0x0000000087200000, 0x0000000087300000|  0%| F|  |TAMS 0x0000000087200000, 0x0000000087200000| Untracked 
|  85|0x0000000087300000, 0x0000000087300000, 0x0000000087400000|  0%| F|  |TAMS 0x0000000087300000, 0x0000000087300000| Untracked 
|  86|0x0000000087400000, 0x0000000087400000, 0x0000000087500000|  0%| F|  |TAMS 0x0000000087400000, 0x0000000087400000| Untracked 
|  87|0x0000000087500000, 0x0000000087500000, 0x0000000087600000|  0%| F|  |TAMS 0x0000000087500000, 0x0000000087500000| Untracked 
|  88|0x0000000087600000, 0x0000000087600000, 0x0000000087700000|  0%| F|  |TAMS 0x0000000087600000, 0x0000000087600000| Untracked 
|  89|0x0000000087700000, 0x0000000087700000, 0x0000000087800000|  0%| F|  |TAMS 0x0000000087700000, 0x0000000087700000| Untracked 
|  90|0x0000000087800000, 0x0000000087800000, 0x0000000087900000|  0%| F|  |TAMS 0x0000000087800000, 0x0000000087800000| Untracked 
|  91|0x0000000087900000, 0x0000000087900000, 0x0000000087a00000|  0%| F|  |TAMS 0x0000000087900000, 0x0000000087900000| Untracked 
|  92|0x0000000087a00000, 0x0000000087a00000, 0x0000000087b00000|  0%| F|  |TAMS 0x0000000087a00000, 0x0000000087a00000| Untracked 
|  93|0x0000000087b00000, 0x0000000087b00000, 0x0000000087c00000|  0%| F|  |TAMS 0x0000000087b00000, 0x0000000087b00000| Untracked 
|  94|0x0000000087c00000, 0x0000000087c00000, 0x0000000087d00000|  0%| F|  |TAMS 0x0000000087c00000, 0x0000000087c00000| Untracked 
|  95|0x0000000087d00000, 0x0000000087d00000, 0x0000000087e00000|  0%| F|  |TAMS 0x0000000087d00000, 0x0000000087d00000| Untracked 
|  96|0x0000000087e00000, 0x0000000087e00000, 0x0000000087f00000|  0%| F|  |TAMS 0x0000000087e00000, 0x0000000087e00000| Untracked 
|  97|0x0000000087f00000, 0x0000000087f00000, 0x0000000088000000|  0%| F|  |TAMS 0x0000000087f00000, 0x0000000087f00000| Untracked 
|  98|0x0000000088000000, 0x0000000088000000, 0x0000000088100000|  0%| F|  |TAMS 0x0000000088000000, 0x0000000088000000| Untracked 
|  99|0x0000000088100000, 0x0000000088100000, 0x0000000088200000|  0%| F|  |TAMS 0x0000000088100000, 0x0000000088100000| Untracked 
| 100|0x0000000088200000, 0x0000000088200000, 0x0000000088300000|  0%| F|  |TAMS 0x0000000088200000, 0x0000000088200000| Untracked 
| 101|0x0000000088300000, 0x0000000088300000, 0x0000000088400000|  0%| F|  |TAMS 0x0000000088300000, 0x0000000088300000| Untracked 
| 102|0x0000000088400000, 0x0000000088400000, 0x0000000088500000|  0%| F|  |TAMS 0x0000000088400000, 0x0000000088400000| Untracked 
| 103|0x0000000088500000, 0x0000000088500000, 0x0000000088600000|  0%| F|  |TAMS 0x0000000088500000, 0x0000000088500000| Untracked 
| 104|0x0000000088600000, 0x0000000088600000, 0x0000000088700000|  0%| F|  |TAMS 0x0000000088600000, 0x0000000088600000| Untracked 
| 105|0x0000000088700000, 0x0000000088700000, 0x0000000088800000|  0%| F|  |TAMS 0x0000000088700000, 0x0000000088700000| Untracked 
| 106|0x0000000088800000, 0x0000000088800000, 0x0000000088900000|  0%| F|  |TAMS 0x0000000088800000, 0x0000000088800000| Untracked 
| 107|0x0000000088900000, 0x0000000088900000, 0x0000000088a00000|  0%| F|  |TAMS 0x0000000088900000, 0x0000000088900000| Untracked 
| 108|0x0000000088a00000, 0x0000000088a00000, 0x0000000088b00000|  0%| F|  |TAMS 0x0000000088a00000, 0x0000000088a00000| Untracked 
| 109|0x0000000088b00000, 0x0000000088b00000, 0x0000000088c00000|  0%| F|  |TAMS 0x0000000088b00000, 0x0000000088b00000| Untracked 
| 110|0x0000000088c00000, 0x0000000088c00000, 0x0000000088d00000|  0%| F|  |TAMS 0x0000000088c00000, 0x0000000088c00000| Untracked 
| 111|0x0000000088d00000, 0x0000000088d00000, 0x0000000088e00000|  0%| F|  |TAMS 0x0000000088d00000, 0x0000000088d00000| Untracked 
| 112|0x0000000088e00000, 0x0000000088e00000, 0x0000000088f00000|  0%| F|  |TAMS 0x0000000088e00000, 0x0000000088e00000| Untracked 
| 113|0x0000000088f00000, 0x0000000088f00000, 0x0000000089000000|  0%| F|  |TAMS 0x0000000088f00000, 0x0000000088f00000| Untracked 
| 114|0x0000000089000000, 0x0000000089000000, 0x0000000089100000|  0%| F|  |TAMS 0x0000000089000000, 0x0000000089000000| Untracked 
| 115|0x0000000089100000, 0x0000000089100000, 0x0000000089200000|  0%| F|  |TAMS 0x0000000089100000, 0x0000000089100000| Untracked 
| 116|0x0000000089200000, 0x0000000089200000, 0x0000000089300000|  0%| F|  |TAMS 0x0000000089200000, 0x0000000089200000| Untracked 
| 117|0x0000000089300000, 0x0000000089300000, 0x0000000089400000|  0%| F|  |TAMS 0x0000000089300000, 0x0000000089300000| Untracked 
| 118|0x0000000089400000, 0x0000000089400000, 0x0000000089500000|  0%| F|  |TAMS 0x0000000089400000, 0x0000000089400000| Untracked 
| 119|0x0000000089500000, 0x0000000089500000, 0x0000000089600000|  0%| F|  |TAMS 0x0000000089500000, 0x0000000089500000| Untracked 
| 120|0x0000000089600000, 0x0000000089600000, 0x0000000089700000|  0%| F|  |TAMS 0x0000000089600000, 0x0000000089600000| Untracked 
| 121|0x0000000089700000, 0x0000000089700000, 0x0000000089800000|  0%| F|  |TAMS 0x0000000089700000, 0x0000000089700000| Untracked 
| 122|0x0000000089800000, 0x0000000089854478, 0x0000000089900000| 32%| S|CS|TAMS 0x0000000089800000, 0x0000000089800000| Complete 
| 123|0x0000000089900000, 0x0000000089a00000, 0x0000000089a00000|100%| S|CS|TAMS 0x0000000089900000, 0x0000000089900000| Complete 
| 124|0x0000000089a00000, 0x0000000089b00000, 0x0000000089b00000|100%| S|CS|TAMS 0x0000000089a00000, 0x0000000089a00000| Complete 
| 125|0x0000000089b00000, 0x0000000089c00000, 0x0000000089c00000|100%| S|CS|TAMS 0x0000000089b00000, 0x0000000089b00000| Complete 
| 126|0x0000000089c00000, 0x0000000089d00000, 0x0000000089d00000|100%| S|CS|TAMS 0x0000000089c00000, 0x0000000089c00000| Complete 
| 127|0x0000000089d00000, 0x0000000089d00000, 0x0000000089e00000|  0%| F|  |TAMS 0x0000000089d00000, 0x0000000089d00000| Untracked 
| 128|0x0000000089e00000, 0x0000000089e00000, 0x0000000089f00000|  0%| F|  |TAMS 0x0000000089e00000, 0x0000000089e00000| Untracked 
| 129|0x0000000089f00000, 0x0000000089f00000, 0x000000008a000000|  0%| F|  |TAMS 0x0000000089f00000, 0x0000000089f00000| Untracked 
| 130|0x000000008a000000, 0x000000008a000000, 0x000000008a100000|  0%| F|  |TAMS 0x000000008a000000, 0x000000008a000000| Untracked 
| 131|0x000000008a100000, 0x000000008a100000, 0x000000008a200000|  0%| F|  |TAMS 0x000000008a100000, 0x000000008a100000| Untracked 
| 132|0x000000008a200000, 0x000000008a200000, 0x000000008a300000|  0%| F|  |TAMS 0x000000008a200000, 0x000000008a200000| Untracked 
| 133|0x000000008a300000, 0x000000008a300000, 0x000000008a400000|  0%| F|  |TAMS 0x000000008a300000, 0x000000008a300000| Untracked 
| 134|0x000000008a400000, 0x000000008a400000, 0x000000008a500000|  0%| F|  |TAMS 0x000000008a400000, 0x000000008a400000| Untracked 
| 135|0x000000008a500000, 0x000000008a500000, 0x000000008a600000|  0%| F|  |TAMS 0x000000008a500000, 0x000000008a500000| Untracked 
| 136|0x000000008a600000, 0x000000008a600000, 0x000000008a700000|  0%| F|  |TAMS 0x000000008a600000, 0x000000008a600000| Untracked 
| 137|0x000000008a700000, 0x000000008a700000, 0x000000008a800000|  0%| F|  |TAMS 0x000000008a700000, 0x000000008a700000| Untracked 
| 138|0x000000008a800000, 0x000000008a800000, 0x000000008a900000|  0%| F|  |TAMS 0x000000008a800000, 0x000000008a800000| Untracked 
| 139|0x000000008a900000, 0x000000008a900000, 0x000000008aa00000|  0%| F|  |TAMS 0x000000008a900000, 0x000000008a900000| Untracked 
| 140|0x000000008aa00000, 0x000000008aa00000, 0x000000008ab00000|  0%| F|  |TAMS 0x000000008aa00000, 0x000000008aa00000| Untracked 
| 141|0x000000008ab00000, 0x000000008ab00000, 0x000000008ac00000|  0%| F|  |TAMS 0x000000008ab00000, 0x000000008ab00000| Untracked 
| 142|0x000000008ac00000, 0x000000008ac00000, 0x000000008ad00000|  0%| F|  |TAMS 0x000000008ac00000, 0x000000008ac00000| Untracked 
| 143|0x000000008ad00000, 0x000000008ad00000, 0x000000008ae00000|  0%| F|  |TAMS 0x000000008ad00000, 0x000000008ad00000| Untracked 
| 144|0x000000008ae00000, 0x000000008ae80810, 0x000000008af00000| 50%| E|  |TAMS 0x000000008ae00000, 0x000000008ae00000| Complete 
| 145|0x000000008af00000, 0x000000008b000000, 0x000000008b000000|100%| E|CS|TAMS 0x000000008af00000, 0x000000008af00000| Complete 
| 146|0x000000008b000000, 0x000000008b100000, 0x000000008b100000|100%| E|CS|TAMS 0x000000008b000000, 0x000000008b000000| Complete 
| 147|0x000000008b100000, 0x000000008b200000, 0x000000008b200000|100%| E|CS|TAMS 0x000000008b100000, 0x000000008b100000| Complete 
| 148|0x000000008b200000, 0x000000008b300000, 0x000000008b300000|100%| E|CS|TAMS 0x000000008b200000, 0x000000008b200000| Complete 
| 149|0x000000008b300000, 0x000000008b400000, 0x000000008b400000|100%| E|CS|TAMS 0x000000008b300000, 0x000000008b300000| Complete 
| 150|0x000000008b400000, 0x000000008b500000, 0x000000008b500000|100%| E|CS|TAMS 0x000000008b400000, 0x000000008b400000| Complete 
| 151|0x000000008b500000, 0x000000008b600000, 0x000000008b600000|100%| E|CS|TAMS 0x000000008b500000, 0x000000008b500000| Complete 
| 152|0x000000008b600000, 0x000000008b700000, 0x000000008b700000|100%| E|CS|TAMS 0x000000008b600000, 0x000000008b600000| Complete 
| 153|0x000000008b700000, 0x000000008b800000, 0x000000008b800000|100%| E|CS|TAMS 0x000000008b700000, 0x000000008b700000| Complete 

Card table byte_map: [0x0000027dfc160000,0x0000027dfc560000] _byte_map_base: 0x0000027dfbd51000

Marking Bits (Prev, Next): (CMBitMap*) 0x0000027df2d43740, (CMBitMap*) 0x0000027df2d43708
 Prev Bits: [0x0000027d8f000000, 0x0000027d90f88000)
 Next Bits: [0x0000027dfc960000, 0x0000027dfe8e8000)

Polling page: 0x0000027df2db0000

Metaspace:

Usage:
  Non-class:     18.42 MB capacity,    18.17 MB ( 99%) used,   229.20 KB (  1%) free+waste,    23.56 KB ( <1%) overhead. 
      Class:      2.26 MB capacity,     2.15 MB ( 95%) used,   107.58 KB (  5%) free+waste,     9.19 KB ( <1%) overhead. 
       Both:     20.68 MB capacity,    20.32 MB ( 98%) used,   336.77 KB (  2%) free+waste,    32.75 KB ( <1%) overhead. 

Virtual space:
  Non-class space:       20.00 MB reserved,      18.67 MB ( 93%) committed 
      Class space:        1.00 GB reserved,       2.38 MB ( <1%) committed 
             Both:        1.02 GB reserved,      21.05 MB (  2%) committed 

Chunk freelists:
   Non-Class:  17.00 KB
       Class:  22.00 KB
        Both:  39.00 KB

MaxMetaspaceSize: 17179869184.00 GB
CompressedClassSpaceSize: 1.00 GB

CodeHeap 'non-profiled nmethods': size=120064Kb used=1338Kb max_used=1338Kb free=118725Kb
 bounds [0x0000027d87ac0000, 0x0000027d87d30000, 0x0000027d8f000000]
CodeHeap 'profiled nmethods': size=120000Kb used=6108Kb max_used=6108Kb free=113891Kb
 bounds [0x0000027d80590000, 0x0000027d80b90000, 0x0000027d87ac0000]
CodeHeap 'non-nmethods': size=5696Kb used=1108Kb max_used=1143Kb free=4587Kb
 bounds [0x0000027d80000000, 0x0000027d80270000, 0x0000027d80590000]
 total_blobs=3408 nmethods=2983 adapters=336
 compilation: enabled
              stopped_count=0, restarted_count=0
 full_count=0

Compilation events (20 events):
Event: 1.776 Thread 0x0000027dff7d8000 2796       3       java.lang.Runtime::getRuntime (4 bytes)
Event: 1.776 Thread 0x0000027dff7d8000 nmethod 2796 0x0000027d80b24990 code [0x0000027d80b24b40, 0x0000027d80b24c38]
Event: 1.777 Thread 0x0000027dff7d8000 2797       1       org.apache.maven.model.Model::getPomFile (5 bytes)
Event: 1.777 Thread 0x0000027dff7d8000 nmethod 2797 0x0000027d87bf4010 code [0x0000027d87bf41c0, 0x0000027d87bf4278]
Event: 1.777 Thread 0x0000027dff7d8000 2798       3       org.apache.maven.model.building.ModelData::getGroupId (17 bytes)
Event: 1.777 Thread 0x0000027dff7d8000 nmethod 2798 0x0000027d80b24c90 code [0x0000027d80b24e40, 0x0000027d80b24fb8]
Event: 1.777 Thread 0x0000027dff7d8000 2799       3       org.eclipse.sisu.wire.EntryListAdapter::iterator (12 bytes)
Event: 1.777 Thread 0x0000027dff7d8000 nmethod 2799 0x0000027d80b25090 code [0x0000027d80b25260, 0x0000027d80b255a8]
Event: 1.778 Thread 0x0000027dff7d8000 2800       1       org.apache.maven.model.ModelBase::setProperties (6 bytes)
Event: 1.778 Thread 0x0000027dff7d8000 nmethod 2800 0x0000027d87bf4310 code [0x0000027d87bf44c0, 0x0000027d87bf45b8]
Event: 1.778 Thread 0x0000027dff7d8000 2801       1       org.apache.maven.model.DistributionManagement::getSite (5 bytes)
Event: 1.778 Thread 0x0000027dff7d8000 nmethod 2801 0x0000027d87bf4610 code [0x0000027d87bf47c0, 0x0000027d87bf4878]
Event: 1.778 Thread 0x0000027dff7d8000 2802       3       org.apache.maven.model.ReportPlugin::<init> (16 bytes)
Event: 1.778 Thread 0x0000027dff7d8000 nmethod 2802 0x0000027d80b25710 code [0x0000027d80b258e0, 0x0000027d80b25b38]
Event: 1.779 Thread 0x0000027dff7d8000 2803       1       org.apache.maven.model.BuildBase::setTestResources (6 bytes)
Event: 1.779 Thread 0x0000027dff7d8000 nmethod 2803 0x0000027d87bf4910 code [0x0000027d87bf4ac0, 0x0000027d87bf4bb8]
Event: 1.779 Thread 0x0000027dff7d8000 2804       1       org.apache.maven.model.Build::setExtensions (6 bytes)
Event: 1.779 Thread 0x0000027dff7d8000 nmethod 2804 0x0000027d87bf4c10 code [0x0000027d87bf4dc0, 0x0000027d87bf4eb8]
Event: 1.780 Thread 0x0000027dff7d8000 2805       1       org.apache.maven.model.Parent::getRelativePath (5 bytes)
Event: 1.780 Thread 0x0000027dff7d8000 nmethod 2805 0x0000027d87bf4f10 code [0x0000027d87bf50c0, 0x0000027d87bf5178]

GC Heap History (10 events):
Event: 0.430 GC heap before
{Heap before GC invocations=0 (full 0):
 garbage-first heap   total 131072K, used 13312K [0x0000000081e00000, 0x0000000100000000)
  region size 1024K, 14 young (14336K), 0 survivors (0K)
 Metaspace       used 11057K, capacity 11241K, committed 11392K, reserved 1058816K
  class space    used 1065K, capacity 1152K, committed 1152K, reserved 1048576K
}
Event: 0.434 GC heap after
{Heap after GC invocations=1 (full 0):
 garbage-first heap   total 131072K, used 3056K [0x0000000081e00000, 0x0000000100000000)
  region size 1024K, 2 young (2048K), 2 survivors (2048K)
 Metaspace       used 11057K, capacity 11241K, committed 11392K, reserved 1058816K
  class space    used 1065K, capacity 1152K, committed 1152K, reserved 1048576K
}
Event: 0.664 GC heap before
{Heap before GC invocations=1 (full 0):
 garbage-first heap   total 131072K, used 20464K [0x0000000081e00000, 0x0000000100000000)
  region size 1024K, 19 young (19456K), 2 survivors (2048K)
 Metaspace       used 13308K, capacity 13477K, committed 13568K, reserved 1060864K
  class space    used 1363K, capacity 1447K, committed 1536K, reserved 1048576K
}
Event: 0.667 GC heap after
{Heap after GC invocations=2 (full 0):
 garbage-first heap   total 131072K, used 3872K [0x0000000081e00000, 0x0000000100000000)
  region size 1024K, 1 young (1024K), 1 survivors (1024K)
 Metaspace       used 13308K, capacity 13477K, committed 13568K, reserved 1060864K
  class space    used 1363K, capacity 1447K, committed 1536K, reserved 1048576K
}
Event: 1.066 GC heap before
{Heap before GC invocations=2 (full 0):
 garbage-first heap   total 131072K, used 30496K [0x0000000081e00000, 0x0000000100000000)
  region size 1024K, 27 young (27648K), 1 survivors (1024K)
 Metaspace       used 17569K, capacity 17746K, committed 17920K, reserved 1064960K
  class space    used 1927K, capacity 2035K, committed 2048K, reserved 1048576K
}
Event: 1.069 GC heap after
{Heap after GC invocations=3 (full 0):
 garbage-first heap   total 131072K, used 5293K [0x0000000081e00000, 0x0000000100000000)
  region size 1024K, 3 young (3072K), 3 survivors (3072K)
 Metaspace       used 17569K, capacity 17746K, committed 17920K, reserved 1064960K
  class space    used 1927K, capacity 2035K, committed 2048K, reserved 1048576K
}
Event: 1.743 GC heap before
{Heap before GC invocations=3 (full 0):
 garbage-first heap   total 131072K, used 47277K [0x0000000081e00000, 0x0000000100000000)
  region size 1024K, 44 young (45056K), 3 survivors (3072K)
 Metaspace       used 20740K, capacity 21108K, committed 21296K, reserved 1069056K
  class space    used 2195K, capacity 2313K, committed 2432K, reserved 1048576K
}
Event: 1.752 GC heap after
{Heap after GC invocations=4 (full 0):
 garbage-first heap   total 131072K, used 10261K [0x0000000081e00000, 0x0000000100000000)
  region size 1024K, 6 young (6144K), 6 survivors (6144K)
 Metaspace       used 20740K, capacity 21108K, committed 21296K, reserved 1069056K
  class space    used 2195K, capacity 2313K, committed 2432K, reserved 1048576K
}
Event: 1.754 GC heap before
{Heap before GC invocations=4 (full 0):
 garbage-first heap   total 131072K, used 10261K [0x0000000081e00000, 0x0000000100000000)
  region size 1024K, 7 young (7168K), 6 survivors (6144K)
 Metaspace       used 20740K, capacity 21108K, committed 21296K, reserved 1069056K
  class space    used 2195K, capacity 2313K, committed 2432K, reserved 1048576K
}
Event: 1.767 GC heap after
{Heap after GC invocations=5 (full 0):
 garbage-first heap   total 157696K, used 10691K [0x0000000081e00000, 0x0000000100000000)
  region size 1024K, 5 young (5120K), 5 survivors (5120K)
 Metaspace       used 20740K, capacity 21108K, committed 21296K, reserved 1069056K
  class space    used 2195K, capacity 2313K, committed 2432K, reserved 1048576K
}

Deoptimization events (20 events):
Event: 1.683 Thread 0x0000027df2d04800 Uncommon trap: trap_request=0xffffffbe fr.pc=0x0000027d87be4630 relative=0x0000000000000d90
Event: 1.683 Thread 0x0000027df2d04800 Uncommon trap: reason=profile_predicate action=maybe_recompile pc=0x0000027d87be4630 method=java.util.regex.Pattern$CharPropertyGreedy.match(Ljava/util/regex/Matcher;ILjava/lang/CharSequence;)Z @ 12 c2
Event: 1.683 Thread 0x0000027df2d04800 DEOPT PACKING pc=0x0000027d87be4630 sp=0x000000aebd0fc460
Event: 1.683 Thread 0x0000027df2d04800 DEOPT UNPACKING pc=0x0000027d800274af sp=0x000000aebd0fc410 mode 2
Event: 1.683 Thread 0x0000027df2d04800 Uncommon trap: trap_request=0xffffffbe fr.pc=0x0000027d87be4630 relative=0x0000000000000d90
Event: 1.683 Thread 0x0000027df2d04800 Uncommon trap: reason=profile_predicate action=maybe_recompile pc=0x0000027d87be4630 method=java.util.regex.Pattern$CharPropertyGreedy.match(Ljava/util/regex/Matcher;ILjava/lang/CharSequence;)Z @ 12 c2
Event: 1.683 Thread 0x0000027df2d04800 DEOPT PACKING pc=0x0000027d87be4630 sp=0x000000aebd0fc080
Event: 1.683 Thread 0x0000027df2d04800 DEOPT UNPACKING pc=0x0000027d800274af sp=0x000000aebd0fc030 mode 2
Event: 1.683 Thread 0x0000027df2d04800 Uncommon trap: trap_request=0xffffffbe fr.pc=0x0000027d87be4630 relative=0x0000000000000d90
Event: 1.683 Thread 0x0000027df2d04800 Uncommon trap: reason=profile_predicate action=maybe_recompile pc=0x0000027d87be4630 method=java.util.regex.Pattern$CharPropertyGreedy.match(Ljava/util/regex/Matcher;ILjava/lang/CharSequence;)Z @ 12 c2
Event: 1.683 Thread 0x0000027df2d04800 DEOPT PACKING pc=0x0000027d87be4630 sp=0x000000aebd0fc080
Event: 1.683 Thread 0x0000027df2d04800 DEOPT UNPACKING pc=0x0000027d800274af sp=0x000000aebd0fc030 mode 2
Event: 1.698 Thread 0x0000027df2d04800 Uncommon trap: trap_request=0xffffffd6 fr.pc=0x0000027d87bdf340 relative=0x0000000000000740
Event: 1.698 Thread 0x0000027df2d04800 Uncommon trap: reason=array_check action=maybe_recompile pc=0x0000027d87bdf340 method=java.util.AbstractCollection.toArray([Ljava/lang/Object;)[Ljava/lang/Object; @ 116 c2
Event: 1.698 Thread 0x0000027df2d04800 DEOPT PACKING pc=0x0000027d87bdf340 sp=0x000000aebd0fc1a0
Event: 1.698 Thread 0x0000027df2d04800 DEOPT UNPACKING pc=0x0000027d800274af sp=0x000000aebd0fc0e0 mode 2
Event: 1.719 Thread 0x0000027df2d04800 Uncommon trap: trap_request=0xffffffcc fr.pc=0x0000027d87bccaec relative=0x00000000000001ac
Event: 1.719 Thread 0x0000027df2d04800 Uncommon trap: reason=intrinsic_or_type_checked_inlining action=make_not_entrant pc=0x0000027d87bccaec method=java.util.Arrays.copyOf([Ljava/lang/Object;ILjava/lang/Class;)[Ljava/lang/Object; @ 35 c2
Event: 1.719 Thread 0x0000027df2d04800 DEOPT PACKING pc=0x0000027d87bccaec sp=0x000000aebd0fc480
Event: 1.719 Thread 0x0000027df2d04800 DEOPT UNPACKING pc=0x0000027d800274af sp=0x000000aebd0fc410 mode 2

Classes redefined (0 events):
No events

Internal exceptions (7 events):
Event: 0.171 Thread 0x0000027df2d04800 Exception <a 'java/lang/NoSuchMethodError'{0x0000000089a250d8}: 'int java.lang.invoke.DirectMethodHandle$Holder.invokeSpecialIFC(java.lang.Object, java.lang.Object, int)'> (0x0000000089a250d8) thrown at [./src/hotspot/share/interpreter/linkResolver.cpp, line 773]
Event: 1.058 Thread 0x0000027df2d04800 Exception <a 'java/lang/NoClassDefFoundError'{0x00000000883aaba0}: com/google/inject/servlet/ServletModuleTargetVisitor> (0x00000000883aaba0) thrown at [./src/hotspot/share/classfile/systemDictionary.cpp, line 220]
Event: 1.058 Thread 0x0000027df2d04800 Exception <a 'java/lang/NoClassDefFoundError'{0x00000000883aaba0}> (0x00000000883aaba0) thrown at [./src/hotspot/share/prims/jvm.cpp, line 1309]
Event: 1.058 Thread 0x0000027df2d04800 Exception <a 'java/lang/NoClassDefFoundError'{0x00000000883ad908}: javax/annotation/Priority> (0x00000000883ad908) thrown at [./src/hotspot/share/classfile/systemDictionary.cpp, line 220]
Event: 1.108 Thread 0x0000027df2d04800 Exception <a 'java/lang/NoSuchMethodError'{0x0000000089df8298}: 'java.lang.Object java.lang.invoke.DirectMethodHandle$Holder.invokeStaticInit(java.lang.Object, int, int, int, int)'> (0x0000000089df8298) thrown at [./src/hotspot/share/interpreter/linkResolver.cpp, line 773]
Event: 1.198 Thread 0x0000027df2d04800 Implicit null exception at 0x0000027d87af2674 to 0x0000027d87af2b80
Event: 1.198 Thread 0x0000027df2d04800 Implicit null exception at 0x0000027d87ae1374 to 0x0000027d87ae1854

Events (20 events):
Event: 1.601 loading class org/eclipse/aether/graph/Dependency$Exclusions$1 done
Event: 1.603 loading class org/eclipse/aether/internal/impl/collect/DataPool$ConstraintKey
Event: 1.603 loading class org/eclipse/aether/internal/impl/collect/DataPool$ConstraintKey done
Event: 1.604 loading class org/eclipse/aether/internal/impl/collect/DataPool$Constraint
Event: 1.604 loading class org/eclipse/aether/internal/impl/collect/DataPool$Constraint done
Event: 1.604 loading class org/eclipse/aether/internal/impl/collect/DataPool$Constraint$VersionRepo
Event: 1.604 loading class org/eclipse/aether/internal/impl/collect/DataPool$Constraint$VersionRepo done
Event: 1.608 loading class org/eclipse/aether/internal/impl/collect/DataPool$GoodDescriptor
Event: 1.608 loading class org/eclipse/aether/internal/impl/collect/DataPool$GoodDescriptor done
Event: 1.608 loading class org/eclipse/aether/internal/impl/collect/DataPool$Descriptor
Event: 1.608 loading class org/eclipse/aether/internal/impl/collect/DataPool$Descriptor done
Event: 1.608 loading class org/eclipse/aether/internal/impl/collect/DataPool$GraphKey
Event: 1.608 loading class org/eclipse/aether/internal/impl/collect/DataPool$GraphKey done
Event: 1.610 loading class org/eclipse/aether/collection/DependencyManagement
Event: 1.610 loading class org/eclipse/aether/collection/DependencyManagement done
Event: 1.743 Executing VM operation: G1CollectForAllocation
Event: 1.752 Executing VM operation: G1CollectForAllocation done
Event: 1.754 Executing VM operation: CollectForMetadataAllocation
Event: 1.767 Executing VM operation: CollectForMetadataAllocation done
Event: 1.780 Executing VM operation: CGC_Operation


Dynamic libraries:
0x00007ff684340000 - 0x00007ff68434d000 	C:\Program Files\AdoptOpenJDK\jdk-11.0.9.101-hotspot\bin\java.exe
0x00007ff945d10000 - 0x00007ff945f06000 	C:\WINDOWS\SYSTEM32\ntdll.dll
0x00007ff943d70000 - 0x00007ff943e2d000 	C:\WINDOWS\System32\KERNEL32.DLL
0x00007ff943830000 - 0x00007ff943af9000 	C:\WINDOWS\System32\KERNELBASE.dll
0x00007ff9435b0000 - 0x00007ff9436b0000 	C:\WINDOWS\System32\ucrtbase.dll
0x00007ff911570000 - 0x00007ff911587000 	C:\Program Files\AdoptOpenJDK\jdk-11.0.9.101-hotspot\bin\jli.dll
0x00007ff90e160000 - 0x00007ff90e175000 	C:\Program Files\AdoptOpenJDK\jdk-11.0.9.101-hotspot\bin\VCRUNTIME140.dll
0x00007ff945150000 - 0x00007ff9452f0000 	C:\WINDOWS\System32\USER32.dll
0x00007ff943c30000 - 0x00007ff943c52000 	C:\WINDOWS\System32\win32u.dll
0x00007ff944120000 - 0x00007ff94414a000 	C:\WINDOWS\System32\GDI32.dll
0x00007ff943c60000 - 0x00007ff943d69000 	C:\WINDOWS\System32\gdi32full.dll
0x00007ff943790000 - 0x00007ff94382d000 	C:\WINDOWS\System32\msvcp_win.dll
0x00007ff92a2b0000 - 0x00007ff92a54b000 	C:\WINDOWS\WinSxS\amd64_microsoft.windows.common-controls_6595b64144ccf1df_6.0.19041.488_none_ca04af081b815d21\COMCTL32.dll
0x00007ff9450b0000 - 0x00007ff94514e000 	C:\WINDOWS\System32\msvcrt.dll
0x00007ff945020000 - 0x00007ff945050000 	C:\WINDOWS\System32\IMM32.DLL
0x00007ff906440000 - 0x00007ff9064e4000 	C:\Program Files\McAfee\Endpoint Security\Threat Prevention\Ips\EpMPApi.dll
0x00007ff9453a0000 - 0x00007ff9454cb000 	C:\WINDOWS\System32\RPCRT4.dll
0x00007ff9452f0000 - 0x00007ff94539c000 	C:\WINDOWS\System32\ADVAPI32.dll
0x00007ff9454f0000 - 0x00007ff94558c000 	C:\WINDOWS\System32\sechost.dll
0x00007ff943bd0000 - 0x00007ff943c30000 	C:\WINDOWS\System32\WINTRUST.dll
0x00007ff943450000 - 0x00007ff9435ad000 	C:\WINDOWS\System32\CRYPT32.dll
0x00007ff943040000 - 0x00007ff943052000 	C:\WINDOWS\SYSTEM32\MSASN1.dll
0x0000000071ca0000 - 0x0000000071cac000 	C:\Program Files\McAfee\Endpoint Security\Threat Prevention\Ips\EpMPThe.dll
0x00007ff9062f0000 - 0x00007ff906348000 	C:\Program Files\McAfee\Endpoint Security\Threat Prevention\Ips\HIPHandlers64.dll
0x00007ff945590000 - 0x00007ff9455e5000 	C:\WINDOWS\System32\SHLWAPI.dll
0x00007ff927af0000 - 0x00007ff927cd4000 	C:\WINDOWS\SYSTEM32\dbghelp.dll
0x00007ff900a10000 - 0x00007ff900aab000 	C:\Program Files\AdoptOpenJDK\jdk-11.0.9.101-hotspot\bin\msvcp140.dll
0x00007ff8e6750000 - 0x00007ff8e7293000 	C:\Program Files\AdoptOpenJDK\jdk-11.0.9.101-hotspot\bin\server\jvm.dll
0x00007ff9440b0000 - 0x00007ff9440b8000 	C:\WINDOWS\System32\PSAPI.DLL
0x00007ff9361c0000 - 0x00007ff9361ca000 	C:\WINDOWS\SYSTEM32\VERSION.dll
0x00007ff925b40000 - 0x00007ff925b49000 	C:\WINDOWS\SYSTEM32\WSOCK32.dll
0x00007ff925840000 - 0x00007ff925867000 	C:\WINDOWS\SYSTEM32\WINMM.dll
0x00007ff944150000 - 0x00007ff9441bb000 	C:\WINDOWS\System32\WS2_32.dll
0x00007ff941380000 - 0x00007ff941392000 	C:\WINDOWS\SYSTEM32\kernel.appcore.dll
0x00007ff93e210000 - 0x00007ff93e220000 	C:\Program Files\AdoptOpenJDK\jdk-11.0.9.101-hotspot\bin\verify.dll
0x00007ff923520000 - 0x00007ff92354c000 	C:\WINDOWS\SYSTEM32\dbgcore.DLL
0x00007ff943b50000 - 0x00007ff943bd0000 	C:\WINDOWS\System32\bcryptPrimitives.dll
0x00007ff9139c0000 - 0x00007ff9139e8000 	C:\Program Files\AdoptOpenJDK\jdk-11.0.9.101-hotspot\bin\java.dll
0x00007ff936d10000 - 0x00007ff936d1a000 	C:\Program Files\AdoptOpenJDK\jdk-11.0.9.101-hotspot\bin\jimage.dll
0x00007ff90f7b0000 - 0x00007ff90f7c7000 	C:\Program Files\AdoptOpenJDK\jdk-11.0.9.101-hotspot\bin\zip.dll
0x00007ff9445f0000 - 0x00007ff944d32000 	C:\WINDOWS\System32\SHELL32.dll
0x00007ff941580000 - 0x00007ff941d15000 	C:\WINDOWS\SYSTEM32\windows.storage.dll
0x00007ff9441c0000 - 0x00007ff944516000 	C:\WINDOWS\System32\combase.dll
0x00007ff942d80000 - 0x00007ff942dac000 	C:\WINDOWS\SYSTEM32\Wldp.dll
0x00007ff945600000 - 0x00007ff9456ae000 	C:\WINDOWS\System32\SHCORE.dll
0x00007ff943380000 - 0x00007ff9433a6000 	C:\WINDOWS\SYSTEM32\profapi.dll
0x00007ff90f000000 - 0x00007ff90f019000 	C:\Program Files\AdoptOpenJDK\jdk-11.0.9.101-hotspot\bin\net.dll
0x00007ff936bf0000 - 0x00007ff936cf0000 	C:\WINDOWS\SYSTEM32\WINHTTP.dll
0x00007ff942b10000 - 0x00007ff942b7a000 	C:\WINDOWS\system32\mswsock.dll
0x00007ff90efe0000 - 0x00007ff90eff2000 	C:\Program Files\AdoptOpenJDK\jdk-11.0.9.101-hotspot\bin\nio.dll
0x00007ff90f7e0000 - 0x00007ff90f7ea000 	C:\apache-maven-3.6.3\lib\jansi-native\windows64\jansi.dll

dbghelp: loaded successfully - version: 4.0.5 - missing functions: none
symbol engine: initialized successfully - sym options: 0x614 - pdb path: .;C:\Program Files\AdoptOpenJDK\jdk-11.0.9.101-hotspot\bin;C:\WINDOWS\SYSTEM32;C:\WINDOWS\WinSxS\amd64_microsoft.windows.common-controls_6595b64144ccf1df_6.0.19041.488_none_ca04af081b815d21;C:\Program Files\McAfee\Endpoint Security\Threat Prevention\Ips;C:\Program Files\AdoptOpenJDK\jdk-11.0.9.101-hotspot\bin\server;C:\apache-maven-3.6.3\lib\jansi-native\windows64

VM Arguments:
jvm_args: -Dhttps.protocols=TLSv1,TLSv1.1,TLSv1.2 -Dmaven.wagon.http.ssl.insecure=true -Dmaven.wagon.http.ssl.allowall=true -Dmaven.wagon.http.ssl.ignore.validity.dates=true -Dcom.sun.net.ssl.checkRevocation=false -Dtrust_all_cert=true -Dclassworlds.conf=C:\apache-maven-3.6.3\bin\..\bin\m2.conf -Dmaven.home=C:\apache-maven-3.6.3\bin\.. -Dlibrary.jansi.path=C:\apache-maven-3.6.3\bin\..\lib\jansi-native -Dmaven.multiModuleProjectDirectory=C:\Users\h013026\OneDrive - Default Directory\Spring\relatorio-api 
java_command: org.codehaus.plexus.classworlds.launcher.Launcher package
java_class_path (initial): C:\apache-maven-3.6.3\bin\..\boot\plexus-classworlds-2.6.0.jar
Launcher Type: SUN_STANDARD

[Global flags]
     intx CICompilerCount                          = 3                                         {product} {ergonomic}
     uint ConcGCThreads                            = 1                                         {product} {ergonomic}
     uint G1ConcRefinementThreads                  = 4                                         {product} {ergonomic}
   size_t G1HeapRegionSize                         = 1048576                                   {product} {ergonomic}
    uintx GCDrainStackTargetSize                   = 64                                        {product} {ergonomic}
   size_t InitialHeapSize                          = 134217728                                 {product} {ergonomic}
   size_t MarkStackSize                            = 4194304                                   {product} {ergonomic}
   size_t MaxHeapSize                              = 2116026368                                {product} {ergonomic}
   size_t MaxNewSize                               = 1268776960                                {product} {ergonomic}
   size_t MinHeapDeltaBytes                        = 1048576                                   {product} {ergonomic}
    uintx NonNMethodCodeHeapSize                   = 5830732                                {pd product} {ergonomic}
    uintx NonProfiledCodeHeapSize                  = 122913754                              {pd product} {ergonomic}
    uintx ProfiledCodeHeapSize                     = 122913754                              {pd product} {ergonomic}
    uintx ReservedCodeCacheSize                    = 251658240                              {pd product} {ergonomic}
     bool SegmentedCodeCache                       = true                                      {product} {ergonomic}
     bool UseCompressedClassPointers               = true                                 {lp64_product} {ergonomic}
     bool UseCompressedOops                        = true                                 {lp64_product} {ergonomic}
     bool UseG1GC                                  = true                                      {product} {ergonomic}
     bool UseLargePagesIndividualAllocation        = false                                  {pd product} {ergonomic}

Logging:
Log output configuration:
 #0: stdout all=warning uptime,level,tags
 #1: stderr all=off uptime,level,tags

Environment Variables:
JAVA_HOME=C:\Program Files\AdoptOpenJDK\jdk-11.0.9.101-hotspot\
PATH=C:\Python311\Scripts\;C:\Python311\;C:\Program Files\AdoptOpenJDK\jdk-11.0.9.101-hotspot\bin;C:\Program Files (x86)\Common Files\Oracle\Java\javapath;C:\Program Files\Microsoft MPI\Bin\;C:\ProgramData\Oracle\Java\javapath;C:\Windows\system32;C:\Windows;C:\Windows\System32\Wbem;C:\Windows\System32\WindowsPowerShell\v1.0\;C:\Program Files\SourceGear\Common\DiffMerge\;C:\Program Files\Microsoft SQL Server\130\Tools\Binn\;C:\Program Files\PostgreSQL\10\bin;C:\Program Files\PostgreSQL\10\lib;C:\Program Files\Microsoft VS Code\bin;C:\Program Files\MongoDB\Server\4.0\bin;C:\Program Files\RStudio\bin;C:\Program Files\R\R-3.5.3\bin;C:\ProgramData\chocolatey\bin;C:\Program Files (x86)\vim\vim80;C:\apache-maven-3.6.3\bin;C:\Program Files\Java\jdk1.8.0_241\bin;C:\Program Files (x86)\Microsoft SQL Server\100\Tools\Binn\;C:\Program Files\Microsoft SQL Server\100\Tools\Binn\;C:\Program Files\Microsoft SQL Server\100\DTS\Binn\;C:\Program Files (x86)\Microsoft SQL Server\100\Tools\Binn\VSShell\Common7\IDE\;C:\Program Files (x86)\Microsoft SQL Server\100\DTS\Binn\;C:\Program Files (x86)\Microsoft Visual Studio 9.0\Common7\IDE\PrivateAssemblies\;C:\WINDOWS\system32;C:\WINDOWS;C:\WINDOWS\System32\Wbem;C:\WINDOWS\System32\WindowsPowerShell\v1.0\;C:\WINDOWS\System32\OpenSSH\;c:\Program Files (x86)\Microsoft SQL Server\110\Tools\Binn\;c:\Program Files\Microsoft SQL Server\110\Tools\Binn\;c:\Program Files\Microsoft SQL Server\110\DTS\Binn\;C:\Users\h013026\Anaconda3\Scripts;C:\Program Files\Microsoft SQL Server\Client SDK\ODBC\170\Tools\Binn\;C:\Users\h013026\.sdkman\bin;C:\flyway-8.0.0-beta3;C:\Program Files\PuTTY\;C:\Program Files\GitHub CLI\;C:\Program Files (x86)\Microsoft SQL Server\150\DTS\Binn\;C:\Program Files\Azure Data Studio\bin;C:\Program Files\dotnet\;C:\Program Files\nodejs\;C:\Program Files\Microsoft SQL Server\150\Tools\Binn\;C:\Program Files\Git\cmd;%C:\Program Files (x86)\Common Files\Oracle\Java\javapath;c:\Program Files (x86)\Microsoft SQL Server\90\Tools\binn\;C:\Pro
USERNAME=h013026
DISPLAY=needs-to-be-defined
OS=Windows_NT
PROCESSOR_IDENTIFIER=Intel64 Family 6 Model 94 Stepping 3, GenuineIntel



---------------  S Y S T E M  ---------------

OS: Windows 10 , 64 bit Build 19041 (10.0.19041.662)
OS uptime: 0 days 3:47 hours
HyperV virtualization detected

CPU:total 4 (initial active 4) (4 cores per cpu, 1 threads per core) family 6 model 94 stepping 3, cmov, cx8, fxsr, mmx, sse, sse2, sse3, ssse3, sse4.1, sse4.2, popcnt, avx, avx2, aes, clmul, erms, rtm, 3dnowpref, lzcnt, tsc, tscinvbit, bmi1, bmi2, adx, fma

Memory: 4k page, system-wide physical 8071M (779M free)
TotalPageFile size 9975M (AvailPageFile size 13M)
current process WorkingSet (physical memory assigned to process): 153M, peak: 153M
current process commit charge ("private bytes"): 276M, peak: 277M

vm_info: OpenJDK 64-Bit Server VM (11.0.9.1+1) for windows-amd64 JRE (11.0.9.1+1), built on Nov 10 2020 15:18:49 by "" with MS VC++ 15.9 (VS2017)

END.
