#
# There is insufficient memory for the Java Runtime Environment to continue.
# Native memory allocation (malloc) failed to allocate 1895056 bytes for Chunk::new
# Possible reasons:
#   The system is out of physical RAM or swap space
#   The process is running with CompressedOops enabled, and the Java Heap may be blocking the growth of the native heap
# Possible solutions:
#   Reduce memory load on the system
#   Increase physical memory or swap space
#   Check if swap backing store is full
#   Decrease Java heap size (-Xmx/-Xms)
#   Decrease number of Java threads
#   Decrease Java thread stack sizes (-Xss)
#   Set larger code cache with -XX:ReservedCodeCacheSize=
#   JVM is running with Unscaled Compressed Oops mode in which the Java heap is
#     placed in the first 4GB address space. The Java Heap base address is the
#     maximum limit for the native heap growth. Please use -XX:HeapBaseMinAddress
#     to set the Java Heap base and to place the Java Heap above 4GB virtual address.
# This output file may be truncated or incomplete.
#
#  Out of Memory Error (./src/hotspot/share/memory/arena.cpp:197), pid=12452, tid=7272
#
# JRE version: OpenJDK Runtime Environment AdoptOpenJDK (11.0.9.1+1) (build 11.0.9.1+1)
# Java VM: OpenJDK 64-Bit Server VM AdoptOpenJDK (11.0.9.1+1, mixed mode, tiered, compressed oops, g1 gc, windows-amd64)
# No core dump will be written. Minidumps are not enabled by default on client versions of Windows
#

---------------  S U M M A R Y ------------

Command Line: -Dfile.encoding=UTF-8 relatorio.RelatorioApiApplication

Host: Intel(R) Core(TM) i5-6500 CPU @ 3.20GHz, 4 cores, 7G,  Windows 10 , 64 bit Build 19041 (10.0.19041.662)
Time: Tue Nov 29 17:24:10 2022 E. South America Standard Time elapsed time: 2.092194 seconds (0d 0h 0m 2s)

---------------  T H R E A D  ---------------

Current thread (0x000001f807028000):  JavaThread "C2 CompilerThread0" daemon [_thread_in_native, id=7272, stack(0x0000002c22500000,0x0000002c22600000)]


Current CompileTask:
C2:   2092 2024       4       java.lang.invoke.MethodType::makeImpl (108 bytes)

Stack: [0x0000002c22500000,0x0000002c22600000]
Native frames: (J=compiled Java code, j=interpreted, Vv=VM code, C=native code)
V  [jvm.dll+0x5f465a]
V  [jvm.dll+0x77c78e]
V  [jvm.dll+0x77de5f]
V  [jvm.dll+0x77e523]
V  [jvm.dll+0x2477c8]
V  [jvm.dll+0xbe2ec]
V  [jvm.dll+0xbe9ec]
V  [jvm.dll+0x34d112]
V  [jvm.dll+0x31ae63]
V  [gdi32full.dll+0x31a19a]
V  [jvm.dll+0x201085]
V  [jvm.dll+0x20023f]
V  [jvm.dll+0x184fbc]
V  [jvm.dll+0x20f7f7]
V  [jvm.dll+0x20d9db]
V  [jvm.dll+0x741029]
V  [jvm.dll+0x73a0d4]
V  [jvm.dll+0x5f3586]
C  [ucrtbase.dll+0x214c2]
C  [KERNEL32.DLL+0x17034]
C  [ntdll.dll+0x4d0d1]


---------------  P R O C E S S  ---------------

Threads class SMR info:
_java_thread_list=0x000001f80986ccd0, length=13, elements={
0x000001f868874800, 0x000001f807022000, 0x000001f807023000, 0x000001f8079a2800,
0x000001f8079a3000, 0x000001f807028000, 0x000001f807033000, 0x000001f807037000,
0x000001f807af7000, 0x000001f807b09000, 0x000001f807c72000, 0x000001f808d97800,
0x000001f808f65000
}

Java Threads: ( => current thread )
  0x000001f868874800 JavaThread "main" [_thread_blocked, id=5088, stack(0x0000002c21a00000,0x0000002c21b00000)]
  0x000001f807022000 JavaThread "Reference Handler" daemon [_thread_blocked, id=7884, stack(0x0000002c22100000,0x0000002c22200000)]
  0x000001f807023000 JavaThread "Finalizer" daemon [_thread_blocked, id=12480, stack(0x0000002c22200000,0x0000002c22300000)]
  0x000001f8079a2800 JavaThread "Signal Dispatcher" daemon [_thread_blocked, id=9884, stack(0x0000002c22300000,0x0000002c22400000)]
  0x000001f8079a3000 JavaThread "Attach Listener" daemon [_thread_blocked, id=12528, stack(0x0000002c22400000,0x0000002c22500000)]
=>0x000001f807028000 JavaThread "C2 CompilerThread0" daemon [_thread_in_native, id=7272, stack(0x0000002c22500000,0x0000002c22600000)]
  0x000001f807033000 JavaThread "C1 CompilerThread0" daemon [_thread_blocked, id=3148, stack(0x0000002c22600000,0x0000002c22700000)]
  0x000001f807037000 JavaThread "Sweeper thread" daemon [_thread_blocked, id=7100, stack(0x0000002c22700000,0x0000002c22800000)]
  0x000001f807af7000 JavaThread "Service Thread" daemon [_thread_blocked, id=13748, stack(0x0000002c22800000,0x0000002c22900000)]
  0x000001f807b09000 JavaThread "Common-Cleaner" daemon [_thread_blocked, id=416, stack(0x0000002c22a00000,0x0000002c22b00000)]
  0x000001f807c72000 JavaThread "C2 CompilerThread1" daemon [_thread_in_native, id=8256, stack(0x0000002c22b00000,0x0000002c22c00000)]
  0x000001f808d97800 JavaThread "Thread-0" [_thread_blocked, id=10640, stack(0x0000002c22e00000,0x0000002c22f00000)]
  0x000001f808f65000 JavaThread "restartedMain" [_thread_in_Java, id=2484, stack(0x0000002c22f00000,0x0000002c23000000)]

Other Threads:
  0x000001f806fed800 VMThread "VM Thread" [stack: 0x0000002c22000000,0x0000002c22100000] [id=2192]
  0x000001f807b0c000 WatcherThread [stack: 0x0000002c22900000,0x0000002c22a00000] [id=12684]
  0x000001f86888e000 GCTaskThread "GC Thread#0" [stack: 0x0000002c21b00000,0x0000002c21c00000] [id=12688]
  0x000001f808368000 GCTaskThread "GC Thread#1" [stack: 0x0000002c22c00000,0x0000002c22d00000] [id=2356]
  0x000001f8080f1000 GCTaskThread "GC Thread#2" [stack: 0x0000002c22d00000,0x0000002c22e00000] [id=6936]
  0x000001f8090a3800 GCTaskThread "GC Thread#3" [stack: 0x0000002c23100000,0x0000002c23200000] [id=3280]
  0x000001f8688bf800 ConcurrentGCThread "G1 Main Marker" [stack: 0x0000002c21c00000,0x0000002c21d00000] [id=11692]
  0x000001f8688c1000 ConcurrentGCThread "G1 Conc#0" [stack: 0x0000002c21d00000,0x0000002c21e00000] [id=4784]
  0x000001f868941800 ConcurrentGCThread "G1 Refine#0" [stack: 0x0000002c21e00000,0x0000002c21f00000] [id=3012]
  0x000001f806e60800 ConcurrentGCThread "G1 Young RemSet Sampling" [stack: 0x0000002c21f00000,0x0000002c22000000] [id=4588]

Threads with active compile tasks:
C2 CompilerThread0   2183 2024       4       java.lang.invoke.MethodType::makeImpl (108 bytes)
C1 CompilerThread0   2184 2292       3       java.util.LinkedHashSet::<init> (9 bytes)
C2 CompilerThread1   2184 2228       4       java.nio.DirectByteBuffer::<init> (35 bytes)

VM state:not at safepoint (normal execution)

VM Mutex/Monitor currently owned by a thread: None

Heap address: 0x0000000081e00000, size: 2018 MB, Compressed Oops mode: 32-bit
Narrow klass base: 0x0000000000000000, Narrow klass shift: 3
Compressed class space size: 1073741824 Address: 0x0000000100000000

Heap:
 garbage-first heap   total 131072K, used 41634K [0x0000000081e00000, 0x0000000100000000)
  region size 1024K, 41 young (41984K), 5 survivors (5120K)
 Metaspace       used 25131K, capacity 25803K, committed 25856K, reserved 1073152K
  class space    used 2825K, capacity 3062K, committed 3072K, reserved 1048576K
Heap Regions: E=young(eden), S=young(survivor), O=old, HS=humongous(starts), HC=humongous(continues), CS=collection set, F=free, A=archive, TAMS=top-at-mark-start (previous, next)
|   0|0x0000000081e00000, 0x0000000081f00000, 0x0000000081f00000|100%| O|  |TAMS 0x0000000081f00000, 0x0000000081e00000| Untracked 
|   1|0x0000000081f00000, 0x0000000081f55a00, 0x0000000082000000| 33%| O|  |TAMS 0x0000000081f55a00, 0x0000000081f00000| Untracked 
|   2|0x0000000082000000, 0x0000000082000000, 0x0000000082100000|  0%| F|  |TAMS 0x0000000082000000, 0x0000000082000000| Untracked 
|   3|0x0000000082100000, 0x0000000082100000, 0x0000000082200000|  0%| F|  |TAMS 0x0000000082100000, 0x0000000082100000| Untracked 
|   4|0x0000000082200000, 0x0000000082200000, 0x0000000082300000|  0%| F|  |TAMS 0x0000000082200000, 0x0000000082200000| Untracked 
|   5|0x0000000082300000, 0x0000000082300000, 0x0000000082400000|  0%| F|  |TAMS 0x0000000082300000, 0x0000000082300000| Untracked 
|   6|0x0000000082400000, 0x0000000082400000, 0x0000000082500000|  0%| F|  |TAMS 0x0000000082400000, 0x0000000082400000| Untracked 
|   7|0x0000000082500000, 0x0000000082500000, 0x0000000082600000|  0%| F|  |TAMS 0x0000000082500000, 0x0000000082500000| Untracked 
|   8|0x0000000082600000, 0x0000000082600000, 0x0000000082700000|  0%| F|  |TAMS 0x0000000082600000, 0x0000000082600000| Untracked 
|   9|0x0000000082700000, 0x0000000082700000, 0x0000000082800000|  0%| F|  |TAMS 0x0000000082700000, 0x0000000082700000| Untracked 
|  10|0x0000000082800000, 0x0000000082800000, 0x0000000082900000|  0%| F|  |TAMS 0x0000000082800000, 0x0000000082800000| Untracked 
|  11|0x0000000082900000, 0x0000000082900000, 0x0000000082a00000|  0%| F|  |TAMS 0x0000000082900000, 0x0000000082900000| Untracked 
|  12|0x0000000082a00000, 0x0000000082a00000, 0x0000000082b00000|  0%| F|  |TAMS 0x0000000082a00000, 0x0000000082a00000| Untracked 
|  13|0x0000000082b00000, 0x0000000082b00000, 0x0000000082c00000|  0%| F|  |TAMS 0x0000000082b00000, 0x0000000082b00000| Untracked 
|  14|0x0000000082c00000, 0x0000000082c00000, 0x0000000082d00000|  0%| F|  |TAMS 0x0000000082c00000, 0x0000000082c00000| Untracked 
|  15|0x0000000082d00000, 0x0000000082d00000, 0x0000000082e00000|  0%| F|  |TAMS 0x0000000082d00000, 0x0000000082d00000| Untracked 
|  16|0x0000000082e00000, 0x0000000082e00000, 0x0000000082f00000|  0%| F|  |TAMS 0x0000000082e00000, 0x0000000082e00000| Untracked 
|  17|0x0000000082f00000, 0x0000000082f00000, 0x0000000083000000|  0%| F|  |TAMS 0x0000000082f00000, 0x0000000082f00000| Untracked 
|  18|0x0000000083000000, 0x0000000083000000, 0x0000000083100000|  0%| F|  |TAMS 0x0000000083000000, 0x0000000083000000| Untracked 
|  19|0x0000000083100000, 0x0000000083100000, 0x0000000083200000|  0%| F|  |TAMS 0x0000000083100000, 0x0000000083100000| Untracked 
|  20|0x0000000083200000, 0x0000000083200000, 0x0000000083300000|  0%| F|  |TAMS 0x0000000083200000, 0x0000000083200000| Untracked 
|  21|0x0000000083300000, 0x0000000083300000, 0x0000000083400000|  0%| F|  |TAMS 0x0000000083300000, 0x0000000083300000| Untracked 
|  22|0x0000000083400000, 0x0000000083400000, 0x0000000083500000|  0%| F|  |TAMS 0x0000000083400000, 0x0000000083400000| Untracked 
|  23|0x0000000083500000, 0x0000000083500000, 0x0000000083600000|  0%| F|  |TAMS 0x0000000083500000, 0x0000000083500000| Untracked 
|  24|0x0000000083600000, 0x0000000083600000, 0x0000000083700000|  0%| F|  |TAMS 0x0000000083600000, 0x0000000083600000| Untracked 
|  25|0x0000000083700000, 0x0000000083700000, 0x0000000083800000|  0%| F|  |TAMS 0x0000000083700000, 0x0000000083700000| Untracked 
|  26|0x0000000083800000, 0x0000000083800000, 0x0000000083900000|  0%| F|  |TAMS 0x0000000083800000, 0x0000000083800000| Untracked 
|  27|0x0000000083900000, 0x0000000083900000, 0x0000000083a00000|  0%| F|  |TAMS 0x0000000083900000, 0x0000000083900000| Untracked 
|  28|0x0000000083a00000, 0x0000000083a00000, 0x0000000083b00000|  0%| F|  |TAMS 0x0000000083a00000, 0x0000000083a00000| Untracked 
|  29|0x0000000083b00000, 0x0000000083b00000, 0x0000000083c00000|  0%| F|  |TAMS 0x0000000083b00000, 0x0000000083b00000| Untracked 
|  30|0x0000000083c00000, 0x0000000083c00000, 0x0000000083d00000|  0%| F|  |TAMS 0x0000000083c00000, 0x0000000083c00000| Untracked 
|  31|0x0000000083d00000, 0x0000000083d00000, 0x0000000083e00000|  0%| F|  |TAMS 0x0000000083d00000, 0x0000000083d00000| Untracked 
|  32|0x0000000083e00000, 0x0000000083e00000, 0x0000000083f00000|  0%| F|  |TAMS 0x0000000083e00000, 0x0000000083e00000| Untracked 
|  33|0x0000000083f00000, 0x0000000083f00000, 0x0000000084000000|  0%| F|  |TAMS 0x0000000083f00000, 0x0000000083f00000| Untracked 
|  34|0x0000000084000000, 0x0000000084000000, 0x0000000084100000|  0%| F|  |TAMS 0x0000000084000000, 0x0000000084000000| Untracked 
|  35|0x0000000084100000, 0x0000000084100000, 0x0000000084200000|  0%| F|  |TAMS 0x0000000084100000, 0x0000000084100000| Untracked 
|  36|0x0000000084200000, 0x0000000084200000, 0x0000000084300000|  0%| F|  |TAMS 0x0000000084200000, 0x0000000084200000| Untracked 
|  37|0x0000000084300000, 0x0000000084300000, 0x0000000084400000|  0%| F|  |TAMS 0x0000000084300000, 0x0000000084300000| Untracked 
|  38|0x0000000084400000, 0x0000000084400000, 0x0000000084500000|  0%| F|  |TAMS 0x0000000084400000, 0x0000000084400000| Untracked 
|  39|0x0000000084500000, 0x0000000084500000, 0x0000000084600000|  0%| F|  |TAMS 0x0000000084500000, 0x0000000084500000| Untracked 
|  40|0x0000000084600000, 0x0000000084600000, 0x0000000084700000|  0%| F|  |TAMS 0x0000000084600000, 0x0000000084600000| Untracked 
|  41|0x0000000084700000, 0x0000000084700000, 0x0000000084800000|  0%| F|  |TAMS 0x0000000084700000, 0x0000000084700000| Untracked 
|  42|0x0000000084800000, 0x0000000084800000, 0x0000000084900000|  0%| F|  |TAMS 0x0000000084800000, 0x0000000084800000| Untracked 
|  43|0x0000000084900000, 0x0000000084900000, 0x0000000084a00000|  0%| F|  |TAMS 0x0000000084900000, 0x0000000084900000| Untracked 
|  44|0x0000000084a00000, 0x0000000084a00000, 0x0000000084b00000|  0%| F|  |TAMS 0x0000000084a00000, 0x0000000084a00000| Untracked 
|  45|0x0000000084b00000, 0x0000000084b00000, 0x0000000084c00000|  0%| F|  |TAMS 0x0000000084b00000, 0x0000000084b00000| Untracked 
|  46|0x0000000084c00000, 0x0000000084c00000, 0x0000000084d00000|  0%| F|  |TAMS 0x0000000084c00000, 0x0000000084c00000| Untracked 
|  47|0x0000000084d00000, 0x0000000084d00000, 0x0000000084e00000|  0%| F|  |TAMS 0x0000000084d00000, 0x0000000084d00000| Untracked 
|  48|0x0000000084e00000, 0x0000000084e00000, 0x0000000084f00000|  0%| F|  |TAMS 0x0000000084e00000, 0x0000000084e00000| Untracked 
|  49|0x0000000084f00000, 0x0000000084f00000, 0x0000000085000000|  0%| F|  |TAMS 0x0000000084f00000, 0x0000000084f00000| Untracked 
|  50|0x0000000085000000, 0x0000000085000000, 0x0000000085100000|  0%| F|  |TAMS 0x0000000085000000, 0x0000000085000000| Untracked 
|  51|0x0000000085100000, 0x0000000085100000, 0x0000000085200000|  0%| F|  |TAMS 0x0000000085100000, 0x0000000085100000| Untracked 
|  52|0x0000000085200000, 0x0000000085200000, 0x0000000085300000|  0%| F|  |TAMS 0x0000000085200000, 0x0000000085200000| Untracked 
|  53|0x0000000085300000, 0x0000000085300000, 0x0000000085400000|  0%| F|  |TAMS 0x0000000085300000, 0x0000000085300000| Untracked 
|  54|0x0000000085400000, 0x0000000085400000, 0x0000000085500000|  0%| F|  |TAMS 0x0000000085400000, 0x0000000085400000| Untracked 
|  55|0x0000000085500000, 0x0000000085500000, 0x0000000085600000|  0%| F|  |TAMS 0x0000000085500000, 0x0000000085500000| Untracked 
|  56|0x0000000085600000, 0x0000000085600000, 0x0000000085700000|  0%| F|  |TAMS 0x0000000085600000, 0x0000000085600000| Untracked 
|  57|0x0000000085700000, 0x0000000085700000, 0x0000000085800000|  0%| F|  |TAMS 0x0000000085700000, 0x0000000085700000| Untracked 
|  58|0x0000000085800000, 0x0000000085800000, 0x0000000085900000|  0%| F|  |TAMS 0x0000000085800000, 0x0000000085800000| Untracked 
|  59|0x0000000085900000, 0x0000000085900000, 0x0000000085a00000|  0%| F|  |TAMS 0x0000000085900000, 0x0000000085900000| Untracked 
|  60|0x0000000085a00000, 0x0000000085a00000, 0x0000000085b00000|  0%| F|  |TAMS 0x0000000085a00000, 0x0000000085a00000| Untracked 
|  61|0x0000000085b00000, 0x0000000085b00000, 0x0000000085c00000|  0%| F|  |TAMS 0x0000000085b00000, 0x0000000085b00000| Untracked 
|  62|0x0000000085c00000, 0x0000000085c00000, 0x0000000085d00000|  0%| F|  |TAMS 0x0000000085c00000, 0x0000000085c00000| Untracked 
|  63|0x0000000085d00000, 0x0000000085d00000, 0x0000000085e00000|  0%| F|  |TAMS 0x0000000085d00000, 0x0000000085d00000| Untracked 
|  64|0x0000000085e00000, 0x0000000085e00000, 0x0000000085f00000|  0%| F|  |TAMS 0x0000000085e00000, 0x0000000085e00000| Untracked 
|  65|0x0000000085f00000, 0x0000000085f00000, 0x0000000086000000|  0%| F|  |TAMS 0x0000000085f00000, 0x0000000085f00000| Untracked 
|  66|0x0000000086000000, 0x0000000086000000, 0x0000000086100000|  0%| F|  |TAMS 0x0000000086000000, 0x0000000086000000| Untracked 
|  67|0x0000000086100000, 0x0000000086100000, 0x0000000086200000|  0%| F|  |TAMS 0x0000000086100000, 0x0000000086100000| Untracked 
|  68|0x0000000086200000, 0x0000000086200000, 0x0000000086300000|  0%| F|  |TAMS 0x0000000086200000, 0x0000000086200000| Untracked 
|  69|0x0000000086300000, 0x0000000086300000, 0x0000000086400000|  0%| F|  |TAMS 0x0000000086300000, 0x0000000086300000| Untracked 
|  70|0x0000000086400000, 0x0000000086400000, 0x0000000086500000|  0%| F|  |TAMS 0x0000000086400000, 0x0000000086400000| Untracked 
|  71|0x0000000086500000, 0x0000000086500000, 0x0000000086600000|  0%| F|  |TAMS 0x0000000086500000, 0x0000000086500000| Untracked 
|  72|0x0000000086600000, 0x0000000086600000, 0x0000000086700000|  0%| F|  |TAMS 0x0000000086600000, 0x0000000086600000| Untracked 
|  73|0x0000000086700000, 0x0000000086700000, 0x0000000086800000|  0%| F|  |TAMS 0x0000000086700000, 0x0000000086700000| Untracked 
|  74|0x0000000086800000, 0x0000000086800000, 0x0000000086900000|  0%| F|  |TAMS 0x0000000086800000, 0x0000000086800000| Untracked 
|  75|0x0000000086900000, 0x0000000086953188, 0x0000000086a00000| 32%| S|CS|TAMS 0x0000000086900000, 0x0000000086900000| Complete 
|  76|0x0000000086a00000, 0x0000000086b00000, 0x0000000086b00000|100%| S|CS|TAMS 0x0000000086a00000, 0x0000000086a00000| Complete 
|  77|0x0000000086b00000, 0x0000000086c00000, 0x0000000086c00000|100%| S|CS|TAMS 0x0000000086b00000, 0x0000000086b00000| Complete 
|  78|0x0000000086c00000, 0x0000000086d00000, 0x0000000086d00000|100%| S|CS|TAMS 0x0000000086c00000, 0x0000000086c00000| Complete 
|  79|0x0000000086d00000, 0x0000000086e00000, 0x0000000086e00000|100%| S|CS|TAMS 0x0000000086d00000, 0x0000000086d00000| Complete 
|  80|0x0000000086e00000, 0x0000000086e00000, 0x0000000086f00000|  0%| F|  |TAMS 0x0000000086e00000, 0x0000000086e00000| Untracked 
|  81|0x0000000086f00000, 0x0000000086f00000, 0x0000000087000000|  0%| F|  |TAMS 0x0000000086f00000, 0x0000000086f00000| Untracked 
|  82|0x0000000087000000, 0x0000000087000000, 0x0000000087100000|  0%| F|  |TAMS 0x0000000087000000, 0x0000000087000000| Untracked 
|  83|0x0000000087100000, 0x0000000087100000, 0x0000000087200000|  0%| F|  |TAMS 0x0000000087100000, 0x0000000087100000| Untracked 
|  84|0x0000000087200000, 0x0000000087200000, 0x0000000087300000|  0%| F|  |TAMS 0x0000000087200000, 0x0000000087200000| Untracked 
|  85|0x0000000087300000, 0x0000000087300000, 0x0000000087400000|  0%| F|  |TAMS 0x0000000087300000, 0x0000000087300000| Untracked 
|  86|0x0000000087400000, 0x0000000087400000, 0x0000000087500000|  0%| F|  |TAMS 0x0000000087400000, 0x0000000087400000| Untracked 
|  87|0x0000000087500000, 0x0000000087500000, 0x0000000087600000|  0%| F|  |TAMS 0x0000000087500000, 0x0000000087500000| Untracked 
|  88|0x0000000087600000, 0x0000000087600000, 0x0000000087700000|  0%| F|  |TAMS 0x0000000087600000, 0x0000000087600000| Untracked 
|  89|0x0000000087700000, 0x0000000087700000, 0x0000000087800000|  0%| F|  |TAMS 0x0000000087700000, 0x0000000087700000| Untracked 
|  90|0x0000000087800000, 0x0000000087800000, 0x0000000087900000|  0%| F|  |TAMS 0x0000000087800000, 0x0000000087800000| Untracked 
|  91|0x0000000087900000, 0x0000000087900000, 0x0000000087a00000|  0%| F|  |TAMS 0x0000000087900000, 0x0000000087900000| Untracked 
|  92|0x0000000087a00000, 0x0000000087af1d48, 0x0000000087b00000| 94%| E|  |TAMS 0x0000000087a00000, 0x0000000087a00000| Complete 
|  93|0x0000000087b00000, 0x0000000087c00000, 0x0000000087c00000|100%| E|CS|TAMS 0x0000000087b00000, 0x0000000087b00000| Complete 
|  94|0x0000000087c00000, 0x0000000087d00000, 0x0000000087d00000|100%| E|CS|TAMS 0x0000000087c00000, 0x0000000087c00000| Complete 
|  95|0x0000000087d00000, 0x0000000087e00000, 0x0000000087e00000|100%| E|CS|TAMS 0x0000000087d00000, 0x0000000087d00000| Complete 
|  96|0x0000000087e00000, 0x0000000087f00000, 0x0000000087f00000|100%| E|CS|TAMS 0x0000000087e00000, 0x0000000087e00000| Complete 
|  97|0x0000000087f00000, 0x0000000088000000, 0x0000000088000000|100%| E|CS|TAMS 0x0000000087f00000, 0x0000000087f00000| Complete 
|  98|0x0000000088000000, 0x0000000088100000, 0x0000000088100000|100%| E|CS|TAMS 0x0000000088000000, 0x0000000088000000| Complete 
|  99|0x0000000088100000, 0x0000000088200000, 0x0000000088200000|100%| E|CS|TAMS 0x0000000088100000, 0x0000000088100000| Complete 
| 100|0x0000000088200000, 0x0000000088300000, 0x0000000088300000|100%| E|CS|TAMS 0x0000000088200000, 0x0000000088200000| Complete 
| 101|0x0000000088300000, 0x0000000088400000, 0x0000000088400000|100%| E|CS|TAMS 0x0000000088300000, 0x0000000088300000| Complete 
| 102|0x0000000088400000, 0x0000000088500000, 0x0000000088500000|100%| E|CS|TAMS 0x0000000088400000, 0x0000000088400000| Complete 
| 103|0x0000000088500000, 0x0000000088600000, 0x0000000088600000|100%| E|CS|TAMS 0x0000000088500000, 0x0000000088500000| Complete 
| 104|0x0000000088600000, 0x0000000088700000, 0x0000000088700000|100%| E|CS|TAMS 0x0000000088600000, 0x0000000088600000| Complete 
| 105|0x0000000088700000, 0x0000000088800000, 0x0000000088800000|100%| E|CS|TAMS 0x0000000088700000, 0x0000000088700000| Complete 
| 106|0x0000000088800000, 0x0000000088900000, 0x0000000088900000|100%| E|CS|TAMS 0x0000000088800000, 0x0000000088800000| Complete 
| 107|0x0000000088900000, 0x0000000088a00000, 0x0000000088a00000|100%| E|CS|TAMS 0x0000000088900000, 0x0000000088900000| Complete 
| 108|0x0000000088a00000, 0x0000000088b00000, 0x0000000088b00000|100%| E|CS|TAMS 0x0000000088a00000, 0x0000000088a00000| Complete 
| 109|0x0000000088b00000, 0x0000000088c00000, 0x0000000088c00000|100%| E|CS|TAMS 0x0000000088b00000, 0x0000000088b00000| Complete 
| 110|0x0000000088c00000, 0x0000000088d00000, 0x0000000088d00000|100%| E|CS|TAMS 0x0000000088c00000, 0x0000000088c00000| Complete 
| 111|0x0000000088d00000, 0x0000000088e00000, 0x0000000088e00000|100%| E|CS|TAMS 0x0000000088d00000, 0x0000000088d00000| Complete 
| 112|0x0000000088e00000, 0x0000000088f00000, 0x0000000088f00000|100%| E|CS|TAMS 0x0000000088e00000, 0x0000000088e00000| Complete 
| 113|0x0000000088f00000, 0x0000000089000000, 0x0000000089000000|100%| E|CS|TAMS 0x0000000088f00000, 0x0000000088f00000| Complete 
| 114|0x0000000089000000, 0x0000000089100000, 0x0000000089100000|100%| E|CS|TAMS 0x0000000089000000, 0x0000000089000000| Complete 
| 115|0x0000000089100000, 0x0000000089200000, 0x0000000089200000|100%| E|CS|TAMS 0x0000000089100000, 0x0000000089100000| Complete 
| 116|0x0000000089200000, 0x0000000089300000, 0x0000000089300000|100%| E|CS|TAMS 0x0000000089200000, 0x0000000089200000| Complete 
| 117|0x0000000089300000, 0x0000000089400000, 0x0000000089400000|100%| E|CS|TAMS 0x0000000089300000, 0x0000000089300000| Complete 
| 118|0x0000000089400000, 0x0000000089500000, 0x0000000089500000|100%| E|CS|TAMS 0x0000000089400000, 0x0000000089400000| Complete 
| 119|0x0000000089500000, 0x0000000089600000, 0x0000000089600000|100%| E|CS|TAMS 0x0000000089500000, 0x0000000089500000| Complete 
| 120|0x0000000089600000, 0x0000000089700000, 0x0000000089700000|100%| E|CS|TAMS 0x0000000089600000, 0x0000000089600000| Complete 
| 121|0x0000000089700000, 0x0000000089800000, 0x0000000089800000|100%| E|CS|TAMS 0x0000000089700000, 0x0000000089700000| Complete 
| 122|0x0000000089800000, 0x0000000089900000, 0x0000000089900000|100%| E|CS|TAMS 0x0000000089800000, 0x0000000089800000| Complete 
| 123|0x0000000089900000, 0x0000000089a00000, 0x0000000089a00000|100%| E|CS|TAMS 0x0000000089900000, 0x0000000089900000| Complete 
| 124|0x0000000089a00000, 0x0000000089b00000, 0x0000000089b00000|100%| E|CS|TAMS 0x0000000089a00000, 0x0000000089a00000| Complete 
| 125|0x0000000089b00000, 0x0000000089c00000, 0x0000000089c00000|100%| E|CS|TAMS 0x0000000089b00000, 0x0000000089b00000| Complete 
| 126|0x0000000089c00000, 0x0000000089d00000, 0x0000000089d00000|100%| E|CS|TAMS 0x0000000089c00000, 0x0000000089c00000| Complete 
| 127|0x0000000089d00000, 0x0000000089e00000, 0x0000000089e00000|100%| E|CS|TAMS 0x0000000089d00000, 0x0000000089d00000| Complete 

Card table byte_map: [0x000001f800400000,0x000001f800800000] _byte_map_base: 0x000001f7ffff1000

Marking Bits (Prev, Next): (CMBitMap*) 0x000001f8688b6d50, (CMBitMap*) 0x000001f8688b6d18
 Prev Bits: [0x000001f802b90000, 0x000001f804b18000)
 Next Bits: [0x000001f800c00000, 0x000001f802b88000)

Polling page: 0x000001f8666f0000

Metaspace:

Usage:
  Non-class:     22.21 MB capacity,    21.78 MB ( 98%) used,   361.82 KB (  2%) free+waste,    72.06 KB ( <1%) overhead. 
      Class:      2.99 MB capacity,     2.76 MB ( 92%) used,   201.21 KB (  7%) free+waste,    35.00 KB (  1%) overhead. 
       Both:     25.20 MB capacity,    24.54 MB ( 97%) used,   563.03 KB (  2%) free+waste,   107.06 KB ( <1%) overhead. 

Virtual space:
  Non-class space:       24.00 MB reserved,      22.25 MB ( 93%) committed 
      Class space:        1.00 GB reserved,       3.00 MB ( <1%) committed 
             Both:        1.02 GB reserved,      25.25 MB (  2%) committed 

Chunk freelists:
   Non-Class:  43.00 KB
       Class:  10.00 KB
        Both:  53.00 KB

MaxMetaspaceSize: 17179869184.00 GB
CompressedClassSpaceSize: 1.00 GB

CodeHeap 'non-profiled nmethods': size=120064Kb used=944Kb max_used=944Kb free=119119Kb
 bounds [0x000001f878a20000, 0x000001f878c90000, 0x000001f87ff60000]
CodeHeap 'profiled nmethods': size=120000Kb used=4329Kb max_used=4329Kb free=115670Kb
 bounds [0x000001f8714f0000, 0x000001f871930000, 0x000001f878a20000]
CodeHeap 'non-nmethods': size=5696Kb used=1117Kb max_used=1156Kb free=4578Kb
 bounds [0x000001f870f60000, 0x000001f8711d0000, 0x000001f8714f0000]
 total_blobs=2627 nmethods=2191 adapters=347
 compilation: enabled
              stopped_count=0, restarted_count=0
 full_count=0

Compilation events (20 events):
Event: 2.073 Thread 0x000001f807033000 2131       3       org.springframework.util.ClassUtils::resolvePrimitiveIfNecessary (37 bytes)
Event: 2.073 Thread 0x000001f807033000 nmethod 2131 0x000001f8718aca10 code [0x000001f8718acc00, 0x000001f8718ad058]
Event: 2.076 Thread 0x000001f807033000 2133       3       sun.reflect.annotation.AnnotationParser::toArray (18 bytes)
Event: 2.076 Thread 0x000001f807033000 nmethod 2133 0x000001f8718ad210 code [0x000001f8718ad3e0, 0x000001f8718ad738]
Event: 2.076 Thread 0x000001f807033000 2135       3       java.util.Collections$EmptySet::toArray (11 bytes)
Event: 2.077 Thread 0x000001f807033000 nmethod 2135 0x000001f8718ad810 code [0x000001f8718ad9e0, 0x000001f8718adcb8]
Event: 2.077 Thread 0x000001f807033000 2134       3       java.lang.Class::annotationData (44 bytes)
Event: 2.077 Thread 0x000001f807033000 nmethod 2134 0x000001f8718add90 code [0x000001f8718adf60, 0x000001f8718ae2c8]
Event: 2.079 Thread 0x000001f807033000 2136   !   3       jdk.internal.loader.BuiltinClassLoader::findResource (154 bytes)
Event: 2.080 Thread 0x000001f807c72000 nmethod 2083 0x000001f878afc790 code [0x000001f878afca00, 0x000001f878afe720]
Event: 2.080 Thread 0x000001f807c72000 2098       4       java.util.concurrent.ConcurrentHashMap::get (162 bytes)
Event: 2.080 Thread 0x000001f807033000 nmethod 2136 0x000001f8718ae410 code [0x000001f8718ae780, 0x000001f8718afb68]
Event: 2.080 Thread 0x000001f807033000 2137       3       jdk.internal.loader.BuiltinClassLoader::findResourceOnClassPath (41 bytes)
Event: 2.081 Thread 0x000001f807033000 nmethod 2137 0x000001f8718b0390 code [0x000001f8718b05a0, 0x000001f8718b0b08]
Event: 2.081 Thread 0x000001f807033000 2139       3       java.util.stream.Sink$ChainedReference::<init> (16 bytes)
Event: 2.081 Thread 0x000001f807033000 nmethod 2139 0x000001f8718b0c90 code [0x000001f8718b0e80, 0x000001f8718b1288]
Event: 2.081 Thread 0x000001f807033000 2138       1       java.security.Permission::getName (5 bytes)
Event: 2.081 Thread 0x000001f807033000 nmethod 2138 0x000001f878aff410 code [0x000001f878aff5c0, 0x000001f878aff678]
Event: 2.081 Thread 0x000001f807033000 2140       1       java.net.JarURLConnection::getJarFileURL (5 bytes)
Event: 2.081 Thread 0x000001f807033000 nmethod 2140 0x000001f878aff710 code [0x000001f878aff8c0, 0x000001f878aff978]

GC Heap History (4 events):
Event: 0.547 GC heap before
{Heap before GC invocations=0 (full 0):
 garbage-first heap   total 131072K, used 13312K [0x0000000081e00000, 0x0000000100000000)
  region size 1024K, 14 young (14336K), 0 survivors (0K)
 Metaspace       used 9882K, capacity 10071K, committed 10240K, reserved 1058816K
  class space    used 920K, capacity 974K, committed 1024K, reserved 1048576K
}
Event: 0.560 GC heap after
{Heap after GC invocations=1 (full 0):
 garbage-first heap   total 131072K, used 3414K [0x0000000081e00000, 0x0000000100000000)
  region size 1024K, 2 young (2048K), 2 survivors (2048K)
 Metaspace       used 9882K, capacity 10071K, committed 10240K, reserved 1058816K
  class space    used 920K, capacity 974K, committed 1024K, reserved 1048576K
}
Event: 1.503 GC heap before
{Heap before GC invocations=1 (full 0):
 garbage-first heap   total 131072K, used 49494K [0x0000000081e00000, 0x0000000100000000)
  region size 1024K, 48 young (49152K), 2 survivors (2048K)
 Metaspace       used 20556K, capacity 21099K, committed 21248K, reserved 1069056K
  class space    used 2215K, capacity 2434K, committed 2560K, reserved 1048576K
}
Event: 1.515 GC heap after
{Heap after GC invocations=2 (full 0):
 garbage-first heap   total 131072K, used 5794K [0x0000000081e00000, 0x0000000100000000)
  region size 1024K, 5 young (5120K), 5 survivors (5120K)
 Metaspace       used 20556K, capacity 21099K, committed 21248K, reserved 1069056K
  class space    used 2215K, capacity 2434K, committed 2560K, reserved 1048576K
}

Deoptimization events (20 events):
Event: 1.970 Thread 0x000001f808f65000 DEOPT PACKING pc=0x000001f87167d496 sp=0x0000002c22ffe030
Event: 1.970 Thread 0x000001f808f65000 DEOPT UNPACKING pc=0x000001f870f872ce sp=0x0000002c22ffd548 mode 0
Event: 1.970 Thread 0x000001f808f65000 DEOPT PACKING pc=0x000001f8716c9491 sp=0x0000002c22ffe060
Event: 1.970 Thread 0x000001f808f65000 DEOPT UNPACKING pc=0x000001f870f872ce sp=0x0000002c22ffd538 mode 0
Event: 1.971 Thread 0x000001f808f65000 DEOPT PACKING pc=0x000001f87167d496 sp=0x0000002c22ffe030
Event: 1.971 Thread 0x000001f808f65000 DEOPT UNPACKING pc=0x000001f870f872ce sp=0x0000002c22ffd548 mode 0
Event: 1.971 Thread 0x000001f808f65000 DEOPT PACKING pc=0x000001f8716c9491 sp=0x0000002c22ffe060
Event: 1.971 Thread 0x000001f808f65000 DEOPT UNPACKING pc=0x000001f870f872ce sp=0x0000002c22ffd538 mode 0
Event: 1.971 Thread 0x000001f808f65000 DEOPT PACKING pc=0x000001f87167d496 sp=0x0000002c22ffe030
Event: 1.971 Thread 0x000001f808f65000 DEOPT UNPACKING pc=0x000001f870f872ce sp=0x0000002c22ffd548 mode 0
Event: 1.971 Thread 0x000001f808f65000 DEOPT PACKING pc=0x000001f8716c9491 sp=0x0000002c22ffe060
Event: 1.971 Thread 0x000001f808f65000 DEOPT UNPACKING pc=0x000001f870f872ce sp=0x0000002c22ffd538 mode 0
Event: 1.971 Thread 0x000001f808f65000 DEOPT PACKING pc=0x000001f87167d496 sp=0x0000002c22ffe030
Event: 1.971 Thread 0x000001f808f65000 DEOPT UNPACKING pc=0x000001f870f872ce sp=0x0000002c22ffd548 mode 0
Event: 1.971 Thread 0x000001f808f65000 DEOPT PACKING pc=0x000001f8716c9491 sp=0x0000002c22ffe060
Event: 1.971 Thread 0x000001f808f65000 DEOPT UNPACKING pc=0x000001f870f872ce sp=0x0000002c22ffd538 mode 0
Event: 1.971 Thread 0x000001f808f65000 DEOPT PACKING pc=0x000001f87167d496 sp=0x0000002c22ffe030
Event: 1.971 Thread 0x000001f808f65000 DEOPT UNPACKING pc=0x000001f870f872ce sp=0x0000002c22ffd548 mode 0
Event: 1.972 Thread 0x000001f808f65000 DEOPT PACKING pc=0x000001f8716c9491 sp=0x0000002c22ffe060
Event: 1.972 Thread 0x000001f808f65000 DEOPT UNPACKING pc=0x000001f870f872ce sp=0x0000002c22ffd538 mode 0

Classes redefined (0 events):
No events

Internal exceptions (20 events):
Event: 1.647 Thread 0x000001f808efa800 Exception <a 'java/lang/NoSuchMethodError'{0x0000000089182b38}: 'long java.lang.invoke.DirectMethodHandle$Holder.invokeStaticInit(java.lang.Object, java.lang.Object)'> (0x0000000089182b38) thrown at [./src/hotspot/share/interpreter/linkResolver.cpp, line 773]
Event: 1.648 Thread 0x000001f808efa800 Exception <a 'java/lang/NoSuchMethodError'{0x000000008918f328}: 'long java.lang.invoke.DirectMethodHandle$Holder.invokeInterface(java.lang.Object, java.lang.Object)'> (0x000000008918f328) thrown at [./src/hotspot/share/interpreter/linkResolver.cpp, line 773]
Event: 1.648 Thread 0x000001f808efa800 Exception <a 'java/lang/IncompatibleClassChangeError'{0x0000000089192308}: Found class java.lang.Object, but interface was expected> (0x0000000089192308) thrown at [./src/hotspot/share/interpreter/linkResolver.cpp, line 839]
Event: 1.662 Thread 0x000001f808efa800 Exception <a 'java/lang/NoSuchMethodError'{0x000000008901a0d8}: 'java.lang.Object java.lang.invoke.DirectMethodHandle$Holder.invokeVirtual(java.lang.Object, java.lang.Object, java.lang.Object, java.lang.Object)'> (0x000000008901a0d8) thrown at [./src/hotspot/share/interpreter/linkResolver.cpp, line 773]
Event: 1.698 Thread 0x000001f808f65000 Exception <a 'java/lang/ClassNotFoundException'{0x00000000893a4d00}: org/springframework/context/annotation/ConfigurationClassPostProcessorCustomizer> (0x00000000893a4d00) thrown at [./src/hotspot/share/classfile/systemDictionary.cpp, line 231]
Event: 1.702 Thread 0x000001f808f65000 Exception <a 'java/lang/ClassNotFoundException'{0x0000000089050b68}: org/springframework/beans/factory/support/BeanDefinitionRegistryPostProcessorCustomizer> (0x0000000089050b68) thrown at [./src/hotspot/share/classfile/systemDictionary.cpp, line 231]
Event: 1.702 Thread 0x000001f808f65000 Exception <a 'java/lang/ClassNotFoundException'{0x000000008905c6b0}: org/springframework/beans/factory/config/BeanFactoryPostProcessorCustomizer> (0x000000008905c6b0) thrown at [./src/hotspot/share/classfile/systemDictionary.cpp, line 231]
Event: 1.703 Thread 0x000001f808f65000 Exception <a 'java/lang/ClassNotFoundException'{0x0000000089066810}: org/springframework/core/PriorityOrderedCustomizer> (0x0000000089066810) thrown at [./src/hotspot/share/classfile/systemDictionary.cpp, line 231]
Event: 1.703 Thread 0x000001f808f65000 Exception <a 'java/lang/ClassNotFoundException'{0x000000008906ef88}: org/springframework/core/OrderedCustomizer> (0x000000008906ef88) thrown at [./src/hotspot/share/classfile/systemDictionary.cpp, line 231]
Event: 1.704 Thread 0x000001f808f65000 Exception <a 'java/lang/ClassNotFoundException'{0x0000000089079580}: org/springframework/context/ResourceLoaderAwareCustomizer> (0x0000000089079580) thrown at [./src/hotspot/share/classfile/systemDictionary.cpp, line 231]
Event: 1.705 Thread 0x000001f808f65000 Exception <a 'java/lang/ClassNotFoundException'{0x0000000089083530}: org/springframework/beans/factory/AwareCustomizer> (0x0000000089083530) thrown at [./src/hotspot/share/classfile/systemDictionary.cpp, line 231]
Event: 1.706 Thread 0x000001f808f65000 Exception <a 'java/lang/ClassNotFoundException'{0x000000008908d168}: org/springframework/context/ApplicationStartupAwareCustomizer> (0x000000008908d168) thrown at [./src/hotspot/share/classfile/systemDictionary.cpp, line 231]
Event: 1.706 Thread 0x000001f808f65000 Exception <a 'java/lang/ClassNotFoundException'{0x0000000089097390}: org/springframework/beans/factory/AwareCustomizer> (0x0000000089097390) thrown at [./src/hotspot/share/classfile/systemDictionary.cpp, line 231]
Event: 1.707 Thread 0x000001f808f65000 Exception <a 'java/lang/ClassNotFoundException'{0x00000000890a11e0}: org/springframework/beans/factory/BeanClassLoaderAwareCustomizer> (0x00000000890a11e0) thrown at [./src/hotspot/share/classfile/systemDictionary.cpp, line 231]
Event: 1.707 Thread 0x000001f808f65000 Exception <a 'java/lang/ClassNotFoundException'{0x00000000890ab1a8}: org/springframework/beans/factory/AwareCustomizer> (0x00000000890ab1a8) thrown at [./src/hotspot/share/classfile/systemDictionary.cpp, line 231]
Event: 1.707 Thread 0x000001f808f65000 Exception <a 'java/lang/ClassNotFoundException'{0x00000000890b4608}: org/springframework/context/EnvironmentAwareCustomizer> (0x00000000890b4608) thrown at [./src/hotspot/share/classfile/systemDictionary.cpp, line 231]
Event: 1.708 Thread 0x000001f808f65000 Exception <a 'java/lang/ClassNotFoundException'{0x00000000890be548}: org/springframework/beans/factory/AwareCustomizer> (0x00000000890be548) thrown at [./src/hotspot/share/classfile/systemDictionary.cpp, line 231]
Event: 1.750 Thread 0x000001f808f65000 Exception <a 'java/lang/NoSuchMethodError'{0x0000000088e038c0}: 'java.lang.Object java.lang.invoke.DirectMethodHandle$Holder.invokeVirtual(java.lang.Object, java.lang.Object, java.lang.Object)'> (0x0000000088e038c0) thrown at [./src/hotspot/share/interpreter/linkResolver.cpp, line 773]
Event: 1.965 Thread 0x000001f808f65000 Exception <a 'java/lang/IncompatibleClassChangeError'{0x0000000088672fc8}: Found class java.lang.Object, but interface was expected> (0x0000000088672fc8) thrown at [./src/hotspot/share/interpreter/linkResolver.cpp, line 839]
Event: 1.994 Thread 0x000001f808f65000 Exception <a 'java/lang/NoSuchMethodError'{0x0000000088406a58}: 'void java.lang.invoke.DirectMethodHandle$Holder.invokeInterface(java.lang.Object, java.lang.Object, java.lang.Object, java.lang.Object)'> (0x0000000088406a58) thrown at [./src/hotspot/share/interpreter/linkResolver.cpp, line 773]

Events (20 events):
Event: 2.078 loading class freemarker/template/Configuration
Event: 2.078 loading class freemarker/template/Configuration done
Event: 2.078 loading class freemarker/template$Configuration
Event: 2.078 loading class freemarker/template$Configuration done
Event: 2.078 loading class com/samskivert/mustache/Template
Event: 2.078 loading class com/samskivert/mustache/Template done
Event: 2.078 loading class com/samskivert/mustache$Template
Event: 2.078 loading class com/samskivert/mustache$Template done
Event: 2.078 loading class groovy/text/TemplateEngine
Event: 2.078 loading class groovy/text/TemplateEngine done
Event: 2.078 loading class groovy/text$TemplateEngine
Event: 2.078 loading class groovy/text$TemplateEngine done
Event: 2.078 loading class org/thymeleaf/spring5/SpringTemplateEngine
Event: 2.078 loading class org/thymeleaf/spring5/SpringTemplateEngine done
Event: 2.079 loading class org/thymeleaf/spring5$SpringTemplateEngine
Event: 2.079 loading class org/thymeleaf/spring5$SpringTemplateEngine done
Event: 2.079 loading class org/apache/jasper/compiler/JspConfig
Event: 2.079 loading class org/apache/jasper/compiler/JspConfig done
Event: 2.079 loading class org/apache/jasper/compiler$JspConfig
Event: 2.079 loading class org/apache/jasper/compiler$JspConfig done


Dynamic libraries:
0x00007ff794900000 - 0x00007ff79490d000 	C:\Program Files\AdoptOpenJDK\jdk-11.0.9.101-hotspot\bin\javaw.exe
0x00007ffaf3710000 - 0x00007ffaf3906000 	C:\WINDOWS\SYSTEM32\ntdll.dll
0x00007ffaf2100000 - 0x00007ffaf21bd000 	C:\WINDOWS\System32\KERNEL32.DLL
0x00007ffaf10f0000 - 0x00007ffaf13b9000 	C:\WINDOWS\System32\KERNELBASE.dll
0x00007ffaf15a0000 - 0x00007ffaf16a0000 	C:\WINDOWS\System32\ucrtbase.dll
0x00007ffadb780000 - 0x00007ffadb797000 	C:\Program Files\AdoptOpenJDK\jdk-11.0.9.101-hotspot\bin\jli.dll
0x00007ffaf1be0000 - 0x00007ffaf1d80000 	C:\WINDOWS\System32\USER32.dll
0x00007ffac4b80000 - 0x00007ffac4b95000 	C:\Program Files\AdoptOpenJDK\jdk-11.0.9.101-hotspot\bin\VCRUNTIME140.dll
0x00007ffaf0e50000 - 0x00007ffaf0e72000 	C:\WINDOWS\System32\win32u.dll
0x00007ffad8100000 - 0x00007ffad839b000 	C:\WINDOWS\WinSxS\amd64_microsoft.windows.common-controls_6595b64144ccf1df_6.0.19041.488_none_ca04af081b815d21\COMCTL32.dll
0x00007ffaf36a0000 - 0x00007ffaf36ca000 	C:\WINDOWS\System32\GDI32.dll
0x00007ffaf0fe0000 - 0x00007ffaf10e9000 	C:\WINDOWS\System32\gdi32full.dll
0x00007ffaf2310000 - 0x00007ffaf23ae000 	C:\WINDOWS\System32\msvcrt.dll
0x00007ffaf1450000 - 0x00007ffaf14ed000 	C:\WINDOWS\System32\msvcp_win.dll
0x00007ffaf2de0000 - 0x00007ffaf2e10000 	C:\WINDOWS\System32\IMM32.DLL
0x00007ffabbc10000 - 0x00007ffabbcab000 	C:\Program Files\AdoptOpenJDK\jdk-11.0.9.101-hotspot\bin\msvcp140.dll
0x00007ffa97240000 - 0x00007ffa97d83000 	C:\Program Files\AdoptOpenJDK\jdk-11.0.9.101-hotspot\bin\server\jvm.dll
0x00007ffaf1d80000 - 0x00007ffaf1e2c000 	C:\WINDOWS\System32\ADVAPI32.dll
0x00007ffaf1f50000 - 0x00007ffaf1fec000 	C:\WINDOWS\System32\sechost.dll
0x00007ffaf2cb0000 - 0x00007ffaf2ddb000 	C:\WINDOWS\System32\RPCRT4.dll
0x00007ffaf20f0000 - 0x00007ffaf20f8000 	C:\WINDOWS\System32\PSAPI.DLL
0x00007ffad83b0000 - 0x00007ffad83d7000 	C:\WINDOWS\SYSTEM32\WINMM.dll
0x00007ffad5860000 - 0x00007ffad5869000 	C:\WINDOWS\SYSTEM32\WSOCK32.dll
0x00007ffae47f0000 - 0x00007ffae47fa000 	C:\WINDOWS\SYSTEM32\VERSION.dll
0x00007ffaf24f0000 - 0x00007ffaf255b000 	C:\WINDOWS\System32\WS2_32.dll
0x00007ffaeec70000 - 0x00007ffaeec82000 	C:\WINDOWS\SYSTEM32\kernel.appcore.dll
0x00007ffaead80000 - 0x00007ffaead90000 	C:\Program Files\AdoptOpenJDK\jdk-11.0.9.101-hotspot\bin\verify.dll
0x00007ffad71b0000 - 0x00007ffad7394000 	C:\WINDOWS\SYSTEM32\DBGHELP.DLL
0x00007ffad4d20000 - 0x00007ffad4d4c000 	C:\WINDOWS\SYSTEM32\dbgcore.DLL
0x00007ffaf16f0000 - 0x00007ffaf1770000 	C:\WINDOWS\System32\bcryptPrimitives.dll
0x00007ffadbe50000 - 0x00007ffadbe78000 	C:\Program Files\AdoptOpenJDK\jdk-11.0.9.101-hotspot\bin\java.dll
0x00007ffae9d60000 - 0x00007ffae9d6a000 	C:\Program Files\AdoptOpenJDK\jdk-11.0.9.101-hotspot\bin\jimage.dll
0x00007ffadb670000 - 0x00007ffadb687000 	C:\Program Files\AdoptOpenJDK\jdk-11.0.9.101-hotspot\bin\zip.dll
0x00007ffaf2560000 - 0x00007ffaf2ca2000 	C:\WINDOWS\System32\SHELL32.dll
0x00007ffaeef80000 - 0x00007ffaef715000 	C:\WINDOWS\SYSTEM32\windows.storage.dll
0x00007ffaf3340000 - 0x00007ffaf3696000 	C:\WINDOWS\System32\combase.dll
0x00007ffaf0780000 - 0x00007ffaf07ac000 	C:\WINDOWS\SYSTEM32\Wldp.dll
0x00007ffaf30e0000 - 0x00007ffaf318e000 	C:\WINDOWS\System32\SHCORE.dll
0x00007ffaf3080000 - 0x00007ffaf30d5000 	C:\WINDOWS\System32\shlwapi.dll
0x00007ffaf0d80000 - 0x00007ffaf0da6000 	C:\WINDOWS\SYSTEM32\profapi.dll
0x00007ffada4f0000 - 0x00007ffada509000 	C:\Program Files\AdoptOpenJDK\jdk-11.0.9.101-hotspot\bin\net.dll
0x00007ffaea610000 - 0x00007ffaea710000 	C:\WINDOWS\SYSTEM32\WINHTTP.dll
0x00007ffaf0570000 - 0x00007ffaf05da000 	C:\WINDOWS\system32\mswsock.dll
0x00007ffad2e80000 - 0x00007ffad2e92000 	C:\Program Files\AdoptOpenJDK\jdk-11.0.9.101-hotspot\bin\nio.dll
0x00007ffadb770000 - 0x00007ffadb779000 	C:\Program Files\AdoptOpenJDK\jdk-11.0.9.101-hotspot\bin\management.dll
0x00007ffadb660000 - 0x00007ffadb66b000 	C:\Program Files\AdoptOpenJDK\jdk-11.0.9.101-hotspot\bin\management_ext.dll
0x00007ffadfbe0000 - 0x00007ffadfbf7000 	C:\WINDOWS\system32\napinsp.dll
0x00007ffadfbc0000 - 0x00007ffadfbdb000 	C:\WINDOWS\system32\pnrpnsp.dll
0x00007ffaea1d0000 - 0x00007ffaea1e5000 	C:\WINDOWS\system32\wshbth.dll
0x00007ffaec0c0000 - 0x00007ffaec0dd000 	C:\WINDOWS\system32\NLAapi.dll
0x00007ffaf0220000 - 0x00007ffaf025b000 	C:\WINDOWS\SYSTEM32\IPHLPAPI.DLL
0x00007ffaf0260000 - 0x00007ffaf032b000 	C:\WINDOWS\SYSTEM32\DNSAPI.dll
0x00007ffaf22f0000 - 0x00007ffaf22f8000 	C:\WINDOWS\System32\NSI.dll
0x00007ffadfc00000 - 0x00007ffadfc12000 	C:\WINDOWS\System32\winrnr.dll
0x00007ffaea380000 - 0x00007ffaea38a000 	C:\Windows\System32\rasadhlp.dll
0x00007ffaec040000 - 0x00007ffaec0bf000 	C:\WINDOWS\System32\fwpuclnt.dll
0x00007ffaf1420000 - 0x00007ffaf1447000 	C:\WINDOWS\System32\bcrypt.dll

dbghelp: loaded successfully - version: 4.0.5 - missing functions: none
symbol engine: initialized successfully - sym options: 0x614 - pdb path: .;C:\Program Files\AdoptOpenJDK\jdk-11.0.9.101-hotspot\bin;C:\WINDOWS\SYSTEM32;C:\WINDOWS\WinSxS\amd64_microsoft.windows.common-controls_6595b64144ccf1df_6.0.19041.488_none_ca04af081b815d21;C:\Program Files\AdoptOpenJDK\jdk-11.0.9.101-hotspot\bin\server

VM Arguments:
jvm_args: -Dfile.encoding=UTF-8 
java_command: relatorio.RelatorioApiApplication
java_class_path (initial): C:\Users\h013026\OneDrive - Default Directory\Spring\relatorio-api\target\classes;C:\Users\h013026\.m2\repository\org\springframework\boot\spring-boot-starter-web\2.7.5\spring-boot-starter-web-2.7.5.jar;C:\Users\h013026\.m2\repository\org\springframework\boot\spring-boot-starter\2.7.5\spring-boot-starter-2.7.5.jar;C:\Users\h013026\.m2\repository\org\springframework\boot\spring-boot-starter-logging\2.7.5\spring-boot-starter-logging-2.7.5.jar;C:\Users\h013026\.m2\repository\ch\qos\logback\logback-classic\1.2.11\logback-classic-1.2.11.jar;C:\Users\h013026\.m2\repository\ch\qos\logback\logback-core\1.2.11\logback-core-1.2.11.jar;C:\Users\h013026\.m2\repository\org\apache\logging\log4j\log4j-to-slf4j\2.17.2\log4j-to-slf4j-2.17.2.jar;C:\Users\h013026\.m2\repository\org\apache\logging\log4j\log4j-api\2.17.2\log4j-api-2.17.2.jar;C:\Users\h013026\.m2\repository\org\slf4j\jul-to-slf4j\1.7.36\jul-to-slf4j-1.7.36.jar;C:\Users\h013026\.m2\repository\jakarta\annotation\jakarta.annotation-api\1.3.5\jakarta.annotation-api-1.3.5.jar;C:\Users\h013026\.m2\repository\org\yaml\snakeyaml\1.30\snakeyaml-1.30.jar;C:\Users\h013026\.m2\repository\org\springframework\boot\spring-boot-starter-json\2.7.5\spring-boot-starter-json-2.7.5.jar;C:\Users\h013026\.m2\repository\com\fasterxml\jackson\core\jackson-databind\2.13.4.2\jackson-databind-2.13.4.2.jar;C:\Users\h013026\.m2\repository\com\fasterxml\jackson\core\jackson-annotations\2.13.4\jackson-annotations-2.13.4.jar;C:\Users\h013026\.m2\repository\com\fasterxml\jackson\core\jackson-core\2.13.4\jackson-core-2.13.4.jar;C:\Users\h013026\.m2\repository\com\fasterxml\jackson\datatype\jackson-datatype-jdk8\2.13.4\jackson-datatype-jdk8-2.13.4.jar;C:\Users\h013026\.m2\repository\com\fasterxml\jackson\datatype\jackson-datatype-jsr310\2.13.4\jackson-datatype-jsr310-2.13.4.jar;C:\Users\h013026\.m2\repository\com\fasterxml\jackson\module\jackson-module-parameter-names\2.13.4\jackson-module-parameter-names-2.13.4.jar;C:\Users\h0
Launcher Type: SUN_STANDARD

[Global flags]
     intx CICompilerCount                          = 3                                         {product} {ergonomic}
     uint ConcGCThreads                            = 1                                         {product} {ergonomic}
     uint G1ConcRefinementThreads                  = 4                                         {product} {ergonomic}
   size_t G1HeapRegionSize                         = 1048576                                   {product} {ergonomic}
    uintx GCDrainStackTargetSize                   = 64                                        {product} {ergonomic}
   size_t InitialHeapSize                          = 134217728                                 {product} {ergonomic}
   size_t MarkStackSize                            = 4194304                                   {product} {ergonomic}
   size_t MaxHeapSize                              = 2116026368                                {product} {ergonomic}
   size_t MaxNewSize                               = 1268776960                                {product} {ergonomic}
   size_t MinHeapDeltaBytes                        = 1048576                                   {product} {ergonomic}
    uintx NonNMethodCodeHeapSize                   = 5830732                                {pd product} {ergonomic}
    uintx NonProfiledCodeHeapSize                  = 122913754                              {pd product} {ergonomic}
    uintx ProfiledCodeHeapSize                     = 122913754                              {pd product} {ergonomic}
    uintx ReservedCodeCacheSize                    = 251658240                              {pd product} {ergonomic}
     bool SegmentedCodeCache                       = true                                      {product} {ergonomic}
     bool UseCompressedClassPointers               = true                                 {lp64_product} {ergonomic}
     bool UseCompressedOops                        = true                                 {lp64_product} {ergonomic}
     bool UseG1GC                                  = true                                      {product} {ergonomic}
     bool UseLargePagesIndividualAllocation        = false                                  {pd product} {ergonomic}

Logging:
Log output configuration:
 #0: stdout all=warning uptime,level,tags
 #1: stderr all=off uptime,level,tags

Environment Variables:
JAVA_HOME=C:\Program Files\AdoptOpenJDK\jdk-11.0.9.101-hotspot\
PATH=C:/Program Files/AdoptOpenJDK/jdk-11.0.9.101-hotspot/bin/client;C:/Program Files/AdoptOpenJDK/jdk-11.0.9.101-hotspot/bin;C:\Python311\Scripts\;C:\Python311\;C:\Program Files\AdoptOpenJDK\jdk-11.0.9.101-hotspot\bin;C:\Program Files (x86)\Common Files\Oracle\Java\javapath;C:\Program Files\Microsoft MPI\Bin\;C:\ProgramData\Oracle\Java\javapath;C:\Windows\system32;C:\Windows;C:\Windows\System32\Wbem;C:\Windows\System32\WindowsPowerShell\v1.0\;C:\Program Files\SourceGear\Common\DiffMerge\;C:\Program Files\Microsoft SQL Server\130\Tools\Binn\;C:\Program Files\PostgreSQL\10\bin;C:\Program Files\PostgreSQL\10\lib;C:\Program Files\Microsoft VS Code\bin;C:\Program Files\MongoDB\Server\4.0\bin;C:\Program Files\RStudio\bin;C:\Program Files\R\R-3.5.3\bin;C:\ProgramData\chocolatey\bin;C:\Program Files (x86)\vim\vim80;C:\apache-maven-3.6.3\bin;C:\Program Files\Java\jdk1.8.0_241\bin;C:\Program Files (x86)\Microsoft SQL Server\100\Tools\Binn\;C:\Program Files\Microsoft SQL Server\100\Tools\Binn\;C:\Program Files\Microsoft SQL Server\100\DTS\Binn\;C:\Program Files (x86)\Microsoft SQL Server\100\Tools\Binn\VSShell\Common7\IDE\;C:\Program Files (x86)\Microsoft SQL Server\100\DTS\Binn\;C:\Program Files (x86)\Microsoft Visual Studio 9.0\Common7\IDE\PrivateAssemblies\;C:\WINDOWS\system32;C:\WINDOWS;C:\WINDOWS\System32\Wbem;C:\WINDOWS\System32\WindowsPowerShell\v1.0\;C:\WINDOWS\System32\OpenSSH\;c:\Program Files (x86)\Microsoft SQL Server\110\Tools\Binn\;c:\Program Files\Microsoft SQL Server\110\Tools\Binn\;c:\Program Files\Microsoft SQL Server\110\DTS\Binn\;C:\Users\h013026\Anaconda3\Scripts;C:\Program Files\Microsoft SQL Server\Client SDK\ODBC\170\Tools\Binn\;C:\Users\h013026\.sdkman\bin;C:\flyway-8.0.0-beta3;C:\Program Files\PuTTY\;C:\Program Files\Git\cmd;C:\Program Files\GitHub CLI\;C:\Program Files (x86)\Microsoft SQL Server\150\DTS\Binn\;C:\Program Files\Azure Data Studio\bin;C:\Program Files\dotnet\;C:\Program Files\nodejs\;C:\Program Files\Microsoft SQL Server\150\Tools\Binn\;%C
USERNAME=h013026
DISPLAY=needs-to-be-defined
OS=Windows_NT
PROCESSOR_IDENTIFIER=Intel64 Family 6 Model 94 Stepping 3, GenuineIntel



---------------  S Y S T E M  ---------------

OS: Windows 10 , 64 bit Build 19041 (10.0.19041.662)
OS uptime: 0 days 6:48 hours
HyperV virtualization detected

CPU:total 4 (initial active 4) (4 cores per cpu, 1 threads per core) family 6 model 94 stepping 3, cmov, cx8, fxsr, mmx, sse, sse2, sse3, ssse3, sse4.1, sse4.2, popcnt, avx, avx2, aes, clmul, erms, rtm, 3dnowpref, lzcnt, tsc, tscinvbit, bmi1, bmi2, adx, fma

Memory: 4k page, system-wide physical 8071M (1469M free)
TotalPageFile size 9975M (AvailPageFile size 8M)
current process WorkingSet (physical memory assigned to process): 145M, peak: 145M
current process commit charge ("private bytes"): 252M, peak: 253M

vm_info: OpenJDK 64-Bit Server VM (11.0.9.1+1) for windows-amd64 JRE (11.0.9.1+1), built on Nov 10 2020 15:18:49 by "" with MS VC++ 15.9 (VS2017)

END.
