#
# There is insufficient memory for the Java Runtime Environment to continue.
# Native memory allocation (mmap) failed to map 268435456 bytes for Failed to commit area from 0x0000000701e00000 to 0x0000000711e00000 of length 268435456.
# Possible reasons:
#   The system is out of physical RAM or swap space
#   The process is running with CompressedOops enabled, and the Java Heap may be blocking the growth of the native heap
# Possible solutions:
#   Reduce memory load on the system
#   Increase physical memory or swap space
#   Check if swap backing store is full
#   Decrease Java heap size (-Xmx/-Xms)
#   Decrease number of Java threads
#   Decrease Java thread stack sizes (-Xss)
#   Set larger code cache with -XX:ReservedCodeCacheSize=
# This output file may be truncated or incomplete.
#
#  Out of Memory Error (./src/hotspot/os/windows/os_windows.cpp:3303), pid=13724, tid=2608
#
# JRE version:  (11.0.9.1+1) (build )
# Java VM: OpenJDK 64-Bit Server VM (11.0.9.1+1, mixed mode, sharing, tiered, compressed oops, g1 gc, windows-amd64)
# No core dump will be written. Minidumps are not enabled by default on client versions of Windows
#

---------------  S U M M A R Y ------------

Command Line: -Dcom.sun.management.jmxremote -Dcom.sun.management.jmxremote.port=4035 -Dcom.sun.management.jmxremote.authenticate=false -Dcom.sun.management.jmxremote.ssl=false -Djava.rmi.server.hostname=localhost -Dspring.jmx.enabled=true -Dspring.liveBeansView.mbeanDomain -Dspring.application.admin.enabled=true -Xverify:none -XX:TieredStopAtLevel=1 -Dspring.boot.project.name=relatorio-api -Dfile.encoding=UTF-8 relatorio.RelatorioApiApplication

Host: Intel(R) Core(TM) i5-6500 CPU @ 3.20GHz, 4 cores, 15G,  Windows 10 , 64 bit Build 19041 (10.0.19041.662)
Time: Thu Oct 24 13:06:28 2024 E. South America Standard Time elapsed time: 0.017513 seconds (0d 0h 0m 0s)

---------------  T H R E A D  ---------------

Current thread (0x000001e75e4f7800):  JavaThread "Unknown thread" [_thread_in_vm, id=2608, stack(0x0000004570800000,0x0000004570900000)]

Stack: [0x0000004570800000,0x0000004570900000]
Native frames: (J=compiled Java code, j=interpreted, Vv=VM code, C=native code)
V  [jvm.dll+0x5f465a]
V  [jvm.dll+0x77c78e]
V  [jvm.dll+0x77de5f]
V  [jvm.dll+0x77e523]
V  [jvm.dll+0x2477c8]
V  [jvm.dll+0x5f18ba]
V  [jvm.dll+0x5e6505]
V  [jvm.dll+0x2fca8c]
V  [jvm.dll+0x2fc912]
V  [jvm.dll+0x3015c6]
V  [jvm.dll+0x345e3f]
V  [jvm.dll+0x345870]
V  [jvm.dll+0x2d9ce8]
V  [jvm.dll+0x2dae36]
V  [jvm.dll+0x758137]
V  [jvm.dll+0x7598bf]
V  [jvm.dll+0x352c39]
V  [jvm.dll+0x73b3c0]
V  [jvm.dll+0x3ba30f]
V  [jvm.dll+0x3bc7b1]
C  [jli.dll+0x520b]
C  [ucrtbase.dll+0x214c2]
C  [KERNEL32.DLL+0x17034]
C  [ntdll.dll+0x4d0d1]


---------------  P R O C E S S  ---------------

Threads class SMR info:
_java_thread_list=0x000001e75c45bb40, length=0, elements={
}

Java Threads: ( => current thread )

Other Threads:
  0x000001e75e510000 GCTaskThread "GC Thread#0" [stack: 0x0000004570a00000,0x0000004570b00000] [id=8584]
  0x000001e75e56e000 ConcurrentGCThread "G1 Main Marker" [stack: 0x0000004570b00000,0x0000004570c00000] [id=18576]
  0x000001e75e570000 ConcurrentGCThread "G1 Conc#0" [stack: 0x0000004570c00000,0x0000004570d00000] [id=13036]

[error occurred during error reporting (printing all threads), id 0xc0000005, EXCEPTION_ACCESS_VIOLATION (0xc0000005) at pc=0x00007ffa47ba9367]

VM state:not at safepoint (not fully initialized)

VM Mutex/Monitor currently owned by a thread:  ([mutex/lock_event])
[0x000001e75e4f3da0] Heap_lock - owner thread: 0x000001e75e4f7800

Heap address: 0x0000000701e00000, size: 4066 MB, Compressed Oops mode: Non-zero based: 0x0000000701e00000
Narrow klass base: 0x0000000000000000, Narrow klass shift: 0

GC Heap History (0 events):
No events

Deoptimization events (0 events):
No events

Classes redefined (0 events):
No events

Internal exceptions (0 events):
No events

Events (1 events):
Event: 0.012 Loaded shared library C:\Program Files\AdoptOpenJDK\jdk-11.0.9.101-hotspot\bin\zip.dll


Dynamic libraries:
0x00007ff6cf640000 - 0x00007ff6cf64d000 	C:\Program Files\AdoptOpenJDK\jdk-11.0.9.101-hotspot\bin\javaw.exe
0x00007ffae3d30000 - 0x00007ffae3f26000 	C:\WINDOWS\SYSTEM32\ntdll.dll
0x00007ffae38e0000 - 0x00007ffae399d000 	C:\WINDOWS\System32\KERNEL32.DLL
0x00007ffae1720000 - 0x00007ffae19e9000 	C:\WINDOWS\System32\KERNELBASE.dll
0x00007ffae1c90000 - 0x00007ffae1d90000 	C:\WINDOWS\System32\ucrtbase.dll
0x00007ffad7ee0000 - 0x00007ffad7ef7000 	C:\Program Files\AdoptOpenJDK\jdk-11.0.9.101-hotspot\bin\jli.dll
0x00007ffae2e00000 - 0x00007ffae2fa0000 	C:\WINDOWS\System32\USER32.dll
0x00007ffae19f0000 - 0x00007ffae1a12000 	C:\WINDOWS\System32\win32u.dll
0x00007ffae22e0000 - 0x00007ffae230a000 	C:\WINDOWS\System32\GDI32.dll
0x00007ffae1a20000 - 0x00007ffae1b29000 	C:\WINDOWS\System32\gdi32full.dll
0x00007ffae1680000 - 0x00007ffae171d000 	C:\WINDOWS\System32\msvcp_win.dll
0x00007ffad7ec0000 - 0x00007ffad7ed5000 	C:\Program Files\AdoptOpenJDK\jdk-11.0.9.101-hotspot\bin\VCRUNTIME140.dll
0x00007ffac3230000 - 0x00007ffac34cb000 	C:\WINDOWS\WinSxS\amd64_microsoft.windows.common-controls_6595b64144ccf1df_6.0.19041.488_none_ca04af081b815d21\COMCTL32.dll
0x00007ffae2800000 - 0x00007ffae289e000 	C:\WINDOWS\System32\msvcrt.dll
0x00007ffae2730000 - 0x00007ffae2760000 	C:\WINDOWS\System32\IMM32.DLL
0x00007ffa990c0000 - 0x00007ffa9915b000 	C:\Program Files\AdoptOpenJDK\jdk-11.0.9.101-hotspot\bin\msvcp140.dll
0x00007ffa478c0000 - 0x00007ffa48403000 	C:\Program Files\AdoptOpenJDK\jdk-11.0.9.101-hotspot\bin\server\jvm.dll
0x00007ffae3c40000 - 0x00007ffae3cec000 	C:\WINDOWS\System32\ADVAPI32.dll
0x00007ffae2760000 - 0x00007ffae27fc000 	C:\WINDOWS\System32\sechost.dll
0x00007ffae24c0000 - 0x00007ffae25eb000 	C:\WINDOWS\System32\RPCRT4.dll
0x00007ffae3bb0000 - 0x00007ffae3bb8000 	C:\WINDOWS\System32\PSAPI.DLL
0x00007ffac0730000 - 0x00007ffac0739000 	C:\WINDOWS\SYSTEM32\WSOCK32.dll
0x00007ffae26a0000 - 0x00007ffae270b000 	C:\WINDOWS\System32\WS2_32.dll
0x00007ffad7740000 - 0x00007ffad7767000 	C:\WINDOWS\SYSTEM32\WINMM.dll
0x00007ffad8900000 - 0x00007ffad890a000 	C:\WINDOWS\SYSTEM32\VERSION.dll
0x00007ffadf3a0000 - 0x00007ffadf3b2000 	C:\WINDOWS\SYSTEM32\kernel.appcore.dll
0x00007ffad83f0000 - 0x00007ffad8400000 	C:\Program Files\AdoptOpenJDK\jdk-11.0.9.101-hotspot\bin\verify.dll
0x00007ffabff80000 - 0x00007ffac0164000 	C:\WINDOWS\SYSTEM32\DBGHELP.DLL
0x00007ffabfe30000 - 0x00007ffabfe5c000 	C:\WINDOWS\SYSTEM32\dbgcore.DLL
0x00007ffae1b30000 - 0x00007ffae1bb0000 	C:\WINDOWS\System32\bcryptPrimitives.dll
0x00007ffad7e10000 - 0x00007ffad7e38000 	C:\Program Files\AdoptOpenJDK\jdk-11.0.9.101-hotspot\bin\java.dll
0x00007ffad3fd0000 - 0x00007ffad3fda000 	C:\Program Files\AdoptOpenJDK\jdk-11.0.9.101-hotspot\bin\jimage.dll
0x00007ffac3bd0000 - 0x00007ffac3be7000 	C:\Program Files\AdoptOpenJDK\jdk-11.0.9.101-hotspot\bin\zip.dll

dbghelp: loaded successfully - version: 4.0.5 - missing functions: none
symbol engine: initialized successfully - sym options: 0x614 - pdb path: .;C:\Program Files\AdoptOpenJDK\jdk-11.0.9.101-hotspot\bin;C:\WINDOWS\SYSTEM32;C:\WINDOWS\WinSxS\amd64_microsoft.windows.common-controls_6595b64144ccf1df_6.0.19041.488_none_ca04af081b815d21;C:\Program Files\AdoptOpenJDK\jdk-11.0.9.101-hotspot\bin\server

VM Arguments:
jvm_args: -Dcom.sun.management.jmxremote -Dcom.sun.management.jmxremote.port=4035 -Dcom.sun.management.jmxremote.authenticate=false -Dcom.sun.management.jmxremote.ssl=false -Djava.rmi.server.hostname=localhost -Dspring.jmx.enabled=true -Dspring.liveBeansView.mbeanDomain -Dspring.application.admin.enabled=true -Xverify:none -XX:TieredStopAtLevel=1 -Dspring.boot.project.name=relatorio-api -Dfile.encoding=UTF-8 
java_command: relatorio.RelatorioApiApplication
java_class_path (initial): G:\OneDrive - Default Directory\OneDrive - rede.sp\Spring\relatorio-api\target\classes;C:\Users\h013026\.m2\repository\org\springframework\boot\spring-boot-starter-web\2.7.5\spring-boot-starter-web-2.7.5.jar;C:\Users\h013026\.m2\repository\org\springframework\boot\spring-boot-starter\2.7.5\spring-boot-starter-2.7.5.jar;C:\Users\h013026\.m2\repository\org\springframework\boot\spring-boot-starter-logging\2.7.5\spring-boot-starter-logging-2.7.5.jar;C:\Users\h013026\.m2\repository\ch\qos\logback\logback-classic\1.2.11\logback-classic-1.2.11.jar;C:\Users\h013026\.m2\repository\ch\qos\logback\logback-core\1.2.11\logback-core-1.2.11.jar;C:\Users\h013026\.m2\repository\org\apache\logging\log4j\log4j-to-slf4j\2.17.2\log4j-to-slf4j-2.17.2.jar;C:\Users\h013026\.m2\repository\org\apache\logging\log4j\log4j-api\2.17.2\log4j-api-2.17.2.jar;C:\Users\h013026\.m2\repository\org\slf4j\jul-to-slf4j\1.7.36\jul-to-slf4j-1.7.36.jar;C:\Users\h013026\.m2\repository\jakarta\annotation\jakarta.annotation-api\1.3.5\jakarta.annotation-api-1.3.5.jar;C:\Users\h013026\.m2\repository\org\yaml\snakeyaml\1.30\snakeyaml-1.30.jar;C:\Users\h013026\.m2\repository\org\springframework\boot\spring-boot-starter-json\2.7.5\spring-boot-starter-json-2.7.5.jar;C:\Users\h013026\.m2\repository\com\fasterxml\jackson\core\jackson-databind\2.13.4.2\jackson-databind-2.13.4.2.jar;C:\Users\h013026\.m2\repository\com\fasterxml\jackson\core\jackson-annotations\2.13.4\jackson-annotations-2.13.4.jar;C:\Users\h013026\.m2\repository\com\fasterxml\jackson\core\jackson-core\2.13.4\jackson-core-2.13.4.jar;C:\Users\h013026\.m2\repository\com\fasterxml\jackson\datatype\jackson-datatype-jdk8\2.13.4\jackson-datatype-jdk8-2.13.4.jar;C:\Users\h013026\.m2\repository\com\fasterxml\jackson\datatype\jackson-datatype-jsr310\2.13.4\jackson-datatype-jsr310-2.13.4.jar;C:\Users\h013026\.m2\repository\com\fasterxml\jackson\module\jackson-module-parameter-names\2.13.4\jackson-module-parameter-names-2.13.4.jar;C:\Use
Launcher Type: SUN_STANDARD

[Global flags]
     bool BytecodeVerificationLocal                = false                                     {product} {command line}
     bool BytecodeVerificationRemote               = false                                     {product} {command line}
     intx CICompilerCount                          = 3                                         {product} {ergonomic}
     uint ConcGCThreads                            = 1                                         {product} {ergonomic}
     uint G1ConcRefinementThreads                  = 4                                         {product} {ergonomic}
   size_t G1HeapRegionSize                         = 1048576                                   {product} {ergonomic}
    uintx GCDrainStackTargetSize                   = 64                                        {product} {ergonomic}
   size_t InitialHeapSize                          = 268435456                                 {product} {ergonomic}
     bool ManagementServer                         = true                                      {product} {command line}
   size_t MarkStackSize                            = 4194304                                   {product} {ergonomic}
   size_t MaxHeapSize                              = 4263510016                                {product} {ergonomic}
   size_t MinHeapDeltaBytes                        = 1048576                                   {product} {ergonomic}
    uintx NonNMethodCodeHeapSize                   = 6973028                                {pd product} {ergonomic}
    uintx NonProfiledCodeHeapSize                  = 244685212                              {pd product} {ergonomic}
    uintx ProfiledCodeHeapSize                     = 0                                      {pd product} {ergonomic}
    uintx ReservedCodeCacheSize                    = 251658240                              {pd product} {ergonomic}
     bool SegmentedCodeCache                       = true                                      {product} {ergonomic}
     intx TieredStopAtLevel                        = 1                                         {product} {command line}
     bool UseCompressedClassPointers               = true                                 {lp64_product} {ergonomic}
     bool UseCompressedOops                        = true                                 {lp64_product} {ergonomic}
     bool UseG1GC                                  = true                                      {product} {ergonomic}
     bool UseLargePagesIndividualAllocation        = false                                  {pd product} {ergonomic}

Logging:
Log output configuration:
 #0: stdout all=warning uptime,level,tags
 #1: stderr all=off uptime,level,tags

Environment Variables:
JAVA_HOME=C:\Program Files\AdoptOpenJDK\jdk-11.0.9.101-hotspot\
PATH=C:\Program Files (x86)\Common Files\Oracle\Java\java8path;C:\Program Files (x86)\Common Files\Oracle\Java\javapath;C:\Python311\Scripts\;C:\Python311\;C:\Program Files\Microsoft MPI\Bin\;C:\Windows\system32;C:\Windows;C:\Windows\System32\Wbem;C:\Windows\System32\WindowsPowerShell\v1.0\;C:\Program Files\Microsoft SQL Server\130\Tools\Binn\;C:\Program Files\Microsoft VS Code\bin;C:\Program Files\MongoDB\Server\4.0\bin;C:\ProgramData\chocolatey\bin;C:\Program Files (x86)\vim\vim80;C:\apache-maven-3.6.3\bin;C:\Program Files (x86)\Microsoft SQL Server\100\Tools\Binn\;C:\Program Files\Microsoft SQL Server\100\Tools\Binn\;C:\Program Files\Microsoft SQL Server\100\DTS\Binn\;C:\Program Files (x86)\Microsoft SQL Server\100\Tools\Binn\VSShell\Common7\IDE\;C:\Program Files (x86)\Microsoft SQL Server\100\DTS\Binn\;C:\Program Files (x86)\Microsoft Visual Studio 9.0\Common7\IDE\PrivateAssemblies\;C:\WINDOWS\system32;C:\WINDOWS;C:\WINDOWS\System32\Wbem;C:\WINDOWS\System32\WindowsPowerShell\v1.0\;C:\WINDOWS\System32\OpenSSH\;c:\Program Files (x86)\Microsoft SQL Server\110\Tools\Binn\;c:\Program Files\Microsoft SQL Server\110\Tools\Binn\;c:\Program Files\Microsoft SQL Server\110\DTS\Binn\;C:\Users\h013026\Anaconda3\Scripts;C:\Program Files\Microsoft SQL Server\Client SDK\ODBC\170\Tools\Binn\;C:\Users\h013026\.sdkman\bin;C:\flyway-8.0.0-beta3;C:\Program Files\PuTTY\;C:\Program Files\GitHub CLI\;C:\Program Files\Azure Data Studio\bin;C:\Program Files\Microsoft SQL Server\150\Tools\Binn\;C:\Program Files\AdoptOpenJDK\jdk-11.0.9.101-hotspot\\bin;C:\Program Files\dotnet\;C:\Program Files\Docker\Docker\resources\bin;C:\Program Files\SourceGear\Common\DiffMerge\;C:\Program Files\Git\cmd;C:\Program Files\nodejs\;C:\Program Files (x86)\Nmap\;;C:\Program Files (x86)\NVIDIA Corporation\PhysX\Common;C:\Program Files\Microsoft SQL Server\Client SDK\ODBC\110\Tools\Binn\;C:\Program Files (x86)\Microsoft SQL Server\120\Tools\Binn\;C:\Program Files\Microsoft SQL Server\120\Tools\Binn\;C:\Program Fi
USERNAME=h013026
DISPLAY=needs-to-be-defined
OS=Windows_NT
PROCESSOR_IDENTIFIER=Intel64 Family 6 Model 94 Stepping 3, GenuineIntel



---------------  S Y S T E M  ---------------

OS: Windows 10 , 64 bit Build 19041 (10.0.19041.662)
OS uptime: 0 days 2:24 hours
HyperV virtualization detected

CPU:total 4 (initial active 4) (4 cores per cpu, 1 threads per core) family 6 model 94 stepping 3, cmov, cx8, fxsr, mmx, sse, sse2, sse3, ssse3, sse4.1, sse4.2, popcnt, avx, avx2, aes, clmul, erms, rtm, 3dnowpref, lzcnt, tsc, tscinvbit, bmi1, bmi2, adx, fma

Memory: 4k page, system-wide physical 16263M (6663M free)
TotalPageFile size 18167M (AvailPageFile size 71M)
current process WorkingSet (physical memory assigned to process): 9M, peak: 9M
current process commit charge ("private bytes"): 49M, peak: 305M

vm_info: OpenJDK 64-Bit Server VM (11.0.9.1+1) for windows-amd64 JRE (11.0.9.1+1), built on Nov 10 2020 15:18:49 by "" with MS VC++ 15.9 (VS2017)

END.
