#
# There is insufficient memory for the Java Runtime Environment to continue.
# Native memory allocation (malloc) failed to allocate 2047056 bytes for Chunk::new
# Possible reasons:
#   The system is out of physical RAM or swap space
#   The process is running with CompressedOops enabled, and the Java Heap may be blocking the growth of the native heap
# Possible solutions:
#   Reduce memory load on the system
#   Increase physical memory or swap space
#   Check if swap backing store is full
#   Decrease Java heap size (-Xmx/-Xms)
#   Decrease number of Java threads
#   Decrease Java thread stack sizes (-Xss)
#   Set larger code cache with -XX:ReservedCodeCacheSize=
#   JVM is running with Unscaled Compressed Oops mode in which the Java heap is
#     placed in the first 4GB address space. The Java Heap base address is the
#     maximum limit for the native heap growth. Please use -XX:HeapBaseMinAddress
#     to set the Java Heap base and to place the Java Heap above 4GB virtual address.
# This output file may be truncated or incomplete.
#
#  Out of Memory Error (./src/hotspot/share/memory/arena.cpp:197), pid=10264, tid=15592
#
# JRE version: OpenJDK Runtime Environment AdoptOpenJDK (11.0.9.1+1) (build 11.0.9.1+1)
# Java VM: OpenJDK 64-Bit Server VM AdoptOpenJDK (11.0.9.1+1, mixed mode, tiered, compressed oops, g1 gc, windows-amd64)
# No core dump will be written. Minidumps are not enabled by default on client versions of Windows
#

---------------  S U M M A R Y ------------

Command Line: C:\Users\h013026\AppData\Local\Temp\surefire17865097694738450906\surefirebooter18258131426998450856.jar C:\Users\h013026\AppData\Local\Temp\surefire17865097694738450906 2023-01-13T12-30-02_935-jvmRun1 surefire5887028941342743981tmp surefire_04525341682513410493tmp

Host: Intel(R) Core(TM) i5-6500 CPU @ 3.20GHz, 4 cores, 7G,  Windows 10 , 64 bit Build 19041 (10.0.19041.662)
Time: Fri Jan 13 12:30:08 2023 E. South America Standard Time elapsed time: 4.088803 seconds (0d 0h 0m 4s)

---------------  T H R E A D  ---------------

Current thread (0x000001b49dd9b000):  JavaThread "C2 CompilerThread0" daemon [_thread_in_native, id=15592, stack(0x00000072eab00000,0x00000072eac00000)]


Current CompileTask:
C2:   4088 3547       4       org.springframework.beans.factory.support.AbstractBeanFactory::isTypeMatch (607 bytes)

Stack: [0x00000072eab00000,0x00000072eac00000]
Native frames: (J=compiled Java code, j=interpreted, Vv=VM code, C=native code)
V  [jvm.dll+0x5f465a]
V  [jvm.dll+0x77c78e]
V  [jvm.dll+0x77de5f]
V  [jvm.dll+0x77e523]
V  [jvm.dll+0x2477c8]
V  [jvm.dll+0xbe2ec]
V  [jvm.dll+0xbe9ec]
V  [jvm.dll+0x34d112]
V  [jvm.dll+0x31ae63]
V  [jvm.dll+0x31a19a]
V  [jvm.dll+0x201085]
V  [jvm.dll+0x20023f]
V  [jvm.dll+0x184fbc]
V  [jvm.dll+0x20f7f7]
V  [jvm.dll+0x20d9db]
V  [jvm.dll+0x741029]
V  [jvm.dll+0x73a0d4]
V  [jvm.dll+0x5f3586]
C  [ucrtbase.dll+0x214c2]
C  [KERNEL32.DLL+0x17034]
C  [ntdll.dll+0x4d0d1]


---------------  P R O C E S S  ---------------

Threads class SMR info:
_java_thread_list=0x000001b49f4e3000, length=13, elements={
0x000001b4fe254000, 0x000001b49dd30800, 0x000001b49dd39000, 0x000001b49dd99000,
0x000001b49dd9a000, 0x000001b49dd9b000, 0x000001b49dd4c000, 0x000001b4fff2c000,
0x000001b49df01800, 0x000001b49df07800, 0x000001b49dfbc800, 0x000001b49df0a000,
0x000001b49e2d5000
}

Java Threads: ( => current thread )
  0x000001b4fe254000 JavaThread "main" [_thread_in_vm, id=9408, stack(0x00000072ea000000,0x00000072ea100000)]
  0x000001b49dd30800 JavaThread "Reference Handler" daemon [_thread_blocked, id=9732, stack(0x00000072ea700000,0x00000072ea800000)]
  0x000001b49dd39000 JavaThread "Finalizer" daemon [_thread_blocked, id=12220, stack(0x00000072ea800000,0x00000072ea900000)]
  0x000001b49dd99000 JavaThread "Signal Dispatcher" daemon [_thread_blocked, id=11228, stack(0x00000072ea900000,0x00000072eaa00000)]
  0x000001b49dd9a000 JavaThread "Attach Listener" daemon [_thread_blocked, id=13116, stack(0x00000072eaa00000,0x00000072eab00000)]
=>0x000001b49dd9b000 JavaThread "C2 CompilerThread0" daemon [_thread_in_native, id=15592, stack(0x00000072eab00000,0x00000072eac00000)]
  0x000001b49dd4c000 JavaThread "C1 CompilerThread0" daemon [_thread_blocked, id=8568, stack(0x00000072eac00000,0x00000072ead00000)]
  0x000001b4fff2c000 JavaThread "Sweeper thread" daemon [_thread_blocked, id=16012, stack(0x00000072ead00000,0x00000072eae00000)]
  0x000001b49df01800 JavaThread "Service Thread" daemon [_thread_blocked, id=5264, stack(0x00000072eae00000,0x00000072eaf00000)]
  0x000001b49df07800 JavaThread "Common-Cleaner" daemon [_thread_blocked, id=14680, stack(0x00000072eb000000,0x00000072eb100000)]
  0x000001b49dfbc800 JavaThread "surefire-forkedjvm-command-thread" daemon [_thread_in_native, id=14396, stack(0x00000072eb100000,0x00000072eb200000)]
  0x000001b49df0a000 JavaThread "surefire-forkedjvm-ping-30s" daemon [_thread_in_native, id=5540, stack(0x00000072eb200000,0x00000072eb300000)]
  0x000001b49e2d5000 JavaThread "C2 CompilerThread1" daemon [_thread_in_native, id=12640, stack(0x00000072eb300000,0x00000072eb400000)]

Other Threads:
  0x000001b4ffeff000 VMThread "VM Thread" [stack: 0x00000072ea600000,0x00000072ea700000] [id=15908]
  0x000001b49df02800 WatcherThread [stack: 0x00000072eaf00000,0x00000072eb000000] [id=15340]
  0x000001b4fe26f000 GCTaskThread "GC Thread#0" [stack: 0x00000072ea100000,0x00000072ea200000] [id=10444]
  0x000001b49e32a800 GCTaskThread "GC Thread#1" [stack: 0x00000072eb400000,0x00000072eb500000] [id=4860]
  0x000001b49e749800 GCTaskThread "GC Thread#2" [stack: 0x00000072eb500000,0x00000072eb600000] [id=8480]
  0x000001b4fe29e000 ConcurrentGCThread "G1 Main Marker" [stack: 0x00000072ea200000,0x00000072ea300000] [id=1296]
  0x000001b4fe2a0800 ConcurrentGCThread "G1 Conc#0" [stack: 0x00000072ea300000,0x00000072ea400000] [id=9180]
  0x000001b4fe2fe800 ConcurrentGCThread "G1 Refine#0" [stack: 0x00000072ea400000,0x00000072ea500000] [id=16080]
  0x000001b4ffd65800 ConcurrentGCThread "G1 Young RemSet Sampling" [stack: 0x00000072ea500000,0x00000072ea600000] [id=2304]

Threads with active compile tasks:
C2 CompilerThread0   4300 3547       4       org.springframework.beans.factory.support.AbstractBeanFactory::isTypeMatch (607 bytes)
C2 CompilerThread1   4300 3689   !   4       java.lang.reflect.Executable::declaredAnnotations (85 bytes)

VM state:not at safepoint (normal execution)

VM Mutex/Monitor currently owned by a thread: None

Heap address: 0x0000000081e00000, size: 2018 MB, Compressed Oops mode: 32-bit
Narrow klass base: 0x0000000000000000, Narrow klass shift: 3
Compressed class space size: 1073741824 Address: 0x0000000100000000

Heap:
 garbage-first heap   total 131072K, used 55444K [0x0000000081e00000, 0x0000000100000000)
  region size 1024K, 51 young (52224K), 9 survivors (9216K)
 Metaspace       used 36626K, capacity 37990K, committed 38320K, reserved 1083392K
  class space    used 4362K, capacity 4931K, committed 5040K, reserved 1048576K
Heap Regions: E=young(eden), S=young(survivor), O=old, HS=humongous(starts), HC=humongous(continues), CS=collection set, F=free, A=archive, TAMS=top-at-mark-start (previous, next)
|   0|0x0000000081e00000, 0x0000000081f00000, 0x0000000081f00000|100%| O|  |TAMS 0x0000000081f00000, 0x0000000081e00000| Untracked 
|   1|0x0000000081f00000, 0x0000000082000000, 0x0000000082000000|100%| O|  |TAMS 0x0000000082000000, 0x0000000081f00000| Untracked 
|   2|0x0000000082000000, 0x0000000082100000, 0x0000000082100000|100%| O|  |TAMS 0x0000000082100000, 0x0000000082000000| Untracked 
|   3|0x0000000082100000, 0x0000000082200000, 0x0000000082200000|100%| O|  |TAMS 0x0000000082200000, 0x0000000082100000| Untracked 
|   4|0x0000000082200000, 0x00000000822e3800, 0x0000000082300000| 88%| O|  |TAMS 0x00000000822e3800, 0x0000000082200000| Untracked 
|   5|0x0000000082300000, 0x0000000082300000, 0x0000000082400000|  0%| F|  |TAMS 0x0000000082300000, 0x0000000082300000| Untracked 
|   6|0x0000000082400000, 0x0000000082400000, 0x0000000082500000|  0%| F|  |TAMS 0x0000000082400000, 0x0000000082400000| Untracked 
|   7|0x0000000082500000, 0x0000000082500000, 0x0000000082600000|  0%| F|  |TAMS 0x0000000082500000, 0x0000000082500000| Untracked 
|   8|0x0000000082600000, 0x0000000082600000, 0x0000000082700000|  0%| F|  |TAMS 0x0000000082600000, 0x0000000082600000| Untracked 
|   9|0x0000000082700000, 0x0000000082700000, 0x0000000082800000|  0%| F|  |TAMS 0x0000000082700000, 0x0000000082700000| Untracked 
|  10|0x0000000082800000, 0x0000000082800000, 0x0000000082900000|  0%| F|  |TAMS 0x0000000082800000, 0x0000000082800000| Untracked 
|  11|0x0000000082900000, 0x0000000082900000, 0x0000000082a00000|  0%| F|  |TAMS 0x0000000082900000, 0x0000000082900000| Untracked 
|  12|0x0000000082a00000, 0x0000000082a00000, 0x0000000082b00000|  0%| F|  |TAMS 0x0000000082a00000, 0x0000000082a00000| Untracked 
|  13|0x0000000082b00000, 0x0000000082b00000, 0x0000000082c00000|  0%| F|  |TAMS 0x0000000082b00000, 0x0000000082b00000| Untracked 
|  14|0x0000000082c00000, 0x0000000082c00000, 0x0000000082d00000|  0%| F|  |TAMS 0x0000000082c00000, 0x0000000082c00000| Untracked 
|  15|0x0000000082d00000, 0x0000000082d00000, 0x0000000082e00000|  0%| F|  |TAMS 0x0000000082d00000, 0x0000000082d00000| Untracked 
|  16|0x0000000082e00000, 0x0000000082e00000, 0x0000000082f00000|  0%| F|  |TAMS 0x0000000082e00000, 0x0000000082e00000| Untracked 
|  17|0x0000000082f00000, 0x0000000082f00000, 0x0000000083000000|  0%| F|  |TAMS 0x0000000082f00000, 0x0000000082f00000| Untracked 
|  18|0x0000000083000000, 0x0000000083000000, 0x0000000083100000|  0%| F|  |TAMS 0x0000000083000000, 0x0000000083000000| Untracked 
|  19|0x0000000083100000, 0x0000000083100000, 0x0000000083200000|  0%| F|  |TAMS 0x0000000083100000, 0x0000000083100000| Untracked 
|  20|0x0000000083200000, 0x0000000083200000, 0x0000000083300000|  0%| F|  |TAMS 0x0000000083200000, 0x0000000083200000| Untracked 
|  21|0x0000000083300000, 0x0000000083300000, 0x0000000083400000|  0%| F|  |TAMS 0x0000000083300000, 0x0000000083300000| Untracked 
|  22|0x0000000083400000, 0x0000000083400000, 0x0000000083500000|  0%| F|  |TAMS 0x0000000083400000, 0x0000000083400000| Untracked 
|  23|0x0000000083500000, 0x0000000083500000, 0x0000000083600000|  0%| F|  |TAMS 0x0000000083500000, 0x0000000083500000| Untracked 
|  24|0x0000000083600000, 0x0000000083600000, 0x0000000083700000|  0%| F|  |TAMS 0x0000000083600000, 0x0000000083600000| Untracked 
|  25|0x0000000083700000, 0x0000000083700000, 0x0000000083800000|  0%| F|  |TAMS 0x0000000083700000, 0x0000000083700000| Untracked 
|  26|0x0000000083800000, 0x0000000083800000, 0x0000000083900000|  0%| F|  |TAMS 0x0000000083800000, 0x0000000083800000| Untracked 
|  27|0x0000000083900000, 0x0000000083900000, 0x0000000083a00000|  0%| F|  |TAMS 0x0000000083900000, 0x0000000083900000| Untracked 
|  28|0x0000000083a00000, 0x0000000083a00000, 0x0000000083b00000|  0%| F|  |TAMS 0x0000000083a00000, 0x0000000083a00000| Untracked 
|  29|0x0000000083b00000, 0x0000000083b00000, 0x0000000083c00000|  0%| F|  |TAMS 0x0000000083b00000, 0x0000000083b00000| Untracked 
|  30|0x0000000083c00000, 0x0000000083c00000, 0x0000000083d00000|  0%| F|  |TAMS 0x0000000083c00000, 0x0000000083c00000| Untracked 
|  31|0x0000000083d00000, 0x0000000083d00000, 0x0000000083e00000|  0%| F|  |TAMS 0x0000000083d00000, 0x0000000083d00000| Untracked 
|  32|0x0000000083e00000, 0x0000000083e00000, 0x0000000083f00000|  0%| F|  |TAMS 0x0000000083e00000, 0x0000000083e00000| Untracked 
|  33|0x0000000083f00000, 0x0000000083f00000, 0x0000000084000000|  0%| F|  |TAMS 0x0000000083f00000, 0x0000000083f00000| Untracked 
|  34|0x0000000084000000, 0x0000000084000000, 0x0000000084100000|  0%| F|  |TAMS 0x0000000084000000, 0x0000000084000000| Untracked 
|  35|0x0000000084100000, 0x0000000084100000, 0x0000000084200000|  0%| F|  |TAMS 0x0000000084100000, 0x0000000084100000| Untracked 
|  36|0x0000000084200000, 0x0000000084200000, 0x0000000084300000|  0%| F|  |TAMS 0x0000000084200000, 0x0000000084200000| Untracked 
|  37|0x0000000084300000, 0x0000000084300000, 0x0000000084400000|  0%| F|  |TAMS 0x0000000084300000, 0x0000000084300000| Untracked 
|  38|0x0000000084400000, 0x0000000084400000, 0x0000000084500000|  0%| F|  |TAMS 0x0000000084400000, 0x0000000084400000| Untracked 
|  39|0x0000000084500000, 0x0000000084500000, 0x0000000084600000|  0%| F|  |TAMS 0x0000000084500000, 0x0000000084500000| Untracked 
|  40|0x0000000084600000, 0x0000000084600000, 0x0000000084700000|  0%| F|  |TAMS 0x0000000084600000, 0x0000000084600000| Untracked 
|  41|0x0000000084700000, 0x0000000084700000, 0x0000000084800000|  0%| F|  |TAMS 0x0000000084700000, 0x0000000084700000| Untracked 
|  42|0x0000000084800000, 0x0000000084800000, 0x0000000084900000|  0%| F|  |TAMS 0x0000000084800000, 0x0000000084800000| Untracked 
|  43|0x0000000084900000, 0x0000000084900000, 0x0000000084a00000|  0%| F|  |TAMS 0x0000000084900000, 0x0000000084900000| Untracked 
|  44|0x0000000084a00000, 0x0000000084a00000, 0x0000000084b00000|  0%| F|  |TAMS 0x0000000084a00000, 0x0000000084a00000| Untracked 
|  45|0x0000000084b00000, 0x0000000084b00000, 0x0000000084c00000|  0%| F|  |TAMS 0x0000000084b00000, 0x0000000084b00000| Untracked 
|  46|0x0000000084c00000, 0x0000000084c00000, 0x0000000084d00000|  0%| F|  |TAMS 0x0000000084c00000, 0x0000000084c00000| Untracked 
|  47|0x0000000084d00000, 0x0000000084d00000, 0x0000000084e00000|  0%| F|  |TAMS 0x0000000084d00000, 0x0000000084d00000| Untracked 
|  48|0x0000000084e00000, 0x0000000084e00000, 0x0000000084f00000|  0%| F|  |TAMS 0x0000000084e00000, 0x0000000084e00000| Untracked 
|  49|0x0000000084f00000, 0x0000000084f41838, 0x0000000085000000| 25%| S|CS|TAMS 0x0000000084f00000, 0x0000000084f00000| Complete 
|  50|0x0000000085000000, 0x0000000085100000, 0x0000000085100000|100%| S|CS|TAMS 0x0000000085000000, 0x0000000085000000| Complete 
|  51|0x0000000085100000, 0x0000000085200000, 0x0000000085200000|100%| S|CS|TAMS 0x0000000085100000, 0x0000000085100000| Complete 
|  52|0x0000000085200000, 0x0000000085300000, 0x0000000085300000|100%| S|CS|TAMS 0x0000000085200000, 0x0000000085200000| Complete 
|  53|0x0000000085300000, 0x0000000085400000, 0x0000000085400000|100%| S|CS|TAMS 0x0000000085300000, 0x0000000085300000| Complete 
|  54|0x0000000085400000, 0x0000000085500000, 0x0000000085500000|100%| S|CS|TAMS 0x0000000085400000, 0x0000000085400000| Complete 
|  55|0x0000000085500000, 0x0000000085600000, 0x0000000085600000|100%| S|CS|TAMS 0x0000000085500000, 0x0000000085500000| Complete 
|  56|0x0000000085600000, 0x0000000085700000, 0x0000000085700000|100%| S|CS|TAMS 0x0000000085600000, 0x0000000085600000| Complete 
|  57|0x0000000085700000, 0x0000000085800000, 0x0000000085800000|100%| S|CS|TAMS 0x0000000085700000, 0x0000000085700000| Complete 
|  58|0x0000000085800000, 0x0000000085800000, 0x0000000085900000|  0%| F|  |TAMS 0x0000000085800000, 0x0000000085800000| Untracked 
|  59|0x0000000085900000, 0x0000000085900000, 0x0000000085a00000|  0%| F|  |TAMS 0x0000000085900000, 0x0000000085900000| Untracked 
|  60|0x0000000085a00000, 0x0000000085a00000, 0x0000000085b00000|  0%| F|  |TAMS 0x0000000085a00000, 0x0000000085a00000| Untracked 
|  61|0x0000000085b00000, 0x0000000085b00000, 0x0000000085c00000|  0%| F|  |TAMS 0x0000000085b00000, 0x0000000085b00000| Untracked 
|  62|0x0000000085c00000, 0x0000000085c00000, 0x0000000085d00000|  0%| F|  |TAMS 0x0000000085c00000, 0x0000000085c00000| Untracked 
|  63|0x0000000085d00000, 0x0000000085d00000, 0x0000000085e00000|  0%| F|  |TAMS 0x0000000085d00000, 0x0000000085d00000| Untracked 
|  64|0x0000000085e00000, 0x0000000085e00000, 0x0000000085f00000|  0%| F|  |TAMS 0x0000000085e00000, 0x0000000085e00000| Untracked 
|  65|0x0000000085f00000, 0x0000000085f00000, 0x0000000086000000|  0%| F|  |TAMS 0x0000000085f00000, 0x0000000085f00000| Untracked 
|  66|0x0000000086000000, 0x0000000086000000, 0x0000000086100000|  0%| F|  |TAMS 0x0000000086000000, 0x0000000086000000| Untracked 
|  67|0x0000000086100000, 0x0000000086100000, 0x0000000086200000|  0%| F|  |TAMS 0x0000000086100000, 0x0000000086100000| Untracked 
|  68|0x0000000086200000, 0x0000000086200000, 0x0000000086300000|  0%| F|  |TAMS 0x0000000086200000, 0x0000000086200000| Untracked 
|  69|0x0000000086300000, 0x0000000086300000, 0x0000000086400000|  0%| F|  |TAMS 0x0000000086300000, 0x0000000086300000| Untracked 
|  70|0x0000000086400000, 0x0000000086400000, 0x0000000086500000|  0%| F|  |TAMS 0x0000000086400000, 0x0000000086400000| Untracked 
|  71|0x0000000086500000, 0x0000000086500000, 0x0000000086600000|  0%| F|  |TAMS 0x0000000086500000, 0x0000000086500000| Untracked 
|  72|0x0000000086600000, 0x0000000086600000, 0x0000000086700000|  0%| F|  |TAMS 0x0000000086600000, 0x0000000086600000| Untracked 
|  73|0x0000000086700000, 0x0000000086700000, 0x0000000086800000|  0%| F|  |TAMS 0x0000000086700000, 0x0000000086700000| Untracked 
|  74|0x0000000086800000, 0x0000000086800000, 0x0000000086900000|  0%| F|  |TAMS 0x0000000086800000, 0x0000000086800000| Untracked 
|  75|0x0000000086900000, 0x0000000086900000, 0x0000000086a00000|  0%| F|  |TAMS 0x0000000086900000, 0x0000000086900000| Untracked 
|  76|0x0000000086a00000, 0x0000000086a00000, 0x0000000086b00000|  0%| F|  |TAMS 0x0000000086a00000, 0x0000000086a00000| Untracked 
|  77|0x0000000086b00000, 0x0000000086b00000, 0x0000000086c00000|  0%| F|  |TAMS 0x0000000086b00000, 0x0000000086b00000| Untracked 
|  78|0x0000000086c00000, 0x0000000086c00000, 0x0000000086d00000|  0%| F|  |TAMS 0x0000000086c00000, 0x0000000086c00000| Untracked 
|  79|0x0000000086d00000, 0x0000000086d00000, 0x0000000086e00000|  0%| F|  |TAMS 0x0000000086d00000, 0x0000000086d00000| Untracked 
|  80|0x0000000086e00000, 0x0000000086e00000, 0x0000000086f00000|  0%| F|  |TAMS 0x0000000086e00000, 0x0000000086e00000| Untracked 
|  81|0x0000000086f00000, 0x0000000086f00000, 0x0000000087000000|  0%| F|  |TAMS 0x0000000086f00000, 0x0000000086f00000| Untracked 
|  82|0x0000000087000000, 0x0000000087000000, 0x0000000087100000|  0%| F|  |TAMS 0x0000000087000000, 0x0000000087000000| Untracked 
|  83|0x0000000087100000, 0x0000000087100000, 0x0000000087200000|  0%| F|  |TAMS 0x0000000087100000, 0x0000000087100000| Untracked 
|  84|0x0000000087200000, 0x0000000087200000, 0x0000000087300000|  0%| F|  |TAMS 0x0000000087200000, 0x0000000087200000| Untracked 
|  85|0x0000000087300000, 0x0000000087380800, 0x0000000087400000| 50%| E|  |TAMS 0x0000000087300000, 0x0000000087300000| Complete 
|  86|0x0000000087400000, 0x0000000087500000, 0x0000000087500000|100%| E|CS|TAMS 0x0000000087400000, 0x0000000087400000| Complete 
|  87|0x0000000087500000, 0x0000000087600000, 0x0000000087600000|100%| E|CS|TAMS 0x0000000087500000, 0x0000000087500000| Complete 
|  88|0x0000000087600000, 0x0000000087700000, 0x0000000087700000|100%| E|CS|TAMS 0x0000000087600000, 0x0000000087600000| Complete 
|  89|0x0000000087700000, 0x0000000087800000, 0x0000000087800000|100%| E|CS|TAMS 0x0000000087700000, 0x0000000087700000| Complete 
|  90|0x0000000087800000, 0x0000000087900000, 0x0000000087900000|100%| E|CS|TAMS 0x0000000087800000, 0x0000000087800000| Complete 
|  91|0x0000000087900000, 0x0000000087a00000, 0x0000000087a00000|100%| E|CS|TAMS 0x0000000087900000, 0x0000000087900000| Complete 
|  92|0x0000000087a00000, 0x0000000087b00000, 0x0000000087b00000|100%| E|CS|TAMS 0x0000000087a00000, 0x0000000087a00000| Complete 
|  93|0x0000000087b00000, 0x0000000087c00000, 0x0000000087c00000|100%| E|CS|TAMS 0x0000000087b00000, 0x0000000087b00000| Complete 
|  94|0x0000000087c00000, 0x0000000087d00000, 0x0000000087d00000|100%| E|CS|TAMS 0x0000000087c00000, 0x0000000087c00000| Complete 
|  95|0x0000000087d00000, 0x0000000087e00000, 0x0000000087e00000|100%| E|CS|TAMS 0x0000000087d00000, 0x0000000087d00000| Complete 
|  96|0x0000000087e00000, 0x0000000087f00000, 0x0000000087f00000|100%| E|CS|TAMS 0x0000000087e00000, 0x0000000087e00000| Complete 
|  97|0x0000000087f00000, 0x0000000088000000, 0x0000000088000000|100%| E|CS|TAMS 0x0000000087f00000, 0x0000000087f00000| Complete 
|  98|0x0000000088000000, 0x0000000088100000, 0x0000000088100000|100%| E|CS|TAMS 0x0000000088000000, 0x0000000088000000| Complete 
|  99|0x0000000088100000, 0x0000000088200000, 0x0000000088200000|100%| E|CS|TAMS 0x0000000088100000, 0x0000000088100000| Complete 
| 100|0x0000000088200000, 0x0000000088300000, 0x0000000088300000|100%| E|CS|TAMS 0x0000000088200000, 0x0000000088200000| Complete 
| 101|0x0000000088300000, 0x0000000088400000, 0x0000000088400000|100%| E|CS|TAMS 0x0000000088300000, 0x0000000088300000| Complete 
| 102|0x0000000088400000, 0x0000000088500000, 0x0000000088500000|100%| E|CS|TAMS 0x0000000088400000, 0x0000000088400000| Complete 
| 103|0x0000000088500000, 0x0000000088600000, 0x0000000088600000|100%| E|CS|TAMS 0x0000000088500000, 0x0000000088500000| Complete 
| 104|0x0000000088600000, 0x0000000088700000, 0x0000000088700000|100%| E|CS|TAMS 0x0000000088600000, 0x0000000088600000| Complete 
| 105|0x0000000088700000, 0x0000000088800000, 0x0000000088800000|100%| E|CS|TAMS 0x0000000088700000, 0x0000000088700000| Complete 
| 106|0x0000000088800000, 0x0000000088900000, 0x0000000088900000|100%| E|CS|TAMS 0x0000000088800000, 0x0000000088800000| Complete 
| 107|0x0000000088900000, 0x0000000088a00000, 0x0000000088a00000|100%| E|CS|TAMS 0x0000000088900000, 0x0000000088900000| Complete 
| 108|0x0000000088a00000, 0x0000000088b00000, 0x0000000088b00000|100%| E|CS|TAMS 0x0000000088a00000, 0x0000000088a00000| Complete 
| 109|0x0000000088b00000, 0x0000000088c00000, 0x0000000088c00000|100%| E|CS|TAMS 0x0000000088b00000, 0x0000000088b00000| Complete 
| 110|0x0000000088c00000, 0x0000000088d00000, 0x0000000088d00000|100%| E|CS|TAMS 0x0000000088c00000, 0x0000000088c00000| Complete 
| 111|0x0000000088d00000, 0x0000000088e00000, 0x0000000088e00000|100%| E|CS|TAMS 0x0000000088d00000, 0x0000000088d00000| Complete 
| 112|0x0000000088e00000, 0x0000000088f00000, 0x0000000088f00000|100%| E|CS|TAMS 0x0000000088e00000, 0x0000000088e00000| Complete 
| 113|0x0000000088f00000, 0x0000000089000000, 0x0000000089000000|100%| E|CS|TAMS 0x0000000088f00000, 0x0000000088f00000| Complete 
| 114|0x0000000089000000, 0x0000000089100000, 0x0000000089100000|100%| E|CS|TAMS 0x0000000089000000, 0x0000000089000000| Complete 
| 115|0x0000000089100000, 0x0000000089200000, 0x0000000089200000|100%| E|CS|TAMS 0x0000000089100000, 0x0000000089100000| Complete 
| 116|0x0000000089200000, 0x0000000089300000, 0x0000000089300000|100%| E|CS|TAMS 0x0000000089200000, 0x0000000089200000| Complete 
| 117|0x0000000089300000, 0x0000000089400000, 0x0000000089400000|100%| E|CS|TAMS 0x0000000089300000, 0x0000000089300000| Complete 
| 118|0x0000000089400000, 0x0000000089500000, 0x0000000089500000|100%| E|CS|TAMS 0x0000000089400000, 0x0000000089400000| Complete 
| 119|0x0000000089500000, 0x0000000089600000, 0x0000000089600000|100%| E|CS|TAMS 0x0000000089500000, 0x0000000089500000| Complete 
| 120|0x0000000089600000, 0x0000000089700000, 0x0000000089700000|100%| E|CS|TAMS 0x0000000089600000, 0x0000000089600000| Complete 
| 121|0x0000000089700000, 0x0000000089800000, 0x0000000089800000|100%| E|CS|TAMS 0x0000000089700000, 0x0000000089700000| Complete 
| 122|0x0000000089800000, 0x0000000089900000, 0x0000000089900000|100%| E|CS|TAMS 0x0000000089800000, 0x0000000089800000| Complete 
| 123|0x0000000089900000, 0x0000000089a00000, 0x0000000089a00000|100%| E|CS|TAMS 0x0000000089900000, 0x0000000089900000| Complete 
| 124|0x0000000089a00000, 0x0000000089b00000, 0x0000000089b00000|100%| E|CS|TAMS 0x0000000089a00000, 0x0000000089a00000| Complete 
| 125|0x0000000089b00000, 0x0000000089c00000, 0x0000000089c00000|100%| E|CS|TAMS 0x0000000089b00000, 0x0000000089b00000| Complete 
| 126|0x0000000089c00000, 0x0000000089d00000, 0x0000000089d00000|100%| E|CS|TAMS 0x0000000089c00000, 0x0000000089c00000| Complete 
| 127|0x0000000089d00000, 0x0000000089e00000, 0x0000000089e00000|100%| E|CS|TAMS 0x0000000089d00000, 0x0000000089d00000| Complete 

Card table byte_map: [0x000001b4ff0f0000,0x000001b4ff4f0000] _byte_map_base: 0x000001b4fece1000

Marking Bits (Prev, Next): (CMBitMap*) 0x000001b4fe2958a8, (CMBitMap*) 0x000001b4fe2958e0
 Prev Bits: [0x000001b497610000, 0x000001b499598000)
 Next Bits: [0x000001b4995a0000, 0x000001b49b528000)

Polling page: 0x000001b4fe300000

Metaspace:

Usage:
  Non-class:     32.35 MB capacity,    31.56 MB ( 98%) used,   647.55 KB (  2%) free+waste,   162.19 KB ( <1%) overhead. 
      Class:      4.82 MB capacity,     4.27 MB ( 89%) used,   482.68 KB ( 10%) free+waste,    80.19 KB (  2%) overhead. 
       Both:     37.16 MB capacity,    35.82 MB ( 96%) used,     1.10 MB (  3%) free+waste,   242.38 KB ( <1%) overhead. 

Virtual space:
  Non-class space:       34.00 MB reserved,      32.50 MB ( 96%) committed 
      Class space:        1.00 GB reserved,       4.92 MB ( <1%) committed 
             Both:        1.03 GB reserved,      37.42 MB (  4%) committed 

Chunk freelists:
   Non-Class:  29.00 KB
       Class:  0 bytes
        Both:  29.00 KB

MaxMetaspaceSize: 17179869184.00 GB
CompressedClassSpaceSize: 1.00 GB

CodeHeap 'non-profiled nmethods': size=120064Kb used=1792Kb max_used=1792Kb free=118271Kb
 bounds [0x000001b4900d0000, 0x000001b490340000, 0x000001b497610000]
CodeHeap 'profiled nmethods': size=120000Kb used=8176Kb max_used=8176Kb free=111823Kb
 bounds [0x000001b488ba0000, 0x000001b4893a0000, 0x000001b4900d0000]
CodeHeap 'non-nmethods': size=5696Kb used=1136Kb max_used=1195Kb free=4559Kb
 bounds [0x000001b488610000, 0x000001b488880000, 0x000001b488ba0000]
 total_blobs=4041 nmethods=3572 adapters=380
 compilation: enabled
              stopped_count=0, restarted_count=0
 full_count=0

Compilation events (20 events):
Event: 4.070 Thread 0x000001b49dd4c000 3612       3       org.springframework.core.annotation.TypeMappedAnnotations::isPresent (39 bytes)
Event: 4.071 Thread 0x000001b49dd4c000 nmethod 3612 0x000001b489334b90 code [0x000001b489334da0, 0x000001b489335348]
Event: 4.071 Thread 0x000001b49dd4c000 3613       3       org.springframework.core.annotation.AnnotatedElementUtils::hasAnnotation (38 bytes)
Event: 4.071 Thread 0x000001b49dd4c000 nmethod 3613 0x000001b489335510 code [0x000001b4893357a0, 0x000001b489336278]
Event: 4.071 Thread 0x000001b49dd4c000 3614       3       org.springframework.core.annotation.TypeMappedAnnotations$IsPresent::get (60 bytes)
Event: 4.072 Thread 0x000001b49dd4c000 nmethod 3614 0x000001b489336690 code [0x000001b4893368a0, 0x000001b489336ed8]
Event: 4.072 Thread 0x000001b49dd4c000 3615       3       org.springframework.core.annotation.AnnotationsProcessor::finish (2 bytes)
Event: 4.072 Thread 0x000001b49dd4c000 nmethod 3615 0x000001b489337110 code [0x000001b4893372c0, 0x000001b4893373b8]
Event: 4.072 Thread 0x000001b49dd4c000 3617       3       java.beans.Introspector::getBeanInfo (54 bytes)
Event: 4.072 Thread 0x000001b49dd4c000 nmethod 3617 0x000001b489337490 code [0x000001b489337680, 0x000001b489337968]
Event: 4.072 Thread 0x000001b49dd4c000 3618       3       java.beans.Introspector::getTargetEventInfo (528 bytes)
Event: 4.075 Thread 0x000001b49dd4c000 nmethod 3618 0x000001b489337b10 code [0x000001b489338240, 0x000001b48933c8a8]
Event: 4.075 Thread 0x000001b49dd4c000 3622       3       java.beans.BeanDescriptor::<init> (145 bytes)
Event: 4.077 Thread 0x000001b49dd4c000 nmethod 3622 0x000001b48933de10 code [0x000001b48933e2a0, 0x000001b4893406a8]
Event: 4.077 Thread 0x000001b49dd4c000 3621   !   3       java.beans.Introspector::findCustomizerClass (45 bytes)
Event: 4.079 Thread 0x000001b49dd4c000 nmethod 3621 0x000001b489341110 code [0x000001b4893415e0, 0x000001b489343c28]
Event: 4.079 Thread 0x000001b49dd4c000 3619   !   3       com.sun.beans.introspect.ClassInfo::getEventSets (47 bytes)
Event: 4.079 Thread 0x000001b49dd4c000 nmethod 3619 0x000001b489344c10 code [0x000001b489344de0, 0x000001b4893451a8]
Event: 4.079 Thread 0x000001b49dd4c000 3620       3       java.util.HashMap::putAll (7 bytes)
Event: 4.079 Thread 0x000001b49dd4c000 nmethod 3620 0x000001b489345310 code [0x000001b4893454c0, 0x000001b4893455e8]

GC Heap History (12 events):
Event: 0.547 GC heap before
{Heap before GC invocations=0 (full 0):
 garbage-first heap   total 131072K, used 13312K [0x0000000081e00000, 0x0000000100000000)
  region size 1024K, 14 young (14336K), 0 survivors (0K)
 Metaspace       used 10519K, capacity 10778K, committed 10880K, reserved 1058816K
  class space    used 986K, capacity 1051K, committed 1152K, reserved 1048576K
}
Event: 0.556 GC heap after
{Heap after GC invocations=1 (full 0):
 garbage-first heap   total 131072K, used 5370K [0x0000000081e00000, 0x0000000100000000)
  region size 1024K, 2 young (2048K), 2 survivors (2048K)
 Metaspace       used 10519K, capacity 10778K, committed 10880K, reserved 1058816K
  class space    used 986K, capacity 1051K, committed 1152K, reserved 1048576K
}
Event: 0.764 GC heap before
{Heap before GC invocations=1 (full 0):
 garbage-first heap   total 131072K, used 13562K [0x0000000081e00000, 0x0000000100000000)
  region size 1024K, 10 young (10240K), 2 survivors (2048K)
 Metaspace       used 12063K, capacity 12408K, committed 12672K, reserved 1060864K
  class space    used 1194K, capacity 1345K, committed 1408K, reserved 1048576K
}
Event: 0.767 GC heap after
{Heap after GC invocations=2 (full 0):
 garbage-first heap   total 131072K, used 5310K [0x0000000081e00000, 0x0000000100000000)
  region size 1024K, 1 young (1024K), 1 survivors (1024K)
 Metaspace       used 12063K, capacity 12408K, committed 12672K, reserved 1060864K
  class space    used 1194K, capacity 1345K, committed 1408K, reserved 1048576K
}
Event: 1.454 GC heap before
{Heap before GC invocations=2 (full 0):
 garbage-first heap   total 131072K, used 40126K [0x0000000081e00000, 0x0000000100000000)
  region size 1024K, 35 young (35840K), 1 survivors (1024K)
 Metaspace       used 18314K, capacity 18975K, committed 19200K, reserved 1067008K
  class space    used 1971K, capacity 2221K, committed 2304K, reserved 1048576K
}
Event: 1.457 GC heap after
{Heap after GC invocations=3 (full 0):
 garbage-first heap   total 131072K, used 6642K [0x0000000081e00000, 0x0000000100000000)
  region size 1024K, 2 young (2048K), 2 survivors (2048K)
 Metaspace       used 18314K, capacity 18975K, committed 19200K, reserved 1067008K
  class space    used 1971K, capacity 2221K, committed 2304K, reserved 1048576K
}
Event: 1.760 GC heap before
{Heap before GC invocations=3 (full 0):
 garbage-first heap   total 131072K, used 20978K [0x0000000081e00000, 0x0000000100000000)
  region size 1024K, 17 young (17408K), 2 survivors (2048K)
 Metaspace       used 20515K, capacity 21198K, committed 21296K, reserved 1069056K
  class space    used 2287K, capacity 2565K, committed 2608K, reserved 1048576K
}
Event: 1.764 GC heap after
{Heap after GC invocations=4 (full 0):
 garbage-first heap   total 131072K, used 7469K [0x0000000081e00000, 0x0000000100000000)
  region size 1024K, 3 young (3072K), 3 survivors (3072K)
 Metaspace       used 20515K, capacity 21198K, committed 21296K, reserved 1069056K
  class space    used 2287K, capacity 2565K, committed 2608K, reserved 1048576K
}
Event: 2.613 GC heap before
{Heap before GC invocations=5 (full 0):
 garbage-first heap   total 131072K, used 62765K [0x0000000081e00000, 0x0000000100000000)
  region size 1024K, 58 young (59392K), 3 survivors (3072K)
 Metaspace       used 28977K, capacity 29979K, committed 30256K, reserved 1075200K
  class space    used 3369K, capacity 3749K, committed 3888K, reserved 1048576K
}
Event: 2.620 GC heap after
{Heap after GC invocations=6 (full 0):
 garbage-first heap   total 131072K, used 9780K [0x0000000081e00000, 0x0000000100000000)
  region size 1024K, 5 young (5120K), 5 survivors (5120K)
 Metaspace       used 28977K, capacity 29979K, committed 30256K, reserved 1075200K
  class space    used 3369K, capacity 3749K, committed 3888K, reserved 1048576K
}
Event: 3.757 GC heap before
{Heap before GC invocations=6 (full 0):
 garbage-first heap   total 131072K, used 75316K [0x0000000081e00000, 0x0000000100000000)
  region size 1024K, 70 young (71680K), 5 survivors (5120K)
 Metaspace       used 34524K, capacity 35786K, committed 35888K, reserved 1081344K
  class space    used 4094K, capacity 4605K, committed 4656K, reserved 1048576K
}
Event: 3.772 GC heap after
{Heap after GC invocations=7 (full 0):
 garbage-first heap   total 131072K, used 13460K [0x0000000081e00000, 0x0000000100000000)
  region size 1024K, 9 young (9216K), 9 survivors (9216K)
 Metaspace       used 34524K, capacity 35786K, committed 35888K, reserved 1081344K
  class space    used 4094K, capacity 4605K, committed 4656K, reserved 1048576K
}

Deoptimization events (20 events):
Event: 3.856 Thread 0x000001b4fe254000 Uncommon trap: trap_request=0xffffffbe fr.pc=0x000001b490267b40 relative=0x00000000000008e0
Event: 3.856 Thread 0x000001b4fe254000 Uncommon trap: reason=profile_predicate action=maybe_recompile pc=0x000001b490267b40 method=java.lang.PublicMethods$MethodList.filter([Ljava/lang/reflect/Method;Ljava/lang/String;[Ljava/lang/Class;Z)Ljava/lang/PublicMethods$MethodList; @ 21 c2
Event: 3.856 Thread 0x000001b4fe254000 DEOPT PACKING pc=0x000001b490267b40 sp=0x00000072ea0fa5f0
Event: 3.856 Thread 0x000001b4fe254000 DEOPT UNPACKING pc=0x000001b4886374af sp=0x00000072ea0fa5a8 mode 2
Event: 3.856 Thread 0x000001b4fe254000 Uncommon trap: trap_request=0xffffffbe fr.pc=0x000001b490267b40 relative=0x00000000000008e0
Event: 3.856 Thread 0x000001b4fe254000 Uncommon trap: reason=profile_predicate action=maybe_recompile pc=0x000001b490267b40 method=java.lang.PublicMethods$MethodList.filter([Ljava/lang/reflect/Method;Ljava/lang/String;[Ljava/lang/Class;Z)Ljava/lang/PublicMethods$MethodList; @ 21 c2
Event: 3.856 Thread 0x000001b4fe254000 DEOPT PACKING pc=0x000001b490267b40 sp=0x00000072ea0fa540
Event: 3.856 Thread 0x000001b4fe254000 DEOPT UNPACKING pc=0x000001b4886374af sp=0x00000072ea0fa4f8 mode 2
Event: 3.856 Thread 0x000001b4fe254000 Uncommon trap: trap_request=0xffffffbe fr.pc=0x000001b490267b40 relative=0x00000000000008e0
Event: 3.856 Thread 0x000001b4fe254000 Uncommon trap: reason=profile_predicate action=maybe_recompile pc=0x000001b490267b40 method=java.lang.PublicMethods$MethodList.filter([Ljava/lang/reflect/Method;Ljava/lang/String;[Ljava/lang/Class;Z)Ljava/lang/PublicMethods$MethodList; @ 21 c2
Event: 3.856 Thread 0x000001b4fe254000 DEOPT PACKING pc=0x000001b490267b40 sp=0x00000072ea0fa540
Event: 3.856 Thread 0x000001b4fe254000 DEOPT UNPACKING pc=0x000001b4886374af sp=0x00000072ea0fa4f8 mode 2
Event: 3.857 Thread 0x000001b4fe254000 Uncommon trap: trap_request=0xffffffbe fr.pc=0x000001b490267b40 relative=0x00000000000008e0
Event: 3.857 Thread 0x000001b4fe254000 Uncommon trap: reason=profile_predicate action=maybe_recompile pc=0x000001b490267b40 method=java.lang.PublicMethods$MethodList.filter([Ljava/lang/reflect/Method;Ljava/lang/String;[Ljava/lang/Class;Z)Ljava/lang/PublicMethods$MethodList; @ 21 c2
Event: 3.857 Thread 0x000001b4fe254000 DEOPT PACKING pc=0x000001b490267b40 sp=0x00000072ea0fa930
Event: 3.857 Thread 0x000001b4fe254000 DEOPT UNPACKING pc=0x000001b4886374af sp=0x00000072ea0fa8e8 mode 2
Event: 3.894 Thread 0x000001b4fe254000 DEOPT PACKING pc=0x000001b48921b9ef sp=0x00000072ea0faf80
Event: 3.894 Thread 0x000001b4fe254000 DEOPT UNPACKING pc=0x000001b4886372ce sp=0x00000072ea0fa408 mode 0
Event: 3.999 Thread 0x000001b4fe254000 DEOPT PACKING pc=0x000001b48921b9ef sp=0x00000072ea0fb0d0
Event: 3.999 Thread 0x000001b4fe254000 DEOPT UNPACKING pc=0x000001b4886372ce sp=0x00000072ea0fa558 mode 0

Classes redefined (0 events):
No events

Internal exceptions (20 events):
Event: 4.033 Thread 0x000001b4fe254000 Exception <a 'java/lang/ClassNotFoundException'{0x0000000088b79cf0}: org/springframework/web/servlet/handler/MatchableHandlerMappingCustomizer> (0x0000000088b79cf0) thrown at [./src/hotspot/share/classfile/systemDictionary.cpp, line 231]
Event: 4.033 Thread 0x000001b4fe254000 Exception <a 'java/lang/ClassNotFoundException'{0x0000000088b8ad08}: org/springframework/web/servlet/HandlerMappingCustomizer> (0x0000000088b8ad08) thrown at [./src/hotspot/share/classfile/systemDictionary.cpp, line 231]
Event: 4.034 Thread 0x000001b4fe254000 Exception <a 'java/lang/ClassNotFoundException'{0x0000000088b9c0b0}: org/springframework/context/EmbeddedValueResolverAwareCustomizer> (0x0000000088b9c0b0) thrown at [./src/hotspot/share/classfile/systemDictionary.cpp, line 231]
Event: 4.034 Thread 0x000001b4fe254000 Exception <a 'java/lang/ClassNotFoundException'{0x0000000088bab6a0}: org/springframework/beans/factory/AwareCustomizer> (0x0000000088bab6a0) thrown at [./src/hotspot/share/classfile/systemDictionary.cpp, line 231]
Event: 4.034 Thread 0x000001b4fe254000 Exception <a 'java/lang/ClassNotFoundException'{0x0000000088bbb6d0}: org/springframework/beans/factory/InitializingBeanCustomizer> (0x0000000088bbb6d0) thrown at [./src/hotspot/share/classfile/systemDictionary.cpp, line 231]
Event: 4.035 Thread 0x000001b4fe254000 Exception <a 'java/lang/ClassNotFoundException'{0x0000000088bcb580}: org/springframework/web/servlet/HandlerMappingCustomizer> (0x0000000088bcb580) thrown at [./src/hotspot/share/classfile/systemDictionary.cpp, line 231]
Event: 4.035 Thread 0x000001b4fe254000 Exception <a 'java/lang/ClassNotFoundException'{0x0000000088bd9e88}: org/springframework/core/OrderedCustomizer> (0x0000000088bd9e88) thrown at [./src/hotspot/share/classfile/systemDictionary.cpp, line 231]
Event: 4.036 Thread 0x000001b4fe254000 Exception <a 'java/lang/ClassNotFoundException'{0x0000000088bea130}: org/springframework/beans/factory/BeanNameAwareCustomizer> (0x0000000088bea130) thrown at [./src/hotspot/share/classfile/systemDictionary.cpp, line 231]
Event: 4.036 Thread 0x000001b4fe254000 Exception <a 'java/lang/ClassNotFoundException'{0x0000000088bf9690}: org/springframework/beans/factory/AwareCustomizer> (0x0000000088bf9690) thrown at [./src/hotspot/share/classfile/systemDictionary.cpp, line 231]
Event: 4.036 Thread 0x000001b4fe254000 Exception <a 'java/lang/ClassNotFoundException'{0x0000000088a09ce8}: org/springframework/web/context/ServletContextAwareCustomizer> (0x0000000088a09ce8) thrown at [./src/hotspot/share/classfile/systemDictionary.cpp, line 231]
Event: 4.037 Thread 0x000001b4fe254000 Exception <a 'java/lang/ClassNotFoundException'{0x0000000088a192a0}: org/springframework/beans/factory/AwareCustomizer> (0x0000000088a192a0) thrown at [./src/hotspot/share/classfile/systemDictionary.cpp, line 231]
Event: 4.037 Thread 0x000001b4fe254000 Exception <a 'java/lang/ClassNotFoundException'{0x0000000088a29410}: org/springframework/context/ApplicationContextAwareCustomizer> (0x0000000088a29410) thrown at [./src/hotspot/share/classfile/systemDictionary.cpp, line 231]
Event: 4.038 Thread 0x000001b4fe254000 Exception <a 'java/lang/ClassNotFoundException'{0x0000000088a38ee8}: org/springframework/beans/factory/AwareCustomizer> (0x0000000088a38ee8) thrown at [./src/hotspot/share/classfile/systemDictionary.cpp, line 231]
Event: 4.070 Thread 0x000001b4fe254000 Exception <a 'java/lang/ClassNotFoundException'{0x00000000889efd38}: java/lang/ObjectCustomizer> (0x00000000889efd38) thrown at [./src/hotspot/share/classfile/systemDictionary.cpp, line 231]
Event: 4.071 Thread 0x000001b4fe254000 Exception <a 'java/lang/ClassNotFoundException'{0x0000000088803a60}: org/springframework/web/util/pattern/PathPatternParserCustomizer> (0x0000000088803a60) thrown at [./src/hotspot/share/classfile/systemDictionary.cpp, line 231]
Event: 4.072 Thread 0x000001b4fe254000 Exception <a 'java/lang/ClassNotFoundException'{0x0000000088816fc8}: java/lang/ObjectCustomizer> (0x0000000088816fc8) thrown at [./src/hotspot/share/classfile/systemDictionary.cpp, line 231]
Event: 4.073 Thread 0x000001b4fe254000 Exception <a 'java/lang/ClassNotFoundException'{0x00000000888291e0}: org/springframework/web/util/UrlPathHelperCustomizer> (0x00000000888291e0) thrown at [./src/hotspot/share/classfile/systemDictionary.cpp, line 231]
Event: 4.074 Thread 0x000001b4fe254000 Exception <a 'java/lang/ClassNotFoundException'{0x00000000888459c8}: java/lang/ObjectCustomizer> (0x00000000888459c8) thrown at [./src/hotspot/share/classfile/systemDictionary.cpp, line 231]
Event: 4.079 Thread 0x000001b4fe254000 Exception <a 'java/lang/ClassNotFoundException'{0x00000000888572d0}: org/springframework/util/AntPathMatcherCustomizer> (0x00000000888572d0) thrown at [./src/hotspot/share/classfile/systemDictionary.cpp, line 231]
Event: 4.080 Thread 0x000001b4fe254000 Exception <a 'java/lang/ClassNotFoundException'{0x0000000088870ba8}: org/springframework/util/PathMatcherCustomizer> (0x0000000088870ba8) thrown at [./src/hotspot/share/classfile/systemDictionary.cpp, line 231]

Events (20 events):
Event: 4.073 loading class org/springframework/web/util/UrlPathHelperCustomizer
Event: 4.073 loading class org/springframework/web/util/UrlPathHelperCustomizer done
Event: 4.073 loading class org/springframework/web/util/UrlPathHelperCustomizer
Event: 4.073 loading class org/springframework/web/util/UrlPathHelperCustomizer done
Event: 4.074 loading class java/lang/ObjectCustomizer
Event: 4.074 loading class java/lang/ObjectCustomizer done
Event: 4.074 loading class java/lang/ObjectCustomizer
Event: 4.074 loading class java/lang/ObjectCustomizer done
Event: 4.074 loading class org/springframework/util/AntPathMatcherCustomizer
Event: 4.074 loading class org/springframework/util/AntPathMatcherCustomizer done
Event: 4.075 loading class org/springframework/util/AntPathMatcherCustomizer
Event: 4.075 loading class org/springframework/util/AntPathMatcherCustomizer done
Event: 4.079 loading class org/springframework/util/AntPathMatcherCustomizer
Event: 4.079 loading class org/springframework/util/AntPathMatcherCustomizer done
Event: 4.080 loading class org/springframework/util/PathMatcherCustomizer
Event: 4.080 loading class org/springframework/util/PathMatcherCustomizer done
Event: 4.080 loading class org/springframework/util/PathMatcherCustomizer
Event: 4.080 loading class org/springframework/util/PathMatcherCustomizer done
Event: 4.080 loading class org/springframework/util/PathMatcherCustomizer
Event: 4.080 loading class org/springframework/util/PathMatcherCustomizer done


Dynamic libraries:
0x00007ff698bd0000 - 0x00007ff698bdd000 	C:\Program Files\AdoptOpenJDK\jdk-11.0.9.101-hotspot\bin\java.exe
0x00007ff8f6830000 - 0x00007ff8f6a26000 	C:\WINDOWS\SYSTEM32\ntdll.dll
0x00007ff8f5230000 - 0x00007ff8f52ed000 	C:\WINDOWS\System32\KERNEL32.DLL
0x00007ff8f41b0000 - 0x00007ff8f4479000 	C:\WINDOWS\System32\KERNELBASE.dll
0x00007ff8f4790000 - 0x00007ff8f4890000 	C:\WINDOWS\System32\ucrtbase.dll
0x00007ff8b3820000 - 0x00007ff8b3835000 	C:\Program Files\AdoptOpenJDK\jdk-11.0.9.101-hotspot\bin\VCRUNTIME140.dll
0x00007ff8b0a70000 - 0x00007ff8b0a87000 	C:\Program Files\AdoptOpenJDK\jdk-11.0.9.101-hotspot\bin\jli.dll
0x00007ff8f4df0000 - 0x00007ff8f4f90000 	C:\WINDOWS\System32\USER32.dll
0x00007ff8f4100000 - 0x00007ff8f4122000 	C:\WINDOWS\System32\win32u.dll
0x00007ff8f64b0000 - 0x00007ff8f64da000 	C:\WINDOWS\System32\GDI32.dll
0x00007ff8df4c0000 - 0x00007ff8df75b000 	C:\WINDOWS\WinSxS\amd64_microsoft.windows.common-controls_6595b64144ccf1df_6.0.19041.488_none_ca04af081b815d21\COMCTL32.dll
0x00007ff8f3ff0000 - 0x00007ff8f40f9000 	C:\WINDOWS\System32\gdi32full.dll
0x00007ff8f5ff0000 - 0x00007ff8f608e000 	C:\WINDOWS\System32\msvcrt.dll
0x00007ff8f44e0000 - 0x00007ff8f457d000 	C:\WINDOWS\System32\msvcp_win.dll
0x00007ff8f67c0000 - 0x00007ff8f67f0000 	C:\WINDOWS\System32\IMM32.DLL
0x00007ff8bd8a0000 - 0x00007ff8bd944000 	C:\Program Files\McAfee\Endpoint Security\Threat Prevention\Ips\EpMPApi.dll
0x00007ff8f4940000 - 0x00007ff8f4a6b000 	C:\WINDOWS\System32\RPCRT4.dll
0x00007ff8f4890000 - 0x00007ff8f493c000 	C:\WINDOWS\System32\ADVAPI32.dll
0x00007ff8f6720000 - 0x00007ff8f67bc000 	C:\WINDOWS\System32\sechost.dll
0x00007ff8f4480000 - 0x00007ff8f44e0000 	C:\WINDOWS\System32\WINTRUST.dll
0x00007ff8f4630000 - 0x00007ff8f478d000 	C:\WINDOWS\System32\CRYPT32.dll
0x00007ff8f3b60000 - 0x00007ff8f3b72000 	C:\WINDOWS\SYSTEM32\MSASN1.dll
0x0000000077370000 - 0x000000007737c000 	C:\Program Files\McAfee\Endpoint Security\Threat Prevention\Ips\EpMPThe.dll
0x00007ff8c3a60000 - 0x00007ff8c3ab8000 	C:\Program Files\McAfee\Endpoint Security\Threat Prevention\Ips\HIPHandlers64.dll
0x00007ff8f5f90000 - 0x00007ff8f5fe5000 	C:\WINDOWS\System32\SHLWAPI.dll
0x00007ff8dd860000 - 0x00007ff8dda44000 	C:\WINDOWS\SYSTEM32\dbghelp.dll
0x00007ff8af620000 - 0x00007ff8af6bb000 	C:\Program Files\AdoptOpenJDK\jdk-11.0.9.101-hotspot\bin\msvcp140.dll
0x00007ff8628b0000 - 0x00007ff8633f3000 	C:\Program Files\AdoptOpenJDK\jdk-11.0.9.101-hotspot\bin\server\jvm.dll
0x00007ff8f5220000 - 0x00007ff8f5228000 	C:\WINDOWS\System32\PSAPI.DLL
0x00007ff8ed2e0000 - 0x00007ff8ed2ea000 	C:\WINDOWS\SYSTEM32\VERSION.dll
0x00007ff8e1ce0000 - 0x00007ff8e1d07000 	C:\WINDOWS\SYSTEM32\WINMM.dll
0x00007ff8d7070000 - 0x00007ff8d7079000 	C:\WINDOWS\SYSTEM32\WSOCK32.dll
0x00007ff8f66b0000 - 0x00007ff8f671b000 	C:\WINDOWS\System32\WS2_32.dll
0x00007ff8f1dc0000 - 0x00007ff8f1dd2000 	C:\WINDOWS\SYSTEM32\kernel.appcore.dll
0x00007ff8c44b0000 - 0x00007ff8c44c0000 	C:\Program Files\AdoptOpenJDK\jdk-11.0.9.101-hotspot\bin\verify.dll
0x00007ff8d7080000 - 0x00007ff8d70ac000 	C:\WINDOWS\SYSTEM32\dbgcore.DLL
0x00007ff8f4130000 - 0x00007ff8f41b0000 	C:\WINDOWS\System32\bcryptPrimitives.dll
0x00007ff8af930000 - 0x00007ff8af958000 	C:\Program Files\AdoptOpenJDK\jdk-11.0.9.101-hotspot\bin\java.dll
0x00007ff8c4480000 - 0x00007ff8c448a000 	C:\Program Files\AdoptOpenJDK\jdk-11.0.9.101-hotspot\bin\jimage.dll
0x00007ff8af600000 - 0x00007ff8af617000 	C:\Program Files\AdoptOpenJDK\jdk-11.0.9.101-hotspot\bin\zip.dll
0x00007ff8f52f0000 - 0x00007ff8f5a32000 	C:\WINDOWS\System32\SHELL32.dll
0x00007ff8f20a0000 - 0x00007ff8f2835000 	C:\WINDOWS\SYSTEM32\windows.storage.dll
0x00007ff8f60f0000 - 0x00007ff8f6446000 	C:\WINDOWS\System32\combase.dll
0x00007ff8f38a0000 - 0x00007ff8f38cc000 	C:\WINDOWS\SYSTEM32\Wldp.dll
0x00007ff8f4bf0000 - 0x00007ff8f4c9e000 	C:\WINDOWS\System32\SHCORE.dll
0x00007ff8f3ea0000 - 0x00007ff8f3ec6000 	C:\WINDOWS\SYSTEM32\profapi.dll
0x00007ff8af5e0000 - 0x00007ff8af5f9000 	C:\Program Files\AdoptOpenJDK\jdk-11.0.9.101-hotspot\bin\net.dll
0x00007ff8ecf00000 - 0x00007ff8ed000000 	C:\WINDOWS\SYSTEM32\WINHTTP.dll
0x00007ff8f3630000 - 0x00007ff8f369a000 	C:\WINDOWS\system32\mswsock.dll
0x00007ff8af5c0000 - 0x00007ff8af5d2000 	C:\Program Files\AdoptOpenJDK\jdk-11.0.9.101-hotspot\bin\nio.dll
0x00007ff8ba380000 - 0x00007ff8ba389000 	C:\Program Files\AdoptOpenJDK\jdk-11.0.9.101-hotspot\bin\management.dll
0x00007ff8ba100000 - 0x00007ff8ba10b000 	C:\Program Files\AdoptOpenJDK\jdk-11.0.9.101-hotspot\bin\management_ext.dll
0x00007ff8de260000 - 0x00007ff8de277000 	C:\WINDOWS\system32\napinsp.dll
0x00007ff8de240000 - 0x00007ff8de25b000 	C:\WINDOWS\system32\pnrpnsp.dll
0x00007ff8edb00000 - 0x00007ff8edb15000 	C:\WINDOWS\system32\wshbth.dll
0x00007ff8efb00000 - 0x00007ff8efb1d000 	C:\WINDOWS\system32\NLAapi.dll
0x00007ff8f3340000 - 0x00007ff8f337b000 	C:\WINDOWS\SYSTEM32\IPHLPAPI.DLL
0x00007ff8f3380000 - 0x00007ff8f344b000 	C:\WINDOWS\SYSTEM32\DNSAPI.dll
0x00007ff8f64e0000 - 0x00007ff8f64e8000 	C:\WINDOWS\System32\NSI.dll
0x00007ff8de4c0000 - 0x00007ff8de4d2000 	C:\WINDOWS\System32\winrnr.dll
0x00007ff8eb860000 - 0x00007ff8eb86a000 	C:\Windows\System32\rasadhlp.dll
0x00007ff8ee6d0000 - 0x00007ff8ee74f000 	C:\WINDOWS\System32\fwpuclnt.dll
0x00007ff8f3f70000 - 0x00007ff8f3f97000 	C:\WINDOWS\System32\bcrypt.dll

dbghelp: loaded successfully - version: 4.0.5 - missing functions: none
symbol engine: initialized successfully - sym options: 0x614 - pdb path: .;C:\Program Files\AdoptOpenJDK\jdk-11.0.9.101-hotspot\bin;C:\WINDOWS\SYSTEM32;C:\WINDOWS\WinSxS\amd64_microsoft.windows.common-controls_6595b64144ccf1df_6.0.19041.488_none_ca04af081b815d21;C:\Program Files\McAfee\Endpoint Security\Threat Prevention\Ips;C:\Program Files\AdoptOpenJDK\jdk-11.0.9.101-hotspot\bin\server

VM Arguments:
java_command: C:\Users\h013026\AppData\Local\Temp\surefire17865097694738450906\surefirebooter18258131426998450856.jar C:\Users\h013026\AppData\Local\Temp\surefire17865097694738450906 2023-01-13T12-30-02_935-jvmRun1 surefire5887028941342743981tmp surefire_04525341682513410493tmp
java_class_path (initial): C:\Users\h013026\AppData\Local\Temp\surefire17865097694738450906\surefirebooter18258131426998450856.jar
Launcher Type: SUN_STANDARD

[Global flags]
     intx CICompilerCount                          = 3                                         {product} {ergonomic}
     uint ConcGCThreads                            = 1                                         {product} {ergonomic}
     uint G1ConcRefinementThreads                  = 4                                         {product} {ergonomic}
   size_t G1HeapRegionSize                         = 1048576                                   {product} {ergonomic}
    uintx GCDrainStackTargetSize                   = 64                                        {product} {ergonomic}
   size_t InitialHeapSize                          = 134217728                                 {product} {ergonomic}
   size_t MarkStackSize                            = 4194304                                   {product} {ergonomic}
   size_t MaxHeapSize                              = 2116026368                                {product} {ergonomic}
   size_t MaxNewSize                               = 1268776960                                {product} {ergonomic}
   size_t MinHeapDeltaBytes                        = 1048576                                   {product} {ergonomic}
    uintx NonNMethodCodeHeapSize                   = 5830732                                {pd product} {ergonomic}
    uintx NonProfiledCodeHeapSize                  = 122913754                              {pd product} {ergonomic}
    uintx ProfiledCodeHeapSize                     = 122913754                              {pd product} {ergonomic}
    uintx ReservedCodeCacheSize                    = 251658240                              {pd product} {ergonomic}
     bool SegmentedCodeCache                       = true                                      {product} {ergonomic}
     bool UseCompressedClassPointers               = true                                 {lp64_product} {ergonomic}
     bool UseCompressedOops                        = true                                 {lp64_product} {ergonomic}
     bool UseG1GC                                  = true                                      {product} {ergonomic}
     bool UseLargePagesIndividualAllocation        = false                                  {pd product} {ergonomic}

Logging:
Log output configuration:
 #0: stdout all=warning uptime,level,tags
 #1: stderr all=off uptime,level,tags

Environment Variables:
JAVA_HOME=C:\Program Files\AdoptOpenJDK\jdk-11.0.9.101-hotspot\
PATH=C:\Python311\Scripts\;C:\Python311\;C:\Program Files\AdoptOpenJDK\jdk-11.0.9.101-hotspot\bin;C:\Program Files (x86)\Common Files\Oracle\Java\javapath;C:\Program Files\Microsoft MPI\Bin\;C:\ProgramData\Oracle\Java\javapath;C:\Windows\system32;C:\Windows;C:\Windows\System32\Wbem;C:\Windows\System32\WindowsPowerShell\v1.0\;C:\Program Files\SourceGear\Common\DiffMerge\;C:\Program Files\Microsoft SQL Server\130\Tools\Binn\;C:\Program Files\PostgreSQL\10\bin;C:\Program Files\PostgreSQL\10\lib;C:\Program Files\Microsoft VS Code\bin;C:\Program Files\MongoDB\Server\4.0\bin;C:\Program Files\RStudio\bin;C:\Program Files\R\R-3.5.3\bin;C:\ProgramData\chocolatey\bin;C:\Program Files (x86)\vim\vim80;C:\apache-maven-3.6.3\bin;C:\Program Files\Java\jdk1.8.0_241\bin;C:\Program Files (x86)\Microsoft SQL Server\100\Tools\Binn\;C:\Program Files\Microsoft SQL Server\100\Tools\Binn\;C:\Program Files\Microsoft SQL Server\100\DTS\Binn\;C:\Program Files (x86)\Microsoft SQL Server\100\Tools\Binn\VSShell\Common7\IDE\;C:\Program Files (x86)\Microsoft SQL Server\100\DTS\Binn\;C:\Program Files (x86)\Microsoft Visual Studio 9.0\Common7\IDE\PrivateAssemblies\;C:\WINDOWS\system32;C:\WINDOWS;C:\WINDOWS\System32\Wbem;C:\WINDOWS\System32\WindowsPowerShell\v1.0\;C:\WINDOWS\System32\OpenSSH\;c:\Program Files (x86)\Microsoft SQL Server\110\Tools\Binn\;c:\Program Files\Microsoft SQL Server\110\Tools\Binn\;c:\Program Files\Microsoft SQL Server\110\DTS\Binn\;C:\Users\h013026\Anaconda3\Scripts;C:\Program Files\Microsoft SQL Server\Client SDK\ODBC\170\Tools\Binn\;C:\Users\h013026\.sdkman\bin;C:\flyway-8.0.0-beta3;C:\Program Files\PuTTY\;C:\Program Files\GitHub CLI\;C:\Program Files (x86)\Microsoft SQL Server\150\DTS\Binn\;C:\Program Files\Azure Data Studio\bin;C:\Program Files\dotnet\;C:\Program Files\nodejs\;C:\Program Files\Microsoft SQL Server\150\Tools\Binn\;C:\Program Files\Git\cmd;%C:\Program Files (x86)\Common Files\Oracle\Java\javapath;C:\Program Files\Microsoft MPI\Bin\;C:\ProgramData\Oracle\Java\ja
USERNAME=h013026
DISPLAY=needs-to-be-defined
OS=Windows_NT
PROCESSOR_IDENTIFIER=Intel64 Family 6 Model 94 Stepping 3, GenuineIntel



---------------  S Y S T E M  ---------------

OS: Windows 10 , 64 bit Build 19041 (10.0.19041.662)
OS uptime: 0 days 0:32 hours
HyperV virtualization detected

CPU:total 4 (initial active 4) (4 cores per cpu, 1 threads per core) family 6 model 94 stepping 3, cmov, cx8, fxsr, mmx, sse, sse2, sse3, ssse3, sse4.1, sse4.2, popcnt, avx, avx2, aes, clmul, erms, rtm, 3dnowpref, lzcnt, tsc, tscinvbit, bmi1, bmi2, adx, fma

Memory: 4k page, system-wide physical 8071M (1245M free)
TotalPageFile size 9975M (AvailPageFile size 4M)
current process WorkingSet (physical memory assigned to process): 215M, peak: 215M
current process commit charge ("private bytes"): 292M, peak: 293M

vm_info: OpenJDK 64-Bit Server VM (11.0.9.1+1) for windows-amd64 JRE (11.0.9.1+1), built on Nov 10 2020 15:18:49 by "" with MS VC++ 15.9 (VS2017)

END.
