#
# There is insufficient memory for the Java Runtime Environment to continue.
# Native memory allocation (malloc) failed to allocate 32744 bytes for ChunkPool::allocate
# Possible reasons:
#   The system is out of physical RAM or swap space
#   The process is running with CompressedOops enabled, and the Java Heap may be blocking the growth of the native heap
# Possible solutions:
#   Reduce memory load on the system
#   Increase physical memory or swap space
#   Check if swap backing store is full
#   Decrease Java heap size (-Xmx/-Xms)
#   Decrease number of Java threads
#   Decrease Java thread stack sizes (-Xss)
#   Set larger code cache with -XX:ReservedCodeCacheSize=
#   JVM is running with Unscaled Compressed Oops mode in which the Java heap is
#     placed in the first 4GB address space. The Java Heap base address is the
#     maximum limit for the native heap growth. Please use -XX:HeapBaseMinAddress
#     to set the Java Heap base and to place the Java Heap above 4GB virtual address.
# This output file may be truncated or incomplete.
#
#  Out of Memory Error (./src/hotspot/share/memory/arena.cpp:81), pid=10348, tid=10320
#
# JRE version: OpenJDK Runtime Environment AdoptOpenJDK (11.0.9.1+1) (build 11.0.9.1+1)
# Java VM: OpenJDK 64-Bit Server VM AdoptOpenJDK (11.0.9.1+1, mixed mode, tiered, compressed oops, g1 gc, windows-amd64)
# No core dump will be written. Minidumps are not enabled by default on client versions of Windows
#

---------------  S U M M A R Y ------------

Command Line: C:\Users\h013026\AppData\Local\Temp\surefire13593321114089962774\surefirebooter2748429470366585701.jar C:\Users\h013026\AppData\Local\Temp\surefire13593321114089962774 2022-12-19T17-21-34_635-jvmRun1 surefire11015349172893972585tmp surefire_01544110530748884518tmp

Host: Intel(R) Core(TM) i5-6500 CPU @ 3.20GHz, 4 cores, 7G,  Windows 10 , 64 bit Build 19041 (10.0.19041.662)
Time: Mon Dec 19 17:21:36 2022 E. South America Standard Time elapsed time: 0.642937 seconds (0d 0h 0m 0s)

---------------  T H R E A D  ---------------

Current thread (0x0000016905f61800):  JavaThread "C2 CompilerThread1" daemon [_thread_in_native, id=10320, stack(0x0000000ad9c00000,0x0000000ad9d00000)]


Current CompileTask:
C2:    643  737  s!   4       jdk.internal.loader.URLClassPath::getLoader (194 bytes)

Stack: [0x0000000ad9c00000,0x0000000ad9d00000]
Native frames: (J=compiled Java code, j=interpreted, Vv=VM code, C=native code)
V  [jvm.dll+0x5f465a]
V  [jvm.dll+0x77c78e]
V  [jvm.dll+0x77de5f]
V  [jvm.dll+0x77e523]
V  [jvm.dll+0x2477c8]
V  [jvm.dll+0xbe68b]
V  [jvm.dll+0xbe9ec]
V  [jvm.dll+0xcc9ca]
V  [jvm.dll+0x4fb4bb]
V  [jvm.dll+0x4f9c5d]
V  [jvm.dll+0x4f931f]
V  [jvm.dll+0x4f92e6]
V  [jvm.dll+0x50931e]
V  [jvm.dll+0x202beb]
V  [jvm.dll+0x20011f]
V  [jvm.dll+0x184fbc]
V  [jvm.dll+0x20f7f7]
V  [jvm.dll+0x20d9db]
V  [jvm.dll+0x741029]
V  [jvm.dll+0x73a0d4]
V  [jvm.dll+0x5f3586]
C  [ucrtbase.dll+0x214c2]
C  [KERNEL32.DLL+0x17034]
C  [ntdll.dll+0x4d0d1]


---------------  P R O C E S S  ---------------

Threads class SMR info:
_java_thread_list=0x000001697fdfdf30, length=13, elements={
0x00000169669be800, 0x000001697f176800, 0x000001697f1a3000, 0x000001697f1b8800,
0x000001697f1b9800, 0x000001697f1ba800, 0x000001697f1c1800, 0x000001697f1c8800,
0x000001697fc92800, 0x000001697fcab000, 0x000001697fda1800, 0x0000016905f28800,
0x0000016905f61800
}

Java Threads: ( => current thread )
  0x00000169669be800 JavaThread "main" [_thread_in_vm, id=7700, stack(0x0000000ad8900000,0x0000000ad8a00000)]
  0x000001697f176800 JavaThread "Reference Handler" daemon [_thread_blocked, id=6664, stack(0x0000000ad9000000,0x0000000ad9100000)]
  0x000001697f1a3000 JavaThread "Finalizer" daemon [_thread_blocked, id=7344, stack(0x0000000ad9100000,0x0000000ad9200000)]
  0x000001697f1b8800 JavaThread "Signal Dispatcher" daemon [_thread_blocked, id=7944, stack(0x0000000ad9200000,0x0000000ad9300000)]
  0x000001697f1b9800 JavaThread "Attach Listener" daemon [_thread_blocked, id=13916, stack(0x0000000ad9300000,0x0000000ad9400000)]
  0x000001697f1ba800 JavaThread "C2 CompilerThread0" daemon [_thread_in_native, id=7292, stack(0x0000000ad9400000,0x0000000ad9500000)]
  0x000001697f1c1800 JavaThread "C1 CompilerThread0" daemon [_thread_in_vm, id=1220, stack(0x0000000ad9500000,0x0000000ad9600000)]
  0x000001697f1c8800 JavaThread "Sweeper thread" daemon [_thread_blocked, id=10392, stack(0x0000000ad9600000,0x0000000ad9700000)]
  0x000001697fc92800 JavaThread "Service Thread" daemon [_thread_blocked, id=14112, stack(0x0000000ad9700000,0x0000000ad9800000)]
  0x000001697fcab000 JavaThread "Common-Cleaner" daemon [_thread_blocked, id=2072, stack(0x0000000ad9900000,0x0000000ad9a00000)]
  0x000001697fda1800 JavaThread "surefire-forkedjvm-command-thread" daemon [_thread_in_native, id=6476, stack(0x0000000ad9a00000,0x0000000ad9b00000)]
  0x0000016905f28800 JavaThread "surefire-forkedjvm-ping-30s" daemon [_thread_in_native, id=13664, stack(0x0000000ad9b00000,0x0000000ad9c00000)]
=>0x0000016905f61800 JavaThread "C2 CompilerThread1" daemon [_thread_in_native, id=10320, stack(0x0000000ad9c00000,0x0000000ad9d00000)]

Other Threads:
  0x000001697f175800 VMThread "VM Thread" [stack: 0x0000000ad8f00000,0x0000000ad9000000] [id=14268]
  0x000001697fca6800 WatcherThread [stack: 0x0000000ad9800000,0x0000000ad9900000] [id=8636]
  0x00000169669d9800 GCTaskThread "GC Thread#0" [stack: 0x0000000ad8a00000,0x0000000ad8b00000] [id=5348]
  0x00000169061d4000 GCTaskThread "GC Thread#1" [stack: 0x0000000ad9d00000,0x0000000ad9e00000] [id=10228]
  0x0000016905f58800 GCTaskThread "GC Thread#2" [stack: 0x0000000ad9e00000,0x0000000ad9f00000] [id=8212]
  0x0000016966a0a800 ConcurrentGCThread "G1 Main Marker" [stack: 0x0000000ad8b00000,0x0000000ad8c00000] [id=264]
  0x0000016966a0e000 ConcurrentGCThread "G1 Conc#0" [stack: 0x0000000ad8c00000,0x0000000ad8d00000] [id=9396]
  0x0000016966a9d000 ConcurrentGCThread "G1 Refine#0" [stack: 0x0000000ad8d00000,0x0000000ad8e00000] [id=12364]
  0x0000016966a9e000 ConcurrentGCThread "G1 Young RemSet Sampling" [stack: 0x0000000ad8e00000,0x0000000ad8f00000] [id=9272]

Threads with active compile tasks:
C2 CompilerThread0    927  739       4       java.util.jar.JarFile::getEntry (22 bytes)
C1 CompilerThread0    927  732       3       java.net.URLStreamHandler::parseURL (1201 bytes)
C2 CompilerThread1    927  737  s!   4       jdk.internal.loader.URLClassPath::getLoader (194 bytes)

VM state:not at safepoint (normal execution)

VM Mutex/Monitor currently owned by a thread:  ([mutex/lock_event])
[0x00000169669bbdc0] CodeCache_lock - owner thread: 0x000001697f1c1800
[0x00000169669bae90] Compile_lock - owner thread: 0x000001697f1c1800
[0x00000169669bc1b0] MethodCompileQueue_lock - owner thread: 0x000001697f1c1800

Heap address: 0x0000000081e00000, size: 2018 MB, Compressed Oops mode: 32-bit
Narrow klass base: 0x0000000000000000, Narrow klass shift: 3
Compressed class space size: 1073741824 Address: 0x0000000100000000

Heap:
 garbage-first heap   total 131072K, used 6423K [0x0000000081e00000, 0x0000000100000000)
  region size 1024K, 4 young (4096K), 2 survivors (2048K)
 Metaspace       used 10670K, capacity 10916K, committed 11136K, reserved 1058816K
  class space    used 1012K, capacity 1098K, committed 1152K, reserved 1048576K
Heap Regions: E=young(eden), S=young(survivor), O=old, HS=humongous(starts), HC=humongous(continues), CS=collection set, F=free, A=archive, TAMS=top-at-mark-start (previous, next)
|   0|0x0000000081e00000, 0x0000000081f00000, 0x0000000081f00000|100%| O|  |TAMS 0x0000000081e00000, 0x0000000081e00000| Untracked 
|   1|0x0000000081f00000, 0x0000000082000000, 0x0000000082000000|100%| O|  |TAMS 0x0000000081f00000, 0x0000000081f00000| Untracked 
|   2|0x0000000082000000, 0x0000000082100000, 0x0000000082100000|100%| O|  |TAMS 0x0000000082000000, 0x0000000082000000| Untracked 
|   3|0x0000000082100000, 0x0000000082145c00, 0x0000000082200000| 27%| O|  |TAMS 0x0000000082100000, 0x0000000082100000| Untracked 
|   4|0x0000000082200000, 0x0000000082200000, 0x0000000082300000|  0%| F|  |TAMS 0x0000000082200000, 0x0000000082200000| Untracked 
|   5|0x0000000082300000, 0x0000000082300000, 0x0000000082400000|  0%| F|  |TAMS 0x0000000082300000, 0x0000000082300000| Untracked 
|   6|0x0000000082400000, 0x0000000082400000, 0x0000000082500000|  0%| F|  |TAMS 0x0000000082400000, 0x0000000082400000| Untracked 
|   7|0x0000000082500000, 0x0000000082500000, 0x0000000082600000|  0%| F|  |TAMS 0x0000000082500000, 0x0000000082500000| Untracked 
|   8|0x0000000082600000, 0x0000000082600000, 0x0000000082700000|  0%| F|  |TAMS 0x0000000082600000, 0x0000000082600000| Untracked 
|   9|0x0000000082700000, 0x0000000082700000, 0x0000000082800000|  0%| F|  |TAMS 0x0000000082700000, 0x0000000082700000| Untracked 
|  10|0x0000000082800000, 0x0000000082800000, 0x0000000082900000|  0%| F|  |TAMS 0x0000000082800000, 0x0000000082800000| Untracked 
|  11|0x0000000082900000, 0x0000000082900000, 0x0000000082a00000|  0%| F|  |TAMS 0x0000000082900000, 0x0000000082900000| Untracked 
|  12|0x0000000082a00000, 0x0000000082a00000, 0x0000000082b00000|  0%| F|  |TAMS 0x0000000082a00000, 0x0000000082a00000| Untracked 
|  13|0x0000000082b00000, 0x0000000082b00000, 0x0000000082c00000|  0%| F|  |TAMS 0x0000000082b00000, 0x0000000082b00000| Untracked 
|  14|0x0000000082c00000, 0x0000000082c00000, 0x0000000082d00000|  0%| F|  |TAMS 0x0000000082c00000, 0x0000000082c00000| Untracked 
|  15|0x0000000082d00000, 0x0000000082d00000, 0x0000000082e00000|  0%| F|  |TAMS 0x0000000082d00000, 0x0000000082d00000| Untracked 
|  16|0x0000000082e00000, 0x0000000082e00000, 0x0000000082f00000|  0%| F|  |TAMS 0x0000000082e00000, 0x0000000082e00000| Untracked 
|  17|0x0000000082f00000, 0x0000000082f00000, 0x0000000083000000|  0%| F|  |TAMS 0x0000000082f00000, 0x0000000082f00000| Untracked 
|  18|0x0000000083000000, 0x0000000083000000, 0x0000000083100000|  0%| F|  |TAMS 0x0000000083000000, 0x0000000083000000| Untracked 
|  19|0x0000000083100000, 0x0000000083100000, 0x0000000083200000|  0%| F|  |TAMS 0x0000000083100000, 0x0000000083100000| Untracked 
|  20|0x0000000083200000, 0x0000000083200000, 0x0000000083300000|  0%| F|  |TAMS 0x0000000083200000, 0x0000000083200000| Untracked 
|  21|0x0000000083300000, 0x0000000083300000, 0x0000000083400000|  0%| F|  |TAMS 0x0000000083300000, 0x0000000083300000| Untracked 
|  22|0x0000000083400000, 0x0000000083400000, 0x0000000083500000|  0%| F|  |TAMS 0x0000000083400000, 0x0000000083400000| Untracked 
|  23|0x0000000083500000, 0x0000000083500000, 0x0000000083600000|  0%| F|  |TAMS 0x0000000083500000, 0x0000000083500000| Untracked 
|  24|0x0000000083600000, 0x0000000083600000, 0x0000000083700000|  0%| F|  |TAMS 0x0000000083600000, 0x0000000083600000| Untracked 
|  25|0x0000000083700000, 0x0000000083700000, 0x0000000083800000|  0%| F|  |TAMS 0x0000000083700000, 0x0000000083700000| Untracked 
|  26|0x0000000083800000, 0x0000000083800000, 0x0000000083900000|  0%| F|  |TAMS 0x0000000083800000, 0x0000000083800000| Untracked 
|  27|0x0000000083900000, 0x0000000083900000, 0x0000000083a00000|  0%| F|  |TAMS 0x0000000083900000, 0x0000000083900000| Untracked 
|  28|0x0000000083a00000, 0x0000000083a00000, 0x0000000083b00000|  0%| F|  |TAMS 0x0000000083a00000, 0x0000000083a00000| Untracked 
|  29|0x0000000083b00000, 0x0000000083b00000, 0x0000000083c00000|  0%| F|  |TAMS 0x0000000083b00000, 0x0000000083b00000| Untracked 
|  30|0x0000000083c00000, 0x0000000083c00000, 0x0000000083d00000|  0%| F|  |TAMS 0x0000000083c00000, 0x0000000083c00000| Untracked 
|  31|0x0000000083d00000, 0x0000000083d00000, 0x0000000083e00000|  0%| F|  |TAMS 0x0000000083d00000, 0x0000000083d00000| Untracked 
|  32|0x0000000083e00000, 0x0000000083e00000, 0x0000000083f00000|  0%| F|  |TAMS 0x0000000083e00000, 0x0000000083e00000| Untracked 
|  33|0x0000000083f00000, 0x0000000083f00000, 0x0000000084000000|  0%| F|  |TAMS 0x0000000083f00000, 0x0000000083f00000| Untracked 
|  34|0x0000000084000000, 0x0000000084000000, 0x0000000084100000|  0%| F|  |TAMS 0x0000000084000000, 0x0000000084000000| Untracked 
|  35|0x0000000084100000, 0x0000000084100000, 0x0000000084200000|  0%| F|  |TAMS 0x0000000084100000, 0x0000000084100000| Untracked 
|  36|0x0000000084200000, 0x0000000084200000, 0x0000000084300000|  0%| F|  |TAMS 0x0000000084200000, 0x0000000084200000| Untracked 
|  37|0x0000000084300000, 0x0000000084300000, 0x0000000084400000|  0%| F|  |TAMS 0x0000000084300000, 0x0000000084300000| Untracked 
|  38|0x0000000084400000, 0x0000000084400000, 0x0000000084500000|  0%| F|  |TAMS 0x0000000084400000, 0x0000000084400000| Untracked 
|  39|0x0000000084500000, 0x0000000084500000, 0x0000000084600000|  0%| F|  |TAMS 0x0000000084500000, 0x0000000084500000| Untracked 
|  40|0x0000000084600000, 0x0000000084600000, 0x0000000084700000|  0%| F|  |TAMS 0x0000000084600000, 0x0000000084600000| Untracked 
|  41|0x0000000084700000, 0x0000000084700000, 0x0000000084800000|  0%| F|  |TAMS 0x0000000084700000, 0x0000000084700000| Untracked 
|  42|0x0000000084800000, 0x0000000084800000, 0x0000000084900000|  0%| F|  |TAMS 0x0000000084800000, 0x0000000084800000| Untracked 
|  43|0x0000000084900000, 0x0000000084900000, 0x0000000084a00000|  0%| F|  |TAMS 0x0000000084900000, 0x0000000084900000| Untracked 
|  44|0x0000000084a00000, 0x0000000084a00000, 0x0000000084b00000|  0%| F|  |TAMS 0x0000000084a00000, 0x0000000084a00000| Untracked 
|  45|0x0000000084b00000, 0x0000000084b00000, 0x0000000084c00000|  0%| F|  |TAMS 0x0000000084b00000, 0x0000000084b00000| Untracked 
|  46|0x0000000084c00000, 0x0000000084c00000, 0x0000000084d00000|  0%| F|  |TAMS 0x0000000084c00000, 0x0000000084c00000| Untracked 
|  47|0x0000000084d00000, 0x0000000084d00000, 0x0000000084e00000|  0%| F|  |TAMS 0x0000000084d00000, 0x0000000084d00000| Untracked 
|  48|0x0000000084e00000, 0x0000000084e00000, 0x0000000084f00000|  0%| F|  |TAMS 0x0000000084e00000, 0x0000000084e00000| Untracked 
|  49|0x0000000084f00000, 0x0000000084f00000, 0x0000000085000000|  0%| F|  |TAMS 0x0000000084f00000, 0x0000000084f00000| Untracked 
|  50|0x0000000085000000, 0x0000000085000000, 0x0000000085100000|  0%| F|  |TAMS 0x0000000085000000, 0x0000000085000000| Untracked 
|  51|0x0000000085100000, 0x0000000085100000, 0x0000000085200000|  0%| F|  |TAMS 0x0000000085100000, 0x0000000085100000| Untracked 
|  52|0x0000000085200000, 0x0000000085200000, 0x0000000085300000|  0%| F|  |TAMS 0x0000000085200000, 0x0000000085200000| Untracked 
|  53|0x0000000085300000, 0x0000000085300000, 0x0000000085400000|  0%| F|  |TAMS 0x0000000085300000, 0x0000000085300000| Untracked 
|  54|0x0000000085400000, 0x0000000085400000, 0x0000000085500000|  0%| F|  |TAMS 0x0000000085400000, 0x0000000085400000| Untracked 
|  55|0x0000000085500000, 0x0000000085500000, 0x0000000085600000|  0%| F|  |TAMS 0x0000000085500000, 0x0000000085500000| Untracked 
|  56|0x0000000085600000, 0x0000000085600000, 0x0000000085700000|  0%| F|  |TAMS 0x0000000085600000, 0x0000000085600000| Untracked 
|  57|0x0000000085700000, 0x0000000085700000, 0x0000000085800000|  0%| F|  |TAMS 0x0000000085700000, 0x0000000085700000| Untracked 
|  58|0x0000000085800000, 0x0000000085800000, 0x0000000085900000|  0%| F|  |TAMS 0x0000000085800000, 0x0000000085800000| Untracked 
|  59|0x0000000085900000, 0x0000000085900000, 0x0000000085a00000|  0%| F|  |TAMS 0x0000000085900000, 0x0000000085900000| Untracked 
|  60|0x0000000085a00000, 0x0000000085a00000, 0x0000000085b00000|  0%| F|  |TAMS 0x0000000085a00000, 0x0000000085a00000| Untracked 
|  61|0x0000000085b00000, 0x0000000085b00000, 0x0000000085c00000|  0%| F|  |TAMS 0x0000000085b00000, 0x0000000085b00000| Untracked 
|  62|0x0000000085c00000, 0x0000000085c00000, 0x0000000085d00000|  0%| F|  |TAMS 0x0000000085c00000, 0x0000000085c00000| Untracked 
|  63|0x0000000085d00000, 0x0000000085d00000, 0x0000000085e00000|  0%| F|  |TAMS 0x0000000085d00000, 0x0000000085d00000| Untracked 
|  64|0x0000000085e00000, 0x0000000085e00000, 0x0000000085f00000|  0%| F|  |TAMS 0x0000000085e00000, 0x0000000085e00000| Untracked 
|  65|0x0000000085f00000, 0x0000000085f00000, 0x0000000086000000|  0%| F|  |TAMS 0x0000000085f00000, 0x0000000085f00000| Untracked 
|  66|0x0000000086000000, 0x0000000086000000, 0x0000000086100000|  0%| F|  |TAMS 0x0000000086000000, 0x0000000086000000| Untracked 
|  67|0x0000000086100000, 0x0000000086100000, 0x0000000086200000|  0%| F|  |TAMS 0x0000000086100000, 0x0000000086100000| Untracked 
|  68|0x0000000086200000, 0x0000000086200000, 0x0000000086300000|  0%| F|  |TAMS 0x0000000086200000, 0x0000000086200000| Untracked 
|  69|0x0000000086300000, 0x0000000086300000, 0x0000000086400000|  0%| F|  |TAMS 0x0000000086300000, 0x0000000086300000| Untracked 
|  70|0x0000000086400000, 0x0000000086400000, 0x0000000086500000|  0%| F|  |TAMS 0x0000000086400000, 0x0000000086400000| Untracked 
|  71|0x0000000086500000, 0x0000000086500000, 0x0000000086600000|  0%| F|  |TAMS 0x0000000086500000, 0x0000000086500000| Untracked 
|  72|0x0000000086600000, 0x0000000086600000, 0x0000000086700000|  0%| F|  |TAMS 0x0000000086600000, 0x0000000086600000| Untracked 
|  73|0x0000000086700000, 0x0000000086700000, 0x0000000086800000|  0%| F|  |TAMS 0x0000000086700000, 0x0000000086700000| Untracked 
|  74|0x0000000086800000, 0x0000000086800000, 0x0000000086900000|  0%| F|  |TAMS 0x0000000086800000, 0x0000000086800000| Untracked 
|  75|0x0000000086900000, 0x0000000086900000, 0x0000000086a00000|  0%| F|  |TAMS 0x0000000086900000, 0x0000000086900000| Untracked 
|  76|0x0000000086a00000, 0x0000000086a00000, 0x0000000086b00000|  0%| F|  |TAMS 0x0000000086a00000, 0x0000000086a00000| Untracked 
|  77|0x0000000086b00000, 0x0000000086b00000, 0x0000000086c00000|  0%| F|  |TAMS 0x0000000086b00000, 0x0000000086b00000| Untracked 
|  78|0x0000000086c00000, 0x0000000086c00000, 0x0000000086d00000|  0%| F|  |TAMS 0x0000000086c00000, 0x0000000086c00000| Untracked 
|  79|0x0000000086d00000, 0x0000000086d00000, 0x0000000086e00000|  0%| F|  |TAMS 0x0000000086d00000, 0x0000000086d00000| Untracked 
|  80|0x0000000086e00000, 0x0000000086e00000, 0x0000000086f00000|  0%| F|  |TAMS 0x0000000086e00000, 0x0000000086e00000| Untracked 
|  81|0x0000000086f00000, 0x0000000086f00000, 0x0000000087000000|  0%| F|  |TAMS 0x0000000086f00000, 0x0000000086f00000| Untracked 
|  82|0x0000000087000000, 0x0000000087000000, 0x0000000087100000|  0%| F|  |TAMS 0x0000000087000000, 0x0000000087000000| Untracked 
|  83|0x0000000087100000, 0x0000000087100000, 0x0000000087200000|  0%| F|  |TAMS 0x0000000087100000, 0x0000000087100000| Untracked 
|  84|0x0000000087200000, 0x0000000087200000, 0x0000000087300000|  0%| F|  |TAMS 0x0000000087200000, 0x0000000087200000| Untracked 
|  85|0x0000000087300000, 0x0000000087300000, 0x0000000087400000|  0%| F|  |TAMS 0x0000000087300000, 0x0000000087300000| Untracked 
|  86|0x0000000087400000, 0x0000000087400000, 0x0000000087500000|  0%| F|  |TAMS 0x0000000087400000, 0x0000000087400000| Untracked 
|  87|0x0000000087500000, 0x0000000087500000, 0x0000000087600000|  0%| F|  |TAMS 0x0000000087500000, 0x0000000087500000| Untracked 
|  88|0x0000000087600000, 0x0000000087600000, 0x0000000087700000|  0%| F|  |TAMS 0x0000000087600000, 0x0000000087600000| Untracked 
|  89|0x0000000087700000, 0x0000000087700000, 0x0000000087800000|  0%| F|  |TAMS 0x0000000087700000, 0x0000000087700000| Untracked 
|  90|0x0000000087800000, 0x0000000087800000, 0x0000000087900000|  0%| F|  |TAMS 0x0000000087800000, 0x0000000087800000| Untracked 
|  91|0x0000000087900000, 0x0000000087900000, 0x0000000087a00000|  0%| F|  |TAMS 0x0000000087900000, 0x0000000087900000| Untracked 
|  92|0x0000000087a00000, 0x0000000087a00000, 0x0000000087b00000|  0%| F|  |TAMS 0x0000000087a00000, 0x0000000087a00000| Untracked 
|  93|0x0000000087b00000, 0x0000000087b00000, 0x0000000087c00000|  0%| F|  |TAMS 0x0000000087b00000, 0x0000000087b00000| Untracked 
|  94|0x0000000087c00000, 0x0000000087c00000, 0x0000000087d00000|  0%| F|  |TAMS 0x0000000087c00000, 0x0000000087c00000| Untracked 
|  95|0x0000000087d00000, 0x0000000087d00000, 0x0000000087e00000|  0%| F|  |TAMS 0x0000000087d00000, 0x0000000087d00000| Untracked 
|  96|0x0000000087e00000, 0x0000000087e00000, 0x0000000087f00000|  0%| F|  |TAMS 0x0000000087e00000, 0x0000000087e00000| Untracked 
|  97|0x0000000087f00000, 0x0000000087f00000, 0x0000000088000000|  0%| F|  |TAMS 0x0000000087f00000, 0x0000000087f00000| Untracked 
|  98|0x0000000088000000, 0x0000000088000000, 0x0000000088100000|  0%| F|  |TAMS 0x0000000088000000, 0x0000000088000000| Untracked 
|  99|0x0000000088100000, 0x0000000088100000, 0x0000000088200000|  0%| F|  |TAMS 0x0000000088100000, 0x0000000088100000| Untracked 
| 100|0x0000000088200000, 0x0000000088200000, 0x0000000088300000|  0%| F|  |TAMS 0x0000000088200000, 0x0000000088200000| Untracked 
| 101|0x0000000088300000, 0x0000000088300000, 0x0000000088400000|  0%| F|  |TAMS 0x0000000088300000, 0x0000000088300000| Untracked 
| 102|0x0000000088400000, 0x0000000088400000, 0x0000000088500000|  0%| F|  |TAMS 0x0000000088400000, 0x0000000088400000| Untracked 
| 103|0x0000000088500000, 0x0000000088500000, 0x0000000088600000|  0%| F|  |TAMS 0x0000000088500000, 0x0000000088500000| Untracked 
| 104|0x0000000088600000, 0x0000000088600000, 0x0000000088700000|  0%| F|  |TAMS 0x0000000088600000, 0x0000000088600000| Untracked 
| 105|0x0000000088700000, 0x0000000088700000, 0x0000000088800000|  0%| F|  |TAMS 0x0000000088700000, 0x0000000088700000| Untracked 
| 106|0x0000000088800000, 0x0000000088800000, 0x0000000088900000|  0%| F|  |TAMS 0x0000000088800000, 0x0000000088800000| Untracked 
| 107|0x0000000088900000, 0x0000000088900000, 0x0000000088a00000|  0%| F|  |TAMS 0x0000000088900000, 0x0000000088900000| Untracked 
| 108|0x0000000088a00000, 0x0000000088a00000, 0x0000000088b00000|  0%| F|  |TAMS 0x0000000088a00000, 0x0000000088a00000| Untracked 
| 109|0x0000000088b00000, 0x0000000088b00000, 0x0000000088c00000|  0%| F|  |TAMS 0x0000000088b00000, 0x0000000088b00000| Untracked 
| 110|0x0000000088c00000, 0x0000000088c00000, 0x0000000088d00000|  0%| F|  |TAMS 0x0000000088c00000, 0x0000000088c00000| Untracked 
| 111|0x0000000088d00000, 0x0000000088d00000, 0x0000000088e00000|  0%| F|  |TAMS 0x0000000088d00000, 0x0000000088d00000| Untracked 
| 112|0x0000000088e00000, 0x0000000088f00000, 0x0000000088f00000|100%| S|CS|TAMS 0x0000000088e00000, 0x0000000088e00000| Complete 
| 113|0x0000000088f00000, 0x0000000089000000, 0x0000000089000000|100%| S|CS|TAMS 0x0000000088f00000, 0x0000000088f00000| Complete 
| 114|0x0000000089000000, 0x0000000089000000, 0x0000000089100000|  0%| F|  |TAMS 0x0000000089000000, 0x0000000089000000| Untracked 
| 115|0x0000000089100000, 0x0000000089100000, 0x0000000089200000|  0%| F|  |TAMS 0x0000000089100000, 0x0000000089100000| Untracked 
| 116|0x0000000089200000, 0x0000000089200000, 0x0000000089300000|  0%| F|  |TAMS 0x0000000089200000, 0x0000000089200000| Untracked 
| 117|0x0000000089300000, 0x0000000089300000, 0x0000000089400000|  0%| F|  |TAMS 0x0000000089300000, 0x0000000089300000| Untracked 
| 118|0x0000000089400000, 0x0000000089400000, 0x0000000089500000|  0%| F|  |TAMS 0x0000000089400000, 0x0000000089400000| Untracked 
| 119|0x0000000089500000, 0x0000000089500000, 0x0000000089600000|  0%| F|  |TAMS 0x0000000089500000, 0x0000000089500000| Untracked 
| 120|0x0000000089600000, 0x0000000089600000, 0x0000000089700000|  0%| F|  |TAMS 0x0000000089600000, 0x0000000089600000| Untracked 
| 121|0x0000000089700000, 0x0000000089700000, 0x0000000089800000|  0%| F|  |TAMS 0x0000000089700000, 0x0000000089700000| Untracked 
| 122|0x0000000089800000, 0x0000000089800000, 0x0000000089900000|  0%| F|  |TAMS 0x0000000089800000, 0x0000000089800000| Untracked 
| 123|0x0000000089900000, 0x0000000089900000, 0x0000000089a00000|  0%| F|  |TAMS 0x0000000089900000, 0x0000000089900000| Untracked 
| 124|0x0000000089a00000, 0x0000000089a00000, 0x0000000089b00000|  0%| F|  |TAMS 0x0000000089a00000, 0x0000000089a00000| Untracked 
| 125|0x0000000089b00000, 0x0000000089b00000, 0x0000000089c00000|  0%| F|  |TAMS 0x0000000089b00000, 0x0000000089b00000| Untracked 
| 126|0x0000000089c00000, 0x0000000089d00000, 0x0000000089d00000|100%| E|  |TAMS 0x0000000089c00000, 0x0000000089c00000| Complete 
| 127|0x0000000089d00000, 0x0000000089e00000, 0x0000000089e00000|100%| E|CS|TAMS 0x0000000089d00000, 0x0000000089d00000| Complete 

Card table byte_map: [0x000001697e4b0000,0x000001697e8b0000] _byte_map_base: 0x000001697e0a1000

Marking Bits (Prev, Next): (CMBitMap*) 0x0000016966a01dd8, (CMBitMap*) 0x0000016966a01e10
 Prev Bits: [0x0000016900000000, 0x0000016901f88000)
 Next Bits: [0x0000016901f90000, 0x0000016903f18000)

Polling page: 0x00000169661a0000

Metaspace:

Usage:
  Non-class:      9.59 MB capacity,     9.43 MB ( 98%) used,   141.63 KB (  1%) free+waste,    18.31 KB ( <1%) overhead. 
      Class:      1.07 MB capacity,  1012.42 KB ( 92%) used,    76.33 KB (  7%) free+waste,     9.25 KB ( <1%) overhead. 
       Both:     10.66 MB capacity,    10.42 MB ( 98%) used,   217.96 KB (  2%) free+waste,    27.56 KB ( <1%) overhead. 

Virtual space:
  Non-class space:       10.00 MB reserved,       9.75 MB ( 98%) committed 
      Class space:        1.00 GB reserved,       1.13 MB ( <1%) committed 
             Both:        1.01 GB reserved,      10.88 MB (  1%) committed 

Chunk freelists:
   Non-Class:  0 bytes
       Class:  22.00 KB
        Both:  22.00 KB

MaxMetaspaceSize: 17179869184.00 GB
CompressedClassSpaceSize: 1.00 GB

CodeHeap 'non-profiled nmethods': size=120064Kb used=228Kb max_used=228Kb free=119835Kb
 bounds [0x0000016976b70000, 0x0000016976de0000, 0x000001697e0b0000]
CodeHeap 'profiled nmethods': size=120000Kb used=1250Kb max_used=1250Kb free=118749Kb
 bounds [0x000001696f640000, 0x000001696f8b0000, 0x0000016976b70000]
CodeHeap 'non-nmethods': size=5696Kb used=1080Kb max_used=1093Kb free=4616Kb
 bounds [0x000001696f0b0000, 0x000001696f320000, 0x000001696f640000]
 total_blobs=1121 nmethods=735 adapters=297
 compilation: enabled
              stopped_count=0, restarted_count=0
 full_count=0

Compilation events (20 events):
Event: 0.575 Thread 0x000001697f1c1800  725       3       java.lang.String::indexOf (18 bytes)
Event: 0.575 Thread 0x000001697f1c1800 nmethod 725 0x000001696f75e090 code [0x000001696f75e260, 0x000001696f75e528]
Event: 0.578 Thread 0x000001697f1ba800 nmethod 724 0x0000016976ba7690 code [0x0000016976ba7860, 0x0000016976ba7ff8]
Event: 0.588 Thread 0x000001697f1c1800  726   !   3       jdk.internal.ref.PhantomCleanable::remove (60 bytes)
Event: 0.589 Thread 0x000001697f1c1800 nmethod 726 0x000001696f75e690 code [0x000001696f75e860, 0x000001696f75ed18]
Event: 0.589 Thread 0x000001697f1c1800  727       3       java.lang.ref.Reference::clear (6 bytes)
Event: 0.589 Thread 0x000001697f1c1800 nmethod 727 0x000001696f75ef10 code [0x000001696f75f0c0, 0x000001696f75f1d8]
Event: 0.591 Thread 0x000001697f1c1800  728   !   3       java.net.URL::<init> (543 bytes)
Event: 0.595 Thread 0x000001697f1c1800 nmethod 728 0x000001696f75f290 code [0x000001696f75f980, 0x000001696f7637a8]
Event: 0.595 Thread 0x000001697f1c1800  729       3       java.lang.String::concat (115 bytes)
Event: 0.595 Thread 0x000001697f1c1800 nmethod 729 0x000001696f765b10 code [0x000001696f765da0, 0x000001696f766a28]
Event: 0.596 Thread 0x000001697f1c1800  730       3       java.util.LinkedHashMap::get (33 bytes)
Event: 0.596 Thread 0x000001697f1c1800 nmethod 730 0x000001696f766e90 code [0x000001696f767080, 0x000001696f7674a8]
Event: 0.598 Thread 0x000001697f1c1800  731       3       sun.net.www.protocol.file.Handler::parseURL (18 bytes)
Event: 0.598 Thread 0x000001697f1c1800 nmethod 731 0x000001696f767610 code [0x000001696f7677e0, 0x000001696f767978]
Event: 0.598 Thread 0x000001697f1c1800  732       3       java.net.URLStreamHandler::parseURL (1201 bytes)
Event: 0.604 Thread 0x0000016905f61800  737  s!   4       jdk.internal.loader.URLClassPath::getLoader (194 bytes)
Event: 0.606 Thread 0x000001697f1ba800  738   !   4       jdk.internal.loader.URLClassPath$JarLoader::ensureOpen (36 bytes)
Event: 0.607 Thread 0x000001697f1ba800 nmethod 738 0x0000016976ba8610 code [0x0000016976ba87c0, 0x0000016976ba88e8]
Event: 0.609 Thread 0x000001697f1ba800  739       4       java.util.jar.JarFile::getEntry (22 bytes)

GC Heap History (2 events):
Event: 0.580 GC heap before
{Heap before GC invocations=0 (full 0):
 garbage-first heap   total 131072K, used 13312K [0x0000000081e00000, 0x0000000100000000)
  region size 1024K, 14 young (14336K), 0 survivors (0K)
 Metaspace       used 10520K, capacity 10778K, committed 10880K, reserved 1058816K
  class space    used 986K, capacity 1051K, committed 1152K, reserved 1048576K
}
Event: 0.588 GC heap after
{Heap after GC invocations=1 (full 0):
 garbage-first heap   total 131072K, used 5399K [0x0000000081e00000, 0x0000000100000000)
  region size 1024K, 2 young (2048K), 2 survivors (2048K)
 Metaspace       used 10520K, capacity 10778K, committed 10880K, reserved 1058816K
  class space    used 986K, capacity 1051K, committed 1152K, reserved 1048576K
}

Deoptimization events (20 events):
Event: 0.450 Thread 0x00000169669be800 DEOPT PACKING pc=0x000001696f6e5522 sp=0x0000000ad89fd820
Event: 0.450 Thread 0x00000169669be800 DEOPT UNPACKING pc=0x000001696f0d72ce sp=0x0000000ad89fcc88 mode 0
Event: 0.450 Thread 0x00000169669be800 DEOPT PACKING pc=0x000001696f6bd838 sp=0x0000000ad89fd790
Event: 0.450 Thread 0x00000169669be800 DEOPT UNPACKING pc=0x000001696f0d72ce sp=0x0000000ad89fcbe8 mode 0
Event: 0.469 Thread 0x00000169669be800 DEOPT PACKING pc=0x000001696f66f250 sp=0x0000000ad89fd780
Event: 0.469 Thread 0x00000169669be800 DEOPT UNPACKING pc=0x000001696f0d72ce sp=0x0000000ad89fcc08 mode 0
Event: 0.469 Thread 0x00000169669be800 DEOPT PACKING pc=0x000001696f66f250 sp=0x0000000ad89fd980
Event: 0.469 Thread 0x00000169669be800 DEOPT UNPACKING pc=0x000001696f0d72ce sp=0x0000000ad89fce08 mode 0
Event: 0.470 Thread 0x00000169669be800 DEOPT PACKING pc=0x000001696f66f250 sp=0x0000000ad89fda80
Event: 0.470 Thread 0x00000169669be800 DEOPT UNPACKING pc=0x000001696f0d72ce sp=0x0000000ad89fcf08 mode 0
Event: 0.471 Thread 0x00000169669be800 DEOPT PACKING pc=0x000001696f66f250 sp=0x0000000ad89fd450
Event: 0.471 Thread 0x00000169669be800 DEOPT UNPACKING pc=0x000001696f0d72ce sp=0x0000000ad89fc8d8 mode 0
Event: 0.503 Thread 0x00000169669be800 DEOPT PACKING pc=0x000001696f65e962 sp=0x0000000ad89fd820
Event: 0.503 Thread 0x00000169669be800 DEOPT UNPACKING pc=0x000001696f0d72ce sp=0x0000000ad89fccb0 mode 0
Event: 0.507 Thread 0x00000169669be800 Uncommon trap: trap_request=0xffffff4d fr.pc=0x0000016976b8b280 relative=0x0000000000000060
Event: 0.507 Thread 0x00000169669be800 Uncommon trap: reason=unstable_if action=reinterpret pc=0x0000016976b8b280 method=java.io.WinNTFileSystem.isSlash(C)Z @ 9 c2
Event: 0.507 Thread 0x00000169669be800 DEOPT PACKING pc=0x0000016976b8b280 sp=0x0000000ad89fe100
Event: 0.507 Thread 0x00000169669be800 DEOPT UNPACKING pc=0x000001696f0d74af sp=0x0000000ad89fe088 mode 2
Event: 0.555 Thread 0x00000169669be800 DEOPT PACKING pc=0x000001696f6cd17f sp=0x0000000ad89fd9e0
Event: 0.555 Thread 0x00000169669be800 DEOPT UNPACKING pc=0x000001696f0d72ce sp=0x0000000ad89fce30 mode 0

Classes redefined (0 events):
No events

Internal exceptions (10 events):
Event: 0.236 Thread 0x00000169669be800 Exception <a 'java/lang/NoSuchMethodError'{0x0000000089a04cd0}: 'java.lang.Object java.lang.invoke.DirectMethodHandle$Holder.invokeStaticInit(java.lang.Object, java.lang.Object, java.lang.Object)'> (0x0000000089a04cd0) thrown at [./src/hotspot/share/interpreter/linkResolver.cpp, line 773]
Event: 0.412 Thread 0x0000016905f28800 Exception <a 'java/lang/NoSuchMethodError'{0x00000000899ca158}: 'void java.lang.invoke.DirectMethodHandle$Holder.invokeStatic(java.lang.Object, long)'> (0x00000000899ca158) thrown at [./src/hotspot/share/interpreter/linkResolver.cpp, line 773]
Event: 0.413 Thread 0x0000016905f28800 Exception <a 'java/lang/NoSuchMethodError'{0x00000000899cf100}: 'java.lang.Object java.lang.invoke.DirectMethodHandle$Holder.invokeStatic(java.lang.Object, long)'> (0x00000000899cf100) thrown at [./src/hotspot/share/interpreter/linkResolver.cpp, line 773]
Event: 0.415 Thread 0x0000016905f28800 Exception <a 'java/lang/NoSuchMethodError'{0x00000000894a40c0}: 'java.lang.Object java.lang.invoke.DirectMethodHandle$Holder.invokeStaticInit(java.lang.Object, java.lang.Object, long, java.lang.Object)'> (0x00000000894a40c0) thrown at [./src/hotspot/share/interpreter/linkResolver.cpp, line 773]
Event: 0.415 Thread 0x0000016905f28800 Exception <a 'java/lang/NoSuchMethodError'{0x00000000894a9fe8}: 'java.lang.Object java.lang.invoke.DirectMethodHandle$Holder.invokeStatic(java.lang.Object, java.lang.Object, long)'> (0x00000000894a9fe8) thrown at [./src/hotspot/share/interpreter/linkResolver.cpp, line 773]
Event: 0.416 Thread 0x0000016905f28800 Exception <a 'java/lang/NoSuchMethodError'{0x00000000894b02b8}: 'java.lang.Object java.lang.invoke.Invokers$Holder.linkToTargetMethod(java.lang.Object, long, java.lang.Object)'> (0x00000000894b02b8) thrown at [./src/hotspot/share/interpreter/linkResolver.cpp, line 773]
Event: 0.422 Thread 0x0000016905f28800 Exception <a 'java/lang/NoSuchMethodError'{0x00000000894c8338}: 'int java.lang.invoke.DirectMethodHandle$Holder.invokeSpecialIFC(java.lang.Object, java.lang.Object, int)'> (0x00000000894c8338) thrown at [./src/hotspot/share/interpreter/linkResolver.cpp, line 773]
Event: 0.559 Thread 0x00000169669be800 Exception <a 'java/lang/NoSuchMethodError'{0x00000000890512b0}: 'int java.lang.invoke.DirectMethodHandle$Holder.invokeVirtual(java.lang.Object, java.lang.Object)'> (0x00000000890512b0) thrown at [./src/hotspot/share/interpreter/linkResolver.cpp, line 773]
Event: 0.565 Thread 0x00000169669be800 Exception <a 'java/lang/NoSuchMethodError'{0x0000000089079b50}: 'java.lang.Object java.lang.invoke.DirectMethodHandle$Holder.invokeStaticInit(java.lang.Object, int)'> (0x0000000089079b50) thrown at [./src/hotspot/share/interpreter/linkResolver.cpp, line 773]
Event: 0.600 Thread 0x00000169669be800 Exception <a 'java/lang/NoSuchMethodError'{0x0000000089dbdaf8}: 'int java.lang.invoke.DirectMethodHandle$Holder.invokeSpecialIFC(java.lang.Object, java.lang.Object, java.lang.Object, java.lang.Object)'> (0x0000000089dbdaf8) thrown at [./src/hotspot/share/interpreter/linkResolver.cpp, line 773]

Events (20 events):
Event: 0.605 loading class org/junit/platform/engine/DiscoveryFilter
Event: 0.605 loading class org/junit/platform/engine/DiscoveryFilter done
Event: 0.605 loading class org/junit/platform/engine/DiscoveryFilter
Event: 0.605 loading class org/junit/platform/engine/DiscoveryFilter done
Event: 0.605 loading class org/junit/platform/engine/discovery/PackageNameFilter
Event: 0.605 loading class org/junit/platform/engine/discovery/PackageNameFilter done
Event: 0.608 loading class org/junit/platform/engine/CompositeFilter
Event: 0.608 loading class org/junit/platform/engine/CompositeFilter done
Event: 0.609 loading class org/junit/platform/engine/CompositeFilter$1
Event: 0.609 loading class org/junit/platform/engine/CompositeFilter$1 done
Event: 0.610 loading class org/junit/platform/engine/support/discovery/EngineDiscoveryRequestResolver$InitializationContext
Event: 0.610 loading class org/junit/platform/engine/support/discovery/EngineDiscoveryRequestResolver$InitializationContext done
Event: 0.610 loading class org/junit/platform/engine/support/discovery/EngineDiscoveryRequestResolver$InitializationContext
Event: 0.610 loading class org/junit/platform/engine/support/discovery/EngineDiscoveryRequestResolver$InitializationContext done
Event: 0.611 loading class org/junit/platform/engine/support/discovery/ClassContainerSelectorResolver
Event: 0.611 loading class org/junit/platform/engine/support/discovery/ClassContainerSelectorResolver done
Event: 0.613 loading class org/junit/jupiter/engine/discovery/ClassSelectorResolver
Event: 0.613 loading class org/junit/jupiter/engine/discovery/ClassSelectorResolver done
Event: 0.630 loading class jdk/internal/vm/VMSupport
Event: 0.630 loading class jdk/internal/vm/VMSupport done


Dynamic libraries:
0x00007ff666a50000 - 0x00007ff666a5d000 	C:\Program Files\AdoptOpenJDK\jdk-11.0.9.101-hotspot\bin\java.exe
0x00007ff8e8190000 - 0x00007ff8e8386000 	C:\WINDOWS\SYSTEM32\ntdll.dll
0x00007ff8e7fc0000 - 0x00007ff8e807d000 	C:\WINDOWS\System32\KERNEL32.DLL
0x00007ff8e5e70000 - 0x00007ff8e6139000 	C:\WINDOWS\System32\KERNELBASE.dll
0x00007ff8e5a20000 - 0x00007ff8e5b20000 	C:\WINDOWS\System32\ucrtbase.dll
0x00007ff8c07a0000 - 0x00007ff8c07b7000 	C:\Program Files\AdoptOpenJDK\jdk-11.0.9.101-hotspot\bin\jli.dll
0x00007ff8e6b10000 - 0x00007ff8e6cb0000 	C:\WINDOWS\System32\USER32.dll
0x00007ff8beaf0000 - 0x00007ff8beb05000 	C:\Program Files\AdoptOpenJDK\jdk-11.0.9.101-hotspot\bin\VCRUNTIME140.dll
0x00007ff8e5e40000 - 0x00007ff8e5e62000 	C:\WINDOWS\System32\win32u.dll
0x00007ff8c9680000 - 0x00007ff8c991b000 	C:\WINDOWS\WinSxS\amd64_microsoft.windows.common-controls_6595b64144ccf1df_6.0.19041.488_none_ca04af081b815d21\COMCTL32.dll
0x00007ff8e8120000 - 0x00007ff8e814a000 	C:\WINDOWS\System32\GDI32.dll
0x00007ff8e8080000 - 0x00007ff8e811e000 	C:\WINDOWS\System32\msvcrt.dll
0x00007ff8e5c80000 - 0x00007ff8e5d89000 	C:\WINDOWS\System32\gdi32full.dll
0x00007ff8e58d0000 - 0x00007ff8e596d000 	C:\WINDOWS\System32\msvcp_win.dll
0x00007ff8e63a0000 - 0x00007ff8e63d0000 	C:\WINDOWS\System32\IMM32.DLL
0x00007ff8bea50000 - 0x00007ff8beaeb000 	C:\Program Files\AdoptOpenJDK\jdk-11.0.9.101-hotspot\bin\msvcp140.dll
0x00007ff861b00000 - 0x00007ff862643000 	C:\Program Files\AdoptOpenJDK\jdk-11.0.9.101-hotspot\bin\server\jvm.dll
0x00007ff8e79d0000 - 0x00007ff8e7a7c000 	C:\WINDOWS\System32\ADVAPI32.dll
0x00007ff8e7810000 - 0x00007ff8e78ac000 	C:\WINDOWS\System32\sechost.dll
0x00007ff8e65c0000 - 0x00007ff8e66eb000 	C:\WINDOWS\System32\RPCRT4.dll
0x00007ff8e6db0000 - 0x00007ff8e6db8000 	C:\WINDOWS\System32\PSAPI.DLL
0x00007ff8ca370000 - 0x00007ff8ca379000 	C:\WINDOWS\SYSTEM32\WSOCK32.dll
0x00007ff8dd2f0000 - 0x00007ff8dd2fa000 	C:\WINDOWS\SYSTEM32\VERSION.dll
0x00007ff8cc620000 - 0x00007ff8cc647000 	C:\WINDOWS\SYSTEM32\WINMM.dll
0x00007ff8e6cc0000 - 0x00007ff8e6d2b000 	C:\WINDOWS\System32\WS2_32.dll
0x00007ff8e36f0000 - 0x00007ff8e3702000 	C:\WINDOWS\SYSTEM32\kernel.appcore.dll
0x00007ff8e32a0000 - 0x00007ff8e32b0000 	C:\Program Files\AdoptOpenJDK\jdk-11.0.9.101-hotspot\bin\verify.dll
0x00007ff8d20a0000 - 0x00007ff8d2284000 	C:\WINDOWS\SYSTEM32\DBGHELP.DLL
0x00007ff8d0930000 - 0x00007ff8d095c000 	C:\WINDOWS\SYSTEM32\dbgcore.DLL
0x00007ff8e5dc0000 - 0x00007ff8e5e40000 	C:\WINDOWS\System32\bcryptPrimitives.dll
0x00007ff8c87e0000 - 0x00007ff8c8808000 	C:\Program Files\AdoptOpenJDK\jdk-11.0.9.101-hotspot\bin\java.dll
0x00007ff8d0470000 - 0x00007ff8d047a000 	C:\Program Files\AdoptOpenJDK\jdk-11.0.9.101-hotspot\bin\jimage.dll
0x00007ff8be500000 - 0x00007ff8be517000 	C:\Program Files\AdoptOpenJDK\jdk-11.0.9.101-hotspot\bin\zip.dll
0x00007ff8e6e30000 - 0x00007ff8e7572000 	C:\WINDOWS\System32\SHELL32.dll
0x00007ff8e3a00000 - 0x00007ff8e4195000 	C:\WINDOWS\SYSTEM32\windows.storage.dll
0x00007ff8e6750000 - 0x00007ff8e6aa6000 	C:\WINDOWS\System32\combase.dll
0x00007ff8e5200000 - 0x00007ff8e522c000 	C:\WINDOWS\SYSTEM32\Wldp.dll
0x00007ff8e6480000 - 0x00007ff8e652e000 	C:\WINDOWS\System32\SHCORE.dll
0x00007ff8e6d30000 - 0x00007ff8e6d85000 	C:\WINDOWS\System32\shlwapi.dll
0x00007ff8e5800000 - 0x00007ff8e5826000 	C:\WINDOWS\SYSTEM32\profapi.dll
0x00007ff8be480000 - 0x00007ff8be499000 	C:\Program Files\AdoptOpenJDK\jdk-11.0.9.101-hotspot\bin\net.dll
0x00007ff8dfdb0000 - 0x00007ff8dfeb0000 	C:\WINDOWS\SYSTEM32\WINHTTP.dll
0x00007ff8e4f90000 - 0x00007ff8e4ffa000 	C:\WINDOWS\system32\mswsock.dll
0x00007ff8be460000 - 0x00007ff8be472000 	C:\Program Files\AdoptOpenJDK\jdk-11.0.9.101-hotspot\bin\nio.dll
0x00007ff8c0790000 - 0x00007ff8c0799000 	C:\Program Files\AdoptOpenJDK\jdk-11.0.9.101-hotspot\bin\management.dll
0x00007ff8bea40000 - 0x00007ff8bea4b000 	C:\Program Files\AdoptOpenJDK\jdk-11.0.9.101-hotspot\bin\management_ext.dll

dbghelp: loaded successfully - version: 4.0.5 - missing functions: none
symbol engine: initialized successfully - sym options: 0x614 - pdb path: .;C:\Program Files\AdoptOpenJDK\jdk-11.0.9.101-hotspot\bin;C:\WINDOWS\SYSTEM32;C:\WINDOWS\WinSxS\amd64_microsoft.windows.common-controls_6595b64144ccf1df_6.0.19041.488_none_ca04af081b815d21;C:\Program Files\AdoptOpenJDK\jdk-11.0.9.101-hotspot\bin\server

VM Arguments:
java_command: C:\Users\h013026\AppData\Local\Temp\surefire13593321114089962774\surefirebooter2748429470366585701.jar C:\Users\h013026\AppData\Local\Temp\surefire13593321114089962774 2022-12-19T17-21-34_635-jvmRun1 surefire11015349172893972585tmp surefire_01544110530748884518tmp
java_class_path (initial): C:\Users\h013026\AppData\Local\Temp\surefire13593321114089962774\surefirebooter2748429470366585701.jar
Launcher Type: SUN_STANDARD

[Global flags]
     intx CICompilerCount                          = 3                                         {product} {ergonomic}
     uint ConcGCThreads                            = 1                                         {product} {ergonomic}
     uint G1ConcRefinementThreads                  = 4                                         {product} {ergonomic}
   size_t G1HeapRegionSize                         = 1048576                                   {product} {ergonomic}
    uintx GCDrainStackTargetSize                   = 64                                        {product} {ergonomic}
   size_t InitialHeapSize                          = 134217728                                 {product} {ergonomic}
   size_t MarkStackSize                            = 4194304                                   {product} {ergonomic}
   size_t MaxHeapSize                              = 2116026368                                {product} {ergonomic}
   size_t MaxNewSize                               = 1268776960                                {product} {ergonomic}
   size_t MinHeapDeltaBytes                        = 1048576                                   {product} {ergonomic}
    uintx NonNMethodCodeHeapSize                   = 5830732                                {pd product} {ergonomic}
    uintx NonProfiledCodeHeapSize                  = 122913754                              {pd product} {ergonomic}
    uintx ProfiledCodeHeapSize                     = 122913754                              {pd product} {ergonomic}
    uintx ReservedCodeCacheSize                    = 251658240                              {pd product} {ergonomic}
     bool SegmentedCodeCache                       = true                                      {product} {ergonomic}
     bool UseCompressedClassPointers               = true                                 {lp64_product} {ergonomic}
     bool UseCompressedOops                        = true                                 {lp64_product} {ergonomic}
     bool UseG1GC                                  = true                                      {product} {ergonomic}
     bool UseLargePagesIndividualAllocation        = false                                  {pd product} {ergonomic}

Logging:
Log output configuration:
 #0: stdout all=warning uptime,level,tags
 #1: stderr all=off uptime,level,tags

Environment Variables:
JAVA_HOME=C:\Program Files\AdoptOpenJDK\jdk-11.0.9.101-hotspot\
PATH=C:\Python311\Scripts\;C:\Python311\;C:\Program Files\AdoptOpenJDK\jdk-11.0.9.101-hotspot\bin;C:\Program Files (x86)\Common Files\Oracle\Java\javapath;C:\Program Files\Microsoft MPI\Bin\;C:\ProgramData\Oracle\Java\javapath;C:\Windows\system32;C:\Windows;C:\Windows\System32\Wbem;C:\Windows\System32\WindowsPowerShell\v1.0\;C:\Program Files\SourceGear\Common\DiffMerge\;C:\Program Files\Microsoft SQL Server\130\Tools\Binn\;C:\Program Files\PostgreSQL\10\bin;C:\Program Files\PostgreSQL\10\lib;C:\Program Files\Microsoft VS Code\bin;C:\Program Files\MongoDB\Server\4.0\bin;C:\Program Files\RStudio\bin;C:\Program Files\R\R-3.5.3\bin;C:\ProgramData\chocolatey\bin;C:\Program Files (x86)\vim\vim80;C:\apache-maven-3.6.3\bin;C:\Program Files\Java\jdk1.8.0_241\bin;C:\Program Files (x86)\Microsoft SQL Server\100\Tools\Binn\;C:\Program Files\Microsoft SQL Server\100\Tools\Binn\;C:\Program Files\Microsoft SQL Server\100\DTS\Binn\;C:\Program Files (x86)\Microsoft SQL Server\100\Tools\Binn\VSShell\Common7\IDE\;C:\Program Files (x86)\Microsoft SQL Server\100\DTS\Binn\;C:\Program Files (x86)\Microsoft Visual Studio 9.0\Common7\IDE\PrivateAssemblies\;C:\WINDOWS\system32;C:\WINDOWS;C:\WINDOWS\System32\Wbem;C:\WINDOWS\System32\WindowsPowerShell\v1.0\;C:\WINDOWS\System32\OpenSSH\;c:\Program Files (x86)\Microsoft SQL Server\110\Tools\Binn\;c:\Program Files\Microsoft SQL Server\110\Tools\Binn\;c:\Program Files\Microsoft SQL Server\110\DTS\Binn\;C:\Users\h013026\Anaconda3\Scripts;C:\Program Files\Microsoft SQL Server\Client SDK\ODBC\170\Tools\Binn\;C:\Users\h013026\.sdkman\bin;C:\flyway-8.0.0-beta3;C:\Program Files\PuTTY\;C:\Program Files\GitHub CLI\;C:\Program Files (x86)\Microsoft SQL Server\150\DTS\Binn\;C:\Program Files\Azure Data Studio\bin;C:\Program Files\dotnet\;C:\Program Files\nodejs\;C:\Program Files\Microsoft SQL Server\150\Tools\Binn\;C:\Program Files\Git\cmd;%C:\Program Files (x86)\Common Files\Oracle\Java\javapath;C:\Program Files\Microsoft MPI\Bin\;C:\ProgramData\Oracle\Java\ja
USERNAME=h013026
DISPLAY=needs-to-be-defined
OS=Windows_NT
PROCESSOR_IDENTIFIER=Intel64 Family 6 Model 94 Stepping 3, GenuineIntel



---------------  S Y S T E M  ---------------

OS: Windows 10 , 64 bit Build 19041 (10.0.19041.662)
OS uptime: 0 days 6:24 hours
HyperV virtualization detected

CPU:total 4 (initial active 4) (4 cores per cpu, 1 threads per core) family 6 model 94 stepping 3, cmov, cx8, fxsr, mmx, sse, sse2, sse3, ssse3, sse4.1, sse4.2, popcnt, avx, avx2, aes, clmul, erms, rtm, 3dnowpref, lzcnt, tsc, tscinvbit, bmi1, bmi2, adx, fma

Memory: 4k page, system-wide physical 8071M (1111M free)
TotalPageFile size 9975M (AvailPageFile size 9M)
current process WorkingSet (physical memory assigned to process): 70M, peak: 71M
current process commit charge ("private bytes"): 215M, peak: 215M

vm_info: OpenJDK 64-Bit Server VM (11.0.9.1+1) for windows-amd64 JRE (11.0.9.1+1), built on Nov 10 2020 15:18:49 by "" with MS VC++ 15.9 (VS2017)

END.
